Log file open, 04/28/20 18:33:57
LogWindows: Failed to load 'aqProf.dll' (GetLastError=126)
LogWindows: File 'aqProf.dll' does not exist
LogWindows: Failed to load 'VtuneApi.dll' (GetLastError=126)
LogWindows: File 'VtuneApi.dll' does not exist
LogWindows: Failed to load 'VtuneApi32e.dll' (GetLastError=126)
LogWindows: File 'VtuneApi32e.dll' does not exist
LogConsoleResponse: Display: Failed to find resolution value strings in scalability ini. Falling back to default.
LogInit: Display: Running engine for game: Survive
LogPlatformFile: Not using cached read wrapper
LogTaskGraph: Started task graph with 5 named threads and 35 total threads with 3 sets of task threads.
LogStats: Stats thread started at 0.181764
LogD3D11RHI: Loaded GFSDK_Aftermath_Lib.x64.dll
LogICUInternationalization: ICU TimeZone Detection - Raw Offset: +8:00, Platform Override: ''
LogPluginManager: Mounting plugin Paper2D
LogPluginManager: Mounting plugin AISupport
LogPluginManager: Mounting plugin LightPropagationVolume
LogPluginManager: Mounting plugin ActorLayerUtilities
LogPluginManager: Mounting plugin AnimationSharing
LogPluginManager: Mounting plugin CLionSourceCodeAccess
LogPluginManager: Mounting plugin CodeLiteSourceCodeAccess
LogPluginManager: Mounting plugin GitSourceControl
LogPluginManager: Mounting plugin KDevelopSourceCodeAccess
LogPluginManager: Mounting plugin NullSourceCodeAccess
LogPluginManager: Mounting plugin PerforceSourceControl
LogPluginManager: Mounting plugin PlasticSourceControl
LogPluginManager: Mounting plugin SubversionSourceControl
LogPluginManager: Mounting plugin UObjectPlugin
LogPluginManager: Mounting plugin VisualStudioCodeSourceCodeAccess
LogPluginManager: Mounting plugin VisualStudioSourceCodeAccess
LogPluginManager: Mounting plugin XCodeSourceCodeAccess
LogPluginManager: Mounting plugin AssetManagerEditor
LogPluginManager: Mounting plugin CryptoKeys
LogPluginManager: Mounting plugin CurveEditorTools
LogPluginManager: Mounting plugin DataValidation
LogPluginManager: Mounting plugin FacialAnimation
LogPluginManager: Mounting plugin GameplayTagsEditor
LogPluginManager: Mounting plugin MacGraphicsSwitching
LogPluginManager: Mounting plugin MaterialAnalyzer
LogPluginManager: Mounting plugin MobileLauncherProfileWizard
LogPluginManager: Mounting plugin PluginBrowser
LogPluginManager: Mounting plugin SpeedTreeImporter
LogPluginManager: Mounting plugin DatasmithContent
LogPluginManager: Mounting plugin VariantManagerContent
LogPluginManager: Mounting plugin AlembicImporter
LogPluginManager: Mounting plugin AutomationUtils
LogPluginManager: Mounting plugin BackChannel
LogPluginManager: Mounting plugin CharacterAI
LogPluginManager: Mounting plugin GeometryCache
LogPluginManager: Mounting plugin PlatformCrypto
LogPluginManager: Mounting plugin ProxyLODPlugin
LogPluginManager: Mounting plugin SkeletalReduction
LogPluginManager: Mounting plugin MagicLeap
LogPluginManager: Mounting plugin MagicLeapMedia
LogPluginManager: Mounting plugin MLSDK
LogPluginManager: Mounting plugin AndroidMedia
LogPluginManager: Mounting plugin AvfMedia
LogPluginManager: Mounting plugin ImgMedia
LogPluginManager: Mounting plugin MediaCompositing
LogPluginManager: Mounting plugin MediaPlayerEditor
LogPluginManager: Mounting plugin WebMMedia
LogPluginManager: Mounting plugin WmfMedia
LogPluginManager: Mounting plugin TcpMessaging
LogPluginManager: Mounting plugin UdpMessaging
LogPluginManager: Mounting plugin ActorSequence
LogPluginManager: Mounting plugin LevelSequenceEditor
LogPluginManager: Mounting plugin MatineeToLevelSequence
LogPluginManager: Mounting plugin NetcodeUnitTest
LogPluginManager: Mounting plugin NUTUnrealEngine4
LogPluginManager: Mounting plugin OnlineSubsystemGooglePlay
LogPluginManager: Mounting plugin OnlineSubsystemIOS
LogPluginManager: Mounting plugin OnlineSubsystem
LogPluginManager: Mounting plugin OnlineSubsystemNull
LogPluginManager: Mounting plugin OnlineSubsystemUtils
LogPluginManager: Mounting plugin LauncherChunkInstaller
LogPluginManager: Mounting plugin AndroidDeviceProfileSelector
LogPluginManager: Mounting plugin AndroidMoviePlayer
LogPluginManager: Mounting plugin AndroidPermission
LogPluginManager: Mounting plugin AppleImageUtils
LogPluginManager: Mounting plugin AppleMoviePlayer
LogPluginManager: Mounting plugin ArchVisCharacter
LogPluginManager: Mounting plugin AssetTags
LogPluginManager: Mounting plugin AudioCapture
LogPluginManager: Mounting plugin CableComponent
LogPluginManager: Mounting plugin CustomMeshComponent
LogPluginManager: Mounting plugin EditableMesh
LogPluginManager: Mounting plugin ExampleDeviceProfileSelector
LogPluginManager: Mounting plugin GoogleCloudMessaging
LogPluginManager: Mounting plugin IOSDeviceProfileSelector
LogPluginManager: Mounting plugin LinuxDeviceProfileSelector
LogPluginManager: Mounting plugin LocationServicesBPLibrary
LogPluginManager: Mounting plugin MobilePatchingUtils
LogPluginManager: Mounting plugin OculusVR
LogPluginManager: Mounting plugin PhysXVehicles
LogPluginManager: Mounting plugin PostSplashScreen
LogPluginManager: Mounting plugin ProceduralMeshComponent
LogPluginManager: Mounting plugin RuntimePhysXCooking
LogPluginManager: Mounting plugin SignificanceManager
LogPluginManager: Mounting plugin SteamVR
LogPluginManager: Mounting plugin WebMMoviePlayer
LogPluginManager: Mounting plugin WindowsMoviePlayer
LogPluginManager: Mounting plugin ScreenshotTools
LogPluginManager: Mounting plugin UnLua
LogInit: Using libcurl 7.55.1-DEV
LogInit:  - built for x86_64-pc-win32
LogInit:  - supports SSL with OpenSSL/1.1.1
LogInit:  - supports HTTP deflate (compression) using libz 1.2.8
LogInit:  - other features:
LogInit:      CURL_VERSION_SSL
LogInit:      CURL_VERSION_LIBZ
LogInit:      CURL_VERSION_IPV6
LogInit:      CURL_VERSION_ASYNCHDNS
LogInit:      CURL_VERSION_LARGEFILE
LogInit:      CURL_VERSION_IDN
LogInit:  CurlRequestOptions (configurable via config and command line):
LogInit:  - bVerifyPeer = true  - Libcurl will verify peer certificate
LogInit:  - bUseHttpProxy = false  - Libcurl will NOT use HTTP proxy
LogInit:  - bDontReuseConnections = false  - Libcurl will reuse connections
LogInit:  - MaxHostConnections = 16  - Libcurl will limit the number of connections to a host
LogInit:  - LocalHostAddr = Default
LogInit:  - BufferSize = 65536
LogOnline: OSS: Creating online subsystem instance for: NULL
LogInit: WinSock: version 1.1 (2.2), MaxSocks=32767, MaxUdp=65467
LogOnline: OSS: TryLoadSubsystemAndSetDefault: Loaded subsystem for module [NULL]
LogInit: Build: ++UE4+Release-4.24-CL-11590370
LogInit: Engine Version: 4.24.3-11590370+++UE4+Release-4.24
LogInit: Compatible Engine Version: 4.24.0-10570792+++UE4+Release-4.24
LogInit: Net CL: 10570792
LogInit: OS: Windows 10 (Release 1903) (), CPU: Intel(R) Core(TM) i7-8700 CPU @ 3.20GHz, GPU: NVIDIA GeForce GTX 1050
LogInit: Compiled (64-bit): Feb 24 2020 15:39:18
LogInit: Compiled with Visual C++: 19.16.27032.01
LogInit: Build Configuration: DebugGame
LogInit: Branch Name: ++UE4+Release-4.24
LogInit: Command Line:  -skipcompile
LogInit: Base Directory: C:/Program Files/Epic Games/UE_4.24/Engine/Binaries/Win64/
LogInit: Installed Engine Build: 1
LogDevObjectVersion: Number of dev versions registered: 25
LogDevObjectVersion:   Dev-Blueprints (B0D832E4-1F89-4F0D-ACCF-7EB736FD4AA2): 10
LogDevObjectVersion:   Dev-Build (E1C64328-A22C-4D53-A36C-8E866417BD8C): 0
LogDevObjectVersion:   Dev-Core (375EC13C-06E4-48FB-B500-84F0262A717E): 3
LogDevObjectVersion:   Dev-Editor (E4B068ED-F494-42E9-A231-DA0B2E46BB41): 37
LogDevObjectVersion:   Dev-Framework (CFFC743F-43B0-4480-9391-14DF171D2073): 36
LogDevObjectVersion:   Dev-Mobile (B02B49B5-BB20-44E9-A304-32B752E40360): 2
LogDevObjectVersion:   Dev-Networking (A4E4105C-59A1-49B5-A7C5-40C4547EDFEE): 0
LogDevObjectVersion:   Dev-Online (39C831C9-5AE6-47DC-9A44-9C173E1C8E7C): 0
LogDevObjectVersion:   Dev-Physics (78F01B33-EBEA-4F98-B9B4-84EACCB95AA2): 2
LogDevObjectVersion:   Dev-Platform (6631380F-2D4D-43E0-8009-CF276956A95A): 0
LogDevObjectVersion:   Dev-Rendering (12F88B9F-8875-4AFC-A67C-D90C383ABD29): 36
LogDevObjectVersion:   Dev-Sequencer (7B5AE74C-D270-4C10-A958-57980B212A5A): 11
LogDevObjectVersion:   Dev-VR (D7296918-1DD6-4BDD-9DE2-64A83CC13884): 2
LogDevObjectVersion:   Dev-LoadTimes (C2A15278-BFE7-4AFE-6C17-90FF531DF755): 1
LogDevObjectVersion:   Private-Geometry (6EACA3D4-40EC-4CC1-B786-8BED09428FC5): 3
LogDevObjectVersion:   Dev-AnimPhys (29E575DD-E0A3-4627-9D10-D276232CDCEA): 17
LogDevObjectVersion:   Dev-Anim (AF43A65D-7FD3-4947-9873-3E8ED9C1BB05): 2
LogDevObjectVersion:   Dev-ReflectionCapture (6B266CEC-1EC7-4B8F-A30B-E4D90942FC07): 1
LogDevObjectVersion:   Dev-Automation (0DF73D61-A23F-47EA-B727-89E90C41499A): 1
LogDevObjectVersion:   FortniteMain (601D1886-AC64-4F84-AA16-D3DE0DEAC7D6): 31
LogDevObjectVersion:   Dev-Enterprise (9DFFBCD6-494F-0158-E221-12823C92A888): 8
LogDevObjectVersion:   Dev-Niagara (F2AED0AC-9AFE-416F-8664-AA7FFA26D6FC): 1
LogDevObjectVersion:   Dev-Destruction (174F1F0B-B4C6-45A5-B13F-2EE8D0FB917D): 9
LogDevObjectVersion:   Dev-Physics-Ext (35F94A83-E258-406C-A318-09F59610247C): 8
LogDevObjectVersion:   Dev-CineCamera (B2E18506-4273-CFC2-A54E-F4BB758BBA07): 1
LogInit: Presizing for max 25165824 objects, including 0 objects not considered by GC, pre-allocating 0 bytes for permanent pool.
LogInit: Object subsystem initialized
LogConfig: Setting CVar [[con.DebugEarlyDefault:1]]
LogConfig: Setting CVar [[r.setres:1280x720]]
[2020.04.28-10.33.57:426][  0]LogConfig: Setting CVar [[r.VSync:0]]
[2020.04.28-10.33.57:426][  0]LogConfig: Setting CVar [[r.RHICmdBypass:0]]
[2020.04.28-10.33.57:426][  0]LogConfig: Applying CVar settings from Section [/Script/Engine.RendererSettings] File [D:/ouczbs/Survive/Saved/Config/Windows/Engine.ini]
[2020.04.28-10.33.57:426][  0]LogConfig: Setting CVar [[r.GPUCrashDebugging:0]]
[2020.04.28-10.33.57:426][  0]LogConfig: Applying CVar settings from Section [/Script/Engine.RendererOverrideSettings] File [D:/ouczbs/Survive/Saved/Config/Windows/Engine.ini]
[2020.04.28-10.33.57:426][  0]LogConfig: Applying CVar settings from Section [/Script/Engine.StreamingSettings] File [D:/ouczbs/Survive/Saved/Config/Windows/Engine.ini]
[2020.04.28-10.33.57:426][  0]LogConfig: Setting CVar [[s.MinBulkDataSizeForAsyncLoading:131072]]
[2020.04.28-10.33.57:426][  0]LogConfig: Setting CVar [[s.AsyncLoadingThreadEnabled:0]]
[2020.04.28-10.33.57:426][  0]LogConfig: Setting CVar [[s.EventDrivenLoaderEnabled:1]]
[2020.04.28-10.33.57:426][  0]LogConfig: Setting CVar [[s.WarnIfTimeLimitExceeded:0]]
[2020.04.28-10.33.57:426][  0]LogConfig: Setting CVar [[s.TimeLimitExceededMultiplier:1.5]]
[2020.04.28-10.33.57:426][  0]LogConfig: Setting CVar [[s.TimeLimitExceededMinTime:0.005]]
[2020.04.28-10.33.57:426][  0]LogConfig: Setting CVar [[s.UseBackgroundLevelStreaming:1]]
[2020.04.28-10.33.57:427][  0]LogConfig: Setting CVar [[s.PriorityAsyncLoadingExtraTime:15.0]]
[2020.04.28-10.33.57:427][  0]LogConfig: Setting CVar [[s.LevelStreamingActorsUpdateTimeLimit:5.0]]
[2020.04.28-10.33.57:427][  0]LogConfig: Setting CVar [[s.PriorityLevelStreamingActorsUpdateExtraTime:5.0]]
[2020.04.28-10.33.57:427][  0]LogConfig: Setting CVar [[s.LevelStreamingComponentsRegistrationGranularity:10]]
[2020.04.28-10.33.57:427][  0]LogConfig: Setting CVar [[s.UnregisterComponentsTimeLimit:1.0]]
[2020.04.28-10.33.57:427][  0]LogConfig: Setting CVar [[s.LevelStreamingComponentsUnregistrationGranularity:5]]
[2020.04.28-10.33.57:427][  0]LogConfig: Setting CVar [[s.FlushStreamingOnExit:1]]
[2020.04.28-10.33.57:427][  0]LogConfig: Applying CVar settings from Section [/Script/Engine.GarbageCollectionSettings] File [D:/ouczbs/Survive/Saved/Config/Windows/Engine.ini]
[2020.04.28-10.33.57:427][  0]LogConfig: Setting CVar [[gc.MaxObjectsNotConsideredByGC:1]]
[2020.04.28-10.33.57:427][  0]LogConfig: Setting CVar [[gc.SizeOfPermanentObjectPool:0]]
[2020.04.28-10.33.57:427][  0]LogConfig: Setting CVar [[gc.FlushStreamingOnGC:0]]
[2020.04.28-10.33.57:427][  0]LogConfig: Setting CVar [[gc.NumRetriesBeforeForcingGC:10]]
[2020.04.28-10.33.57:427][  0]LogConfig: Setting CVar [[gc.AllowParallelGC:1]]
[2020.04.28-10.33.57:427][  0]LogConfig: Setting CVar [[gc.TimeBetweenPurgingPendingKillObjects:61.1]]
[2020.04.28-10.33.57:427][  0]LogConfig: Setting CVar [[gc.MaxObjectsInEditor:25165824]]
[2020.04.28-10.33.57:427][  0]LogConfig: Setting CVar [[gc.IncrementalBeginDestroyEnabled:1]]
[2020.04.28-10.33.57:427][  0]LogConfig: Setting CVar [[gc.CreateGCClusters:1]]
[2020.04.28-10.33.57:427][  0]LogConfig: Setting CVar [[gc.MinGCClusterSize:5]]
[2020.04.28-10.33.57:427][  0]LogConfig: Setting CVar [[gc.ActorClusteringEnabled:0]]
[2020.04.28-10.33.57:427][  0]LogConfig: Setting CVar [[gc.BlueprintClusteringEnabled:0]]
[2020.04.28-10.33.57:427][  0]LogConfig: Setting CVar [[gc.UseDisregardForGCOnDedicatedServers:0]]
[2020.04.28-10.33.57:427][  0]LogConfig: Applying CVar settings from Section [/Script/Engine.NetworkSettings] File [D:/ouczbs/Survive/Saved/Config/Windows/Engine.ini]
[2020.04.28-10.33.57:428][  0]LogConfig: Applying CVar settings from Section [/Script/UnrealEd.CookerSettings] File [D:/ouczbs/Survive/Saved/Config/Windows/Engine.ini]
[2020.04.28-10.33.57:433][  0]LogConfig: Applying CVar settings from Section [ViewDistanceQuality@3] File [D:/ouczbs/Survive/Saved/Config/Windows/Scalability.ini]
[2020.04.28-10.33.57:433][  0]LogConfig: Setting CVar [[r.SkeletalMeshLODBias:0]]
[2020.04.28-10.33.57:433][  0]LogConfig: Setting CVar [[r.ViewDistanceScale:1.0]]
[2020.04.28-10.33.57:433][  0]LogConfig: Applying CVar settings from Section [AntiAliasingQuality@3] File [D:/ouczbs/Survive/Saved/Config/Windows/Scalability.ini]
[2020.04.28-10.33.57:433][  0]LogConfig: Setting CVar [[r.PostProcessAAQuality:4]]
[2020.04.28-10.33.57:434][  0]LogConfig: Applying CVar settings from Section [ShadowQuality@3] File [D:/ouczbs/Survive/Saved/Config/Windows/Scalability.ini]
[2020.04.28-10.33.57:434][  0]LogConfig: Setting CVar [[r.LightFunctionQuality:1]]
[2020.04.28-10.33.57:434][  0]LogConfig: Setting CVar [[r.ShadowQuality:5]]
[2020.04.28-10.33.57:434][  0]LogConfig: Setting CVar [[r.Shadow.CSM.MaxCascades:10]]
[2020.04.28-10.33.57:434][  0]LogConfig: Setting CVar [[r.Shadow.MaxResolution:2048]]
[2020.04.28-10.33.57:434][  0]LogConfig: Setting CVar [[r.Shadow.MaxCSMResolution:2048]]
[2020.04.28-10.33.57:434][  0]LogConfig: Setting CVar [[r.Shadow.RadiusThreshold:0.01]]
[2020.04.28-10.33.57:434][  0]LogConfig: Setting CVar [[r.Shadow.DistanceScale:1.0]]
[2020.04.28-10.33.57:434][  0]LogConfig: Setting CVar [[r.Shadow.CSM.TransitionScale:1.0]]
[2020.04.28-10.33.57:434][  0]LogConfig: Setting CVar [[r.Shadow.PreShadowResolutionFactor:1.0]]
[2020.04.28-10.33.57:434][  0]LogConfig: Setting CVar [[r.DistanceFieldShadowing:1]]
[2020.04.28-10.33.57:434][  0]LogConfig: Setting CVar [[r.DistanceFieldAO:1]]
[2020.04.28-10.33.57:434][  0]LogConfig: Setting CVar [[r.AOQuality:2]]
[2020.04.28-10.33.57:434][  0]LogConfig: Setting CVar [[r.VolumetricFog:1]]
[2020.04.28-10.33.57:434][  0]LogConfig: Setting CVar [[r.VolumetricFog.GridPixelSize:8]]
[2020.04.28-10.33.57:434][  0]LogConfig: Setting CVar [[r.VolumetricFog.GridSizeZ:128]]
[2020.04.28-10.33.57:434][  0]LogConfig: Setting CVar [[r.VolumetricFog.HistoryMissSupersampleCount:4]]
[2020.04.28-10.33.57:434][  0]LogConfig: Setting CVar [[r.LightMaxDrawDistanceScale:1]]
[2020.04.28-10.33.57:434][  0]LogConfig: Setting CVar [[r.CapsuleShadows:1]]
[2020.04.28-10.33.57:434][  0]LogConfig: Applying CVar settings from Section [PostProcessQuality@3] File [D:/ouczbs/Survive/Saved/Config/Windows/Scalability.ini]
[2020.04.28-10.33.57:434][  0]LogConfig: Setting CVar [[r.MotionBlurQuality:4]]
[2020.04.28-10.33.57:435][  0]LogConfig: Setting CVar [[r.AmbientOcclusionMipLevelFactor:0.4]]
[2020.04.28-10.33.57:435][  0]LogConfig: Setting CVar [[r.AmbientOcclusionMaxQuality:100]]
[2020.04.28-10.33.57:435][  0]LogConfig: Setting CVar [[r.AmbientOcclusionLevels:-1]]
[2020.04.28-10.33.57:435][  0]LogConfig: Setting CVar [[r.AmbientOcclusionRadiusScale:1.0]]
[2020.04.28-10.33.57:435][  0]LogConfig: Setting CVar [[r.DepthOfFieldQuality:2]]
[2020.04.28-10.33.57:435][  0]LogConfig: Setting CVar [[r.RenderTargetPoolMin:400]]
[2020.04.28-10.33.57:435][  0]LogConfig: Setting CVar [[r.LensFlareQuality:2]]
[2020.04.28-10.33.57:435][  0]LogConfig: Setting CVar [[r.SceneColorFringeQuality:1]]
[2020.04.28-10.33.57:435][  0]LogConfig: Setting CVar [[r.EyeAdaptationQuality:2]]
[2020.04.28-10.33.57:435][  0]LogConfig: Setting CVar [[r.BloomQuality:5]]
[2020.04.28-10.33.57:435][  0]LogConfig: Setting CVar [[r.FastBlurThreshold:100]]
[2020.04.28-10.33.57:435][  0]LogConfig: Setting CVar [[r.Upscale.Quality:3]]
[2020.04.28-10.33.57:435][  0]LogConfig: Setting CVar [[r.Tonemapper.GrainQuantization:1]]
[2020.04.28-10.33.57:435][  0]LogConfig: Setting CVar [[r.LightShaftQuality:1]]
[2020.04.28-10.33.57:435][  0]LogConfig: Setting CVar [[r.Filter.SizeScale:1]]
[2020.04.28-10.33.57:435][  0]LogConfig: Setting CVar [[r.Tonemapper.Quality:5]]
[2020.04.28-10.33.57:435][  0]LogConfig: Setting CVar [[r.DOF.Gather.AccumulatorQuality:1        ; higher gathering accumulator quality]]
[2020.04.28-10.33.57:435][  0]LogConfig: Setting CVar [[r.DOF.Gather.PostfilterMethod:1          ; Median3x3 postfilering method]]
[2020.04.28-10.33.57:435][  0]LogConfig: Setting CVar [[r.DOF.Gather.EnableBokehSettings:0       ; no bokeh simulation when gathering]]
[2020.04.28-10.33.57:435][  0]LogConfig: Setting CVar [[r.DOF.Gather.RingCount:4                 ; medium number of samples when gathering]]
[2020.04.28-10.33.57:435][  0]LogConfig: Setting CVar [[r.DOF.Scatter.ForegroundCompositing:1    ; additive foreground scattering]]
[2020.04.28-10.33.57:435][  0]LogConfig: Setting CVar [[r.DOF.Scatter.BackgroundCompositing:2    ; additive background scattering]]
[2020.04.28-10.33.57:435][  0]LogConfig: Setting CVar [[r.DOF.Scatter.EnableBokehSettings:1      ; bokeh simulation when scattering]]
[2020.04.28-10.33.57:435][  0]LogConfig: Setting CVar [[r.DOF.Scatter.MaxSpriteRatio:0.1         ; only a maximum of 10% of scattered bokeh]]
[2020.04.28-10.33.57:435][  0]LogConfig: Setting CVar [[r.DOF.Recombine.Quality:1                ; cheap slight out of focus]]
[2020.04.28-10.33.57:435][  0]LogConfig: Setting CVar [[r.DOF.Recombine.EnableBokehSettings:0    ; no bokeh simulation on slight out of focus]]
[2020.04.28-10.33.57:435][  0]LogConfig: Setting CVar [[r.DOF.TemporalAAQuality:1                ; more stable temporal accumulation]]
[2020.04.28-10.33.57:435][  0]LogConfig: Setting CVar [[r.DOF.Kernel.MaxForegroundRadius:0.025]]
[2020.04.28-10.33.57:435][  0]LogConfig: Setting CVar [[r.DOF.Kernel.MaxBackgroundRadius:0.025]]
[2020.04.28-10.33.57:435][  0]LogConfig: Applying CVar settings from Section [TextureQuality@3] File [D:/ouczbs/Survive/Saved/Config/Windows/Scalability.ini]
[2020.04.28-10.33.57:435][  0]LogConfig: Setting CVar [[r.Streaming.MipBias:0]]
[2020.04.28-10.33.57:435][  0]LogConfig: Setting CVar [[r.Streaming.AmortizeCPUToGPUCopy:0]]
[2020.04.28-10.33.57:435][  0]LogConfig: Setting CVar [[r.Streaming.MaxNumTexturesToStreamPerFrame:0]]
[2020.04.28-10.33.57:435][  0]LogConfig: Setting CVar [[r.Streaming.Boost:1]]
[2020.04.28-10.33.57:435][  0]LogConfig: Setting CVar [[r.MaxAnisotropy:8]]
[2020.04.28-10.33.57:435][  0]LogConfig: Setting CVar [[r.VT.MaxAnisotropy:8]]
[2020.04.28-10.33.57:435][  0]LogConfig: Setting CVar [[r.Streaming.LimitPoolSizeToVRAM:0]]
[2020.04.28-10.33.57:435][  0]LogConfig: Setting CVar [[r.Streaming.PoolSize:1000]]
[2020.04.28-10.33.57:435][  0]LogConfig: Setting CVar [[r.Streaming.MaxEffectiveScreenSize:0]]
[2020.04.28-10.33.57:435][  0]LogConfig: Applying CVar settings from Section [EffectsQuality@3] File [D:/ouczbs/Survive/Saved/Config/Windows/Scalability.ini]
[2020.04.28-10.33.57:435][  0]LogConfig: Setting CVar [[r.TranslucencyLightingVolumeDim:64]]
[2020.04.28-10.33.57:435][  0]LogConfig: Setting CVar [[r.RefractionQuality:2]]
[2020.04.28-10.33.57:435][  0]LogConfig: Setting CVar [[r.SSR.Quality:3]]
[2020.04.28-10.33.57:436][  0]LogConfig: Setting CVar [[r.SSR.HalfResSceneColor:0]]
[2020.04.28-10.33.57:436][  0]LogConfig: Setting CVar [[r.SceneColorFormat:4]]
[2020.04.28-10.33.57:436][  0]LogConfig: Setting CVar [[r.DetailMode:2]]
[2020.04.28-10.33.57:436][  0]LogConfig: Setting CVar [[r.TranslucencyVolumeBlur:1]]
[2020.04.28-10.33.57:436][  0]LogConfig: Setting CVar [[r.MaterialQualityLevel:1 ; High quality]]
[2020.04.28-10.33.57:436][  0]LogConfig: Setting CVar [[r.SSS.Scale:1]]
[2020.04.28-10.33.57:436][  0]LogConfig: Setting CVar [[r.SSS.SampleSet:2]]
[2020.04.28-10.33.57:436][  0]LogConfig: Setting CVar [[r.SSS.Quality:1]]
[2020.04.28-10.33.57:436][  0]LogConfig: Setting CVar [[r.SSS.HalfRes:1]]
[2020.04.28-10.33.57:436][  0]LogConfig: Setting CVar [[r.SSGI.Quality:3]]
[2020.04.28-10.33.57:436][  0]LogConfig: Setting CVar [[r.EmitterSpawnRateScale:1.0]]
[2020.04.28-10.33.57:436][  0]LogConfig: Setting CVar [[r.ParticleLightQuality:2]]
[2020.04.28-10.33.57:436][  0]LogConfig: Setting CVar [[r.SkyAtmosphere.AerialPerspectiveLUT.FastApplyOnOpaque:1 ; Always have FastSkyLUT 1 in this case to avoid wrong sky]]
[2020.04.28-10.33.57:436][  0]LogConfig: Setting CVar [[r.SkyAtmosphere.AerialPerspectiveLUT.SampleCountPerSlice:1]]
[2020.04.28-10.33.57:436][  0]LogConfig: Setting CVar [[r.SkyAtmosphere.AerialPerspectiveLUT.DepthResolution:16.0]]
[2020.04.28-10.33.57:436][  0]LogConfig: Setting CVar [[r.SkyAtmosphere.FastSkyLUT:1]]
[2020.04.28-10.33.57:436][  0]LogConfig: Setting CVar [[r.SkyAtmosphere.FastSkyLUT.SampleCountMin:4.0]]
[2020.04.28-10.33.57:436][  0]LogConfig: Setting CVar [[r.SkyAtmosphere.FastSkyLUT.SampleCountMax:32.0]]
[2020.04.28-10.33.57:436][  0]LogConfig: Setting CVar [[r.SkyAtmosphere.SampleCountMin:4.0]]
[2020.04.28-10.33.57:436][  0]LogConfig: Setting CVar [[r.SkyAtmosphere.SampleCountMax:32.0]]
[2020.04.28-10.33.57:436][  0]LogConfig: Setting CVar [[r.SkyAtmosphere.TransmittanceLUT.UseSmallFormat:0]]
[2020.04.28-10.33.57:436][  0]LogConfig: Setting CVar [[r.SkyAtmosphere.TransmittanceLUT.SampleCount:10.0]]
[2020.04.28-10.33.57:437][  0]LogConfig: Setting CVar [[r.SkyAtmosphere.MultiScatteringLUT.SampleCount:15.0]]
[2020.04.28-10.33.57:437][  0]LogConfig: Applying CVar settings from Section [FoliageQuality@3] File [D:/ouczbs/Survive/Saved/Config/Windows/Scalability.ini]
[2020.04.28-10.33.57:437][  0]LogConfig: Setting CVar [[foliage.DensityScale:1.0]]
[2020.04.28-10.33.57:437][  0]LogConfig: Setting CVar [[grass.DensityScale:1.0]]
[2020.04.28-10.33.57:437][  0]LogConfig: Applying CVar settings from Section [ShadingQuality@3] File [D:/ouczbs/Survive/Saved/Config/Windows/Scalability.ini]
[2020.04.28-10.33.57:437][  0]LogConfig: Setting CVar [[r.HairStrands.SkyLighting.SampleCount:16]]
[2020.04.28-10.33.57:437][  0]LogConfig: Setting CVar [[r.HairStrands.SkyLighting.JitterIntegration:0]]
[2020.04.28-10.33.57:437][  0]LogConfig: Setting CVar [[r.HairStrands.SkyAO.SampleCount:16]]
[2020.04.28-10.33.57:437][  0]LogInit: Selected Device Profile: [Windows]
[2020.04.28-10.33.57:437][  0]LogInit: Applying CVar settings loaded from the selected device profile: [Windows]
[2020.04.28-10.33.57:439][  0]LogHAL: Display: Platform has ~ 20 GB [21261234176 / 34359738368 / 20], which maps to Larger [LargestMinGB=32, LargerMinGB=12, DefaultMinGB=8, SmallerMinGB=6, SmallestMinGB=0)
[2020.04.28-10.33.57:439][  0]LogInit: Going up to parent DeviceProfile []
[2020.04.28-10.33.57:439][  0]LogConfig: Applying CVar settings from Section [ViewDistanceQuality@3] File [D:/ouczbs/Survive/Saved/Config/Windows/Scalability.ini]
[2020.04.28-10.33.57:439][  0]LogConfig: Setting CVar [[r.SkeletalMeshLODBias:0]]
[2020.04.28-10.33.57:439][  0]LogConfig: Setting CVar [[r.ViewDistanceScale:1.0]]
[2020.04.28-10.33.57:439][  0]LogConfig: Applying CVar settings from Section [AntiAliasingQuality@3] File [D:/ouczbs/Survive/Saved/Config/Windows/Scalability.ini]
[2020.04.28-10.33.57:439][  0]LogConfig: Setting CVar [[r.PostProcessAAQuality:4]]
[2020.04.28-10.33.57:439][  0]LogConfig: Applying CVar settings from Section [ShadowQuality@3] File [D:/ouczbs/Survive/Saved/Config/Windows/Scalability.ini]
[2020.04.28-10.33.57:439][  0]LogConfig: Setting CVar [[r.LightFunctionQuality:1]]
[2020.04.28-10.33.57:439][  0]LogConfig: Setting CVar [[r.ShadowQuality:5]]
[2020.04.28-10.33.57:439][  0]LogConfig: Setting CVar [[r.Shadow.CSM.MaxCascades:10]]
[2020.04.28-10.33.57:440][  0]LogConfig: Setting CVar [[r.Shadow.MaxResolution:2048]]
[2020.04.28-10.33.57:440][  0]LogConfig: Setting CVar [[r.Shadow.MaxCSMResolution:2048]]
[2020.04.28-10.33.57:440][  0]LogConfig: Setting CVar [[r.Shadow.RadiusThreshold:0.01]]
[2020.04.28-10.33.57:440][  0]LogConfig: Setting CVar [[r.Shadow.DistanceScale:1.0]]
[2020.04.28-10.33.57:440][  0]LogConfig: Setting CVar [[r.Shadow.CSM.TransitionScale:1.0]]
[2020.04.28-10.33.57:440][  0]LogConfig: Setting CVar [[r.Shadow.PreShadowResolutionFactor:1.0]]
[2020.04.28-10.33.57:440][  0]LogConfig: Setting CVar [[r.DistanceFieldShadowing:1]]
[2020.04.28-10.33.57:440][  0]LogConfig: Setting CVar [[r.DistanceFieldAO:1]]
[2020.04.28-10.33.57:440][  0]LogConfig: Setting CVar [[r.AOQuality:2]]
[2020.04.28-10.33.57:440][  0]LogConfig: Setting CVar [[r.VolumetricFog:1]]
[2020.04.28-10.33.57:440][  0]LogConfig: Setting CVar [[r.VolumetricFog.GridPixelSize:8]]
[2020.04.28-10.33.57:440][  0]LogConfig: Setting CVar [[r.VolumetricFog.GridSizeZ:128]]
[2020.04.28-10.33.57:440][  0]LogConfig: Setting CVar [[r.VolumetricFog.HistoryMissSupersampleCount:4]]
[2020.04.28-10.33.57:440][  0]LogConfig: Setting CVar [[r.LightMaxDrawDistanceScale:1]]
[2020.04.28-10.33.57:440][  0]LogConfig: Setting CVar [[r.CapsuleShadows:1]]
[2020.04.28-10.33.57:440][  0]LogConfig: Applying CVar settings from Section [PostProcessQuality@3] File [D:/ouczbs/Survive/Saved/Config/Windows/Scalability.ini]
[2020.04.28-10.33.57:440][  0]LogConfig: Setting CVar [[r.MotionBlurQuality:4]]
[2020.04.28-10.33.57:440][  0]LogConfig: Setting CVar [[r.AmbientOcclusionMipLevelFactor:0.4]]
[2020.04.28-10.33.57:440][  0]LogConfig: Setting CVar [[r.AmbientOcclusionMaxQuality:100]]
[2020.04.28-10.33.57:440][  0]LogConfig: Setting CVar [[r.AmbientOcclusionLevels:-1]]
[2020.04.28-10.33.57:440][  0]LogConfig: Setting CVar [[r.AmbientOcclusionRadiusScale:1.0]]
[2020.04.28-10.33.57:440][  0]LogConfig: Setting CVar [[r.DepthOfFieldQuality:2]]
[2020.04.28-10.33.57:441][  0]LogConfig: Setting CVar [[r.RenderTargetPoolMin:400]]
[2020.04.28-10.33.57:441][  0]LogConfig: Setting CVar [[r.LensFlareQuality:2]]
[2020.04.28-10.33.57:441][  0]LogConfig: Setting CVar [[r.SceneColorFringeQuality:1]]
[2020.04.28-10.33.57:441][  0]LogConfig: Setting CVar [[r.EyeAdaptationQuality:2]]
[2020.04.28-10.33.57:441][  0]LogConfig: Setting CVar [[r.BloomQuality:5]]
[2020.04.28-10.33.57:441][  0]LogConfig: Setting CVar [[r.FastBlurThreshold:100]]
[2020.04.28-10.33.57:441][  0]LogConfig: Setting CVar [[r.Upscale.Quality:3]]
[2020.04.28-10.33.57:441][  0]LogConfig: Setting CVar [[r.Tonemapper.GrainQuantization:1]]
[2020.04.28-10.33.57:441][  0]LogConfig: Setting CVar [[r.LightShaftQuality:1]]
[2020.04.28-10.33.57:441][  0]LogConfig: Setting CVar [[r.Filter.SizeScale:1]]
[2020.04.28-10.33.57:441][  0]LogConfig: Setting CVar [[r.Tonemapper.Quality:5]]
[2020.04.28-10.33.57:441][  0]LogConfig: Setting CVar [[r.DOF.Gather.AccumulatorQuality:1        ; higher gathering accumulator quality]]
[2020.04.28-10.33.57:441][  0]LogConfig: Setting CVar [[r.DOF.Gather.PostfilterMethod:1          ; Median3x3 postfilering method]]
[2020.04.28-10.33.57:441][  0]LogConfig: Setting CVar [[r.DOF.Gather.EnableBokehSettings:0       ; no bokeh simulation when gathering]]
[2020.04.28-10.33.57:441][  0]LogConfig: Setting CVar [[r.DOF.Gather.RingCount:4                 ; medium number of samples when gathering]]
[2020.04.28-10.33.57:441][  0]LogConfig: Setting CVar [[r.DOF.Scatter.ForegroundCompositing:1    ; additive foreground scattering]]
[2020.04.28-10.33.57:441][  0]LogConfig: Setting CVar [[r.DOF.Scatter.BackgroundCompositing:2    ; additive background scattering]]
[2020.04.28-10.33.57:441][  0]LogConfig: Setting CVar [[r.DOF.Scatter.EnableBokehSettings:1      ; bokeh simulation when scattering]]
[2020.04.28-10.33.57:441][  0]LogConfig: Setting CVar [[r.DOF.Scatter.MaxSpriteRatio:0.1         ; only a maximum of 10% of scattered bokeh]]
[2020.04.28-10.33.57:441][  0]LogConfig: Setting CVar [[r.DOF.Recombine.Quality:1                ; cheap slight out of focus]]
[2020.04.28-10.33.57:441][  0]LogConfig: Setting CVar [[r.DOF.Recombine.EnableBokehSettings:0    ; no bokeh simulation on slight out of focus]]
[2020.04.28-10.33.57:441][  0]LogConfig: Setting CVar [[r.DOF.TemporalAAQuality:1                ; more stable temporal accumulation]]
[2020.04.28-10.33.57:442][  0]LogConfig: Setting CVar [[r.DOF.Kernel.MaxForegroundRadius:0.025]]
[2020.04.28-10.33.57:442][  0]LogConfig: Setting CVar [[r.DOF.Kernel.MaxBackgroundRadius:0.025]]
[2020.04.28-10.33.57:442][  0]LogConfig: Applying CVar settings from Section [TextureQuality@3] File [D:/ouczbs/Survive/Saved/Config/Windows/Scalability.ini]
[2020.04.28-10.33.57:442][  0]LogConfig: Setting CVar [[r.Streaming.MipBias:0]]
[2020.04.28-10.33.57:442][  0]LogConfig: Setting CVar [[r.Streaming.AmortizeCPUToGPUCopy:0]]
[2020.04.28-10.33.57:442][  0]LogConfig: Setting CVar [[r.Streaming.MaxNumTexturesToStreamPerFrame:0]]
[2020.04.28-10.33.57:442][  0]LogConfig: Setting CVar [[r.Streaming.Boost:1]]
[2020.04.28-10.33.57:442][  0]LogConfig: Setting CVar [[r.MaxAnisotropy:8]]
[2020.04.28-10.33.57:442][  0]LogConfig: Setting CVar [[r.VT.MaxAnisotropy:8]]
[2020.04.28-10.33.57:442][  0]LogConfig: Setting CVar [[r.Streaming.LimitPoolSizeToVRAM:0]]
[2020.04.28-10.33.57:442][  0]LogConfig: Setting CVar [[r.Streaming.PoolSize:1000]]
[2020.04.28-10.33.57:442][  0]LogConfig: Setting CVar [[r.Streaming.MaxEffectiveScreenSize:0]]
[2020.04.28-10.33.57:442][  0]LogConfig: Applying CVar settings from Section [EffectsQuality@3] File [D:/ouczbs/Survive/Saved/Config/Windows/Scalability.ini]
[2020.04.28-10.33.57:442][  0]LogConfig: Setting CVar [[r.TranslucencyLightingVolumeDim:64]]
[2020.04.28-10.33.57:442][  0]LogConfig: Setting CVar [[r.RefractionQuality:2]]
[2020.04.28-10.33.57:442][  0]LogConfig: Setting CVar [[r.SSR.Quality:3]]
[2020.04.28-10.33.57:442][  0]LogConfig: Setting CVar [[r.SSR.HalfResSceneColor:0]]
[2020.04.28-10.33.57:442][  0]LogConfig: Setting CVar [[r.SceneColorFormat:4]]
[2020.04.28-10.33.57:442][  0]LogConfig: Setting CVar [[r.DetailMode:2]]
[2020.04.28-10.33.57:442][  0]LogConfig: Setting CVar [[r.TranslucencyVolumeBlur:1]]
[2020.04.28-10.33.57:442][  0]LogConfig: Setting CVar [[r.MaterialQualityLevel:1 ; High quality]]
[2020.04.28-10.33.57:442][  0]LogConfig: Setting CVar [[r.SSS.Scale:1]]
[2020.04.28-10.33.57:443][  0]LogConfig: Setting CVar [[r.SSS.SampleSet:2]]
[2020.04.28-10.33.57:443][  0]LogConfig: Setting CVar [[r.SSS.Quality:1]]
[2020.04.28-10.33.57:443][  0]LogConfig: Setting CVar [[r.SSS.HalfRes:1]]
[2020.04.28-10.33.57:443][  0]LogConfig: Setting CVar [[r.SSGI.Quality:3]]
[2020.04.28-10.33.57:443][  0]LogConfig: Setting CVar [[r.EmitterSpawnRateScale:1.0]]
[2020.04.28-10.33.57:443][  0]LogConfig: Setting CVar [[r.ParticleLightQuality:2]]
[2020.04.28-10.33.57:443][  0]LogConfig: Setting CVar [[r.SkyAtmosphere.AerialPerspectiveLUT.FastApplyOnOpaque:1 ; Always have FastSkyLUT 1 in this case to avoid wrong sky]]
[2020.04.28-10.33.57:443][  0]LogConfig: Setting CVar [[r.SkyAtmosphere.AerialPerspectiveLUT.SampleCountPerSlice:1]]
[2020.04.28-10.33.57:443][  0]LogConfig: Setting CVar [[r.SkyAtmosphere.AerialPerspectiveLUT.DepthResolution:16.0]]
[2020.04.28-10.33.57:443][  0]LogConfig: Setting CVar [[r.SkyAtmosphere.FastSkyLUT:1]]
[2020.04.28-10.33.57:443][  0]LogConfig: Setting CVar [[r.SkyAtmosphere.FastSkyLUT.SampleCountMin:4.0]]
[2020.04.28-10.33.57:443][  0]LogConfig: Setting CVar [[r.SkyAtmosphere.FastSkyLUT.SampleCountMax:32.0]]
[2020.04.28-10.33.57:443][  0]LogConfig: Setting CVar [[r.SkyAtmosphere.SampleCountMin:4.0]]
[2020.04.28-10.33.57:443][  0]LogConfig: Setting CVar [[r.SkyAtmosphere.SampleCountMax:32.0]]
[2020.04.28-10.33.57:443][  0]LogConfig: Setting CVar [[r.SkyAtmosphere.TransmittanceLUT.UseSmallFormat:0]]
[2020.04.28-10.33.57:443][  0]LogConfig: Setting CVar [[r.SkyAtmosphere.TransmittanceLUT.SampleCount:10.0]]
[2020.04.28-10.33.57:443][  0]LogConfig: Setting CVar [[r.SkyAtmosphere.MultiScatteringLUT.SampleCount:15.0]]
[2020.04.28-10.33.57:443][  0]LogConfig: Applying CVar settings from Section [FoliageQuality@3] File [D:/ouczbs/Survive/Saved/Config/Windows/Scalability.ini]
[2020.04.28-10.33.57:443][  0]LogConfig: Setting CVar [[foliage.DensityScale:1.0]]
[2020.04.28-10.33.57:443][  0]LogConfig: Setting CVar [[grass.DensityScale:1.0]]
[2020.04.28-10.33.57:443][  0]LogConfig: Applying CVar settings from Section [ShadingQuality@3] File [D:/ouczbs/Survive/Saved/Config/Windows/Scalability.ini]
[2020.04.28-10.33.57:443][  0]LogConfig: Setting CVar [[r.HairStrands.SkyLighting.SampleCount:16]]
[2020.04.28-10.33.57:443][  0]LogConfig: Setting CVar [[r.HairStrands.SkyLighting.JitterIntegration:0]]
[2020.04.28-10.33.57:444][  0]LogConfig: Setting CVar [[r.HairStrands.SkyAO.SampleCount:16]]
[2020.04.28-10.33.57:444][  0]LogConfig: Applying CVar settings from Section [Startup] File [../../../Engine/Config/ConsoleVariables.ini]
[2020.04.28-10.33.57:444][  0]LogConfig: Setting CVar [[net.UseAdaptiveNetUpdateFrequency:0]]
[2020.04.28-10.33.57:444][  0]LogConfig: Setting CVar [[p.chaos.AllowCreatePhysxBodies:1]]
[2020.04.28-10.33.57:444][  0]LogConfig: Applying CVar settings from Section [ConsoleVariables] File [D:/ouczbs/Survive/Saved/Config/Windows/Engine.ini]
[2020.04.28-10.33.57:444][  0]LogInit: Computer: IFDTMVH
[2020.04.28-10.33.57:444][  0]LogInit: User: 1
[2020.04.28-10.33.57:444][  0]LogInit: CPU Page size=4096, Cores=6
[2020.04.28-10.33.57:444][  0]LogInit: High frequency timer resolution =10.000000 MHz
[2020.04.28-10.33.57:444][  0]LogMemory: Memory total: Physical=19.8GB (20GB approx)
[2020.04.28-10.33.57:444][  0]LogMemory: Platform Memory Stats for Windows
[2020.04.28-10.33.57:444][  0]LogMemory: Process Physical Memory: 106.82 MB used, 106.82 MB peak
[2020.04.28-10.33.57:444][  0]LogMemory: Process Virtual Memory: 101.69 MB used, 101.69 MB peak
[2020.04.28-10.33.57:444][  0]LogMemory: Physical Memory: 12161.47 MB used,  8114.82 MB free, 20276.29 MB total
[2020.04.28-10.33.57:445][  0]LogMemory: Virtual Memory: 5162.19 MB used,  134212568.00 MB free, 134217728.00 MB total
[2020.04.28-10.33.57:449][  0]LogWindows: WindowsPlatformFeatures enabled
[2020.04.28-10.33.57:524][  0]LogInit: Using OS detected language (zh-CN).
[2020.04.28-10.33.57:524][  0]LogInit: Using OS detected locale (zh-CN).
[2020.04.28-10.33.57:525][  0]LogTextLocalizationManager: No specific localization for 'zh-CN' exists, so the 'zh-Hans' localization will be used.
[2020.04.28-10.33.57:587][  0]LogTextLocalizationResource: LocRes '../../../Engine/Content/Localization/Editor/zh/Editor.locres' could not be opened for reading!
[2020.04.28-10.33.57:587][  0]LogTextLocalizationResource: LocRes '../../../Engine/Content/Localization/EditorTutorials/zh/EditorTutorials.locres' could not be opened for reading!
[2020.04.28-10.33.57:588][  0]LogTextLocalizationResource: LocRes '../../../Engine/Content/Localization/Keywords/zh/Keywords.locres' could not be opened for reading!
[2020.04.28-10.33.57:588][  0]LogTextLocalizationResource: LocRes '../../../Engine/Content/Localization/Category/zh/Category.locres' could not be opened for reading!
[2020.04.28-10.33.57:588][  0]LogTextLocalizationResource: LocRes '../../../Engine/Content/Localization/ToolTips/zh/ToolTips.locres' could not be opened for reading!
[2020.04.28-10.33.57:588][  0]LogTextLocalizationResource: LocRes '../../../Engine/Content/Localization/PropertyNames/zh/PropertyNames.locres' could not be opened for reading!
[2020.04.28-10.33.57:589][  0]LogTextLocalizationResource: LocRes '../../../Engine/Content/Localization/Engine/zh/Engine.locres' could not be opened for reading!
[2020.04.28-10.33.57:589][  0]LogTextLocalizationResource: LocRes '../../../Engine/Plugins/Online/Android/OnlineSubsystemGooglePlay/Content/Localization/OnlineSubsystemGooglePlay/zh/OnlineSubsystemGooglePlay.locres' could not be opened for reading!
[2020.04.28-10.33.57:589][  0]LogTextLocalizationResource: LocRes '../../../Engine/Plugins/Online/IOS/OnlineSubsystemIOS/Content/Localization/OnlineSubsystemIOS/zh/OnlineSubsystemIOS.locres' could not be opened for reading!
[2020.04.28-10.33.57:589][  0]LogTextLocalizationResource: LocRes '../../../Engine/Plugins/Online/OnlineSubsystem/Content/Localization/OnlineSubsystem/zh/OnlineSubsystem.locres' could not be opened for reading!
[2020.04.28-10.33.57:589][  0]LogTextLocalizationResource: LocRes '../../../Engine/Plugins/Online/OnlineSubsystemUtils/Content/Localization/OnlineSubsystemUtils/zh/OnlineSubsystemUtils.locres' could not be opened for reading!
[2020.04.28-10.33.57:621][  0]LogInit: Setting process to per monitor DPI aware
[2020.04.28-10.33.57:682][  0]LogSlate: New Slate User Created.  User Index 0, Is Virtual User: 0
[2020.04.28-10.33.57:683][  0]LogSlate: Slate User Registered.  User Index 0, Is Virtual User: 0
[2020.04.28-10.33.57:797][  0]LogHMD: Failed to initialize OpenVR with code 110
[2020.04.28-10.33.57:797][  0]LogD3D11RHI: D3D11 min allowed feature level: 11_0
[2020.04.28-10.33.57:797][  0]LogD3D11RHI: D3D11 max allowed feature level: 11_0
[2020.04.28-10.33.57:797][  0]LogD3D11RHI: D3D11 adapters:
[2020.04.28-10.33.57:872][  0]LogD3D11RHI:    0. 'NVIDIA GeForce GTX 1050' (Feature Level 11_0)
[2020.04.28-10.33.57:872][  0]LogD3D11RHI:       1977/0/10138 MB DedicatedVideo/DedicatedSystem/SharedSystem, Outputs:2, VendorId:0x10de
[2020.04.28-10.33.57:907][  0]LogD3D11RHI:    1. 'Intel(R) UHD Graphics 630' (Feature Level 11_0)
[2020.04.28-10.33.57:907][  0]LogD3D11RHI:       128/0/10138 MB DedicatedVideo/DedicatedSystem/SharedSystem, Outputs:0, VendorId:0x8086
[2020.04.28-10.33.57:912][  0]LogD3D11RHI:    2. 'Microsoft Basic Render Driver' (Feature Level 11_0)
[2020.04.28-10.33.57:913][  0]LogD3D11RHI:       0/0/10138 MB DedicatedVideo/DedicatedSystem/SharedSystem, Outputs:0, VendorId:0x1414
[2020.04.28-10.33.57:913][  0]LogD3D11RHI: Chosen D3D11 Adapter: 0
[2020.04.28-10.33.57:920][  0]LogD3D11RHI: Creating new Direct3DDevice
[2020.04.28-10.33.57:920][  0]LogD3D11RHI:     GPU DeviceId: 0x1c81 (for the marketing name, search the web for "GPU Device Id")
[2020.04.28-10.33.57:921][  0]LogWindows: EnumDisplayDevices:
[2020.04.28-10.33.57:921][  0]LogWindows:    0. 'NVIDIA GeForce GTX 1050' (P:0 D:1)
[2020.04.28-10.33.57:922][  0]LogWindows:    1. 'NVIDIA GeForce GTX 1050' (P:1 D:1)
[2020.04.28-10.33.57:922][  0]LogWindows:    2. 'NVIDIA GeForce GTX 1050' (P:0 D:0)
[2020.04.28-10.33.57:923][  0]LogWindows:    3. 'NVIDIA GeForce GTX 1050' (P:0 D:0)
[2020.04.28-10.33.57:923][  0]LogWindows:    4. 'Intel(R) UHD Graphics 630' (P:0 D:0)
[2020.04.28-10.33.57:923][  0]LogWindows:    5. 'Intel(R) UHD Graphics 630' (P:0 D:0)
[2020.04.28-10.33.57:924][  0]LogWindows:    6. 'Intel(R) UHD Graphics 630' (P:0 D:0)
[2020.04.28-10.33.57:924][  0]LogWindows: DebugString: PrimaryIsNotTheChoosenAdapter PrimaryIsNotTheChoosenAdapter PrimaryIsNotTheChoosenAdapter FoundDriverCount:4 
[2020.04.28-10.33.57:924][  0]LogD3D11RHI:     Adapter Name: NVIDIA GeForce GTX 1050
[2020.04.28-10.33.57:924][  0]LogD3D11RHI:   Driver Version: 441.12 (internal:26.21.14.4112, unified:441.12)
[2020.04.28-10.33.57:924][  0]LogD3D11RHI:      Driver Date: 10-24-2019
[2020.04.28-10.33.57:924][  0]LogRHI: Texture pool is 1384 MB (70% of 1977 MB)
[2020.04.28-10.33.57:969][  0]LogD3D11RHI: RHI has support for 64 bit atomics
[2020.04.28-10.33.57:969][  0]LogD3D11RHI: Async texture creation enabled
[2020.04.28-10.33.57:984][  0]LogD3D11RHI: GPU Timing Frequency: 1000.000000 (Debug: 2 1)
[2020.04.28-10.33.58:239][  0]LogTargetPlatformManager: Display: Loaded TargetPlatform 'AllDesktop'
[2020.04.28-10.33.58:263][  0]LogTargetPlatformManager: Display: Loaded TargetPlatform 'Android'
[2020.04.28-10.33.58:263][  0]LogTargetPlatformManager: Display: Loaded TargetPlatform 'Android_ASTC'
[2020.04.28-10.33.58:263][  0]LogTargetPlatformManager: Display: Loaded TargetPlatform 'Android_ATC'
[2020.04.28-10.33.58:263][  0]LogTargetPlatformManager: Display: Loaded TargetPlatform 'Android_DXT'
[2020.04.28-10.33.58:263][  0]LogTargetPlatformManager: Display: Loaded TargetPlatform 'Android_ETC1'
[2020.04.28-10.33.58:263][  0]LogTargetPlatformManager: Display: Loaded TargetPlatform 'Android_ETC1a'
[2020.04.28-10.33.58:263][  0]LogTargetPlatformManager: Display: Loaded TargetPlatform 'Android_ETC2'
[2020.04.28-10.33.58:263][  0]LogTargetPlatformManager: Display: Loaded TargetPlatform 'Android_PVRTC'
[2020.04.28-10.33.58:264][  0]LogTargetPlatformManager: Display: Loaded TargetPlatform 'AndroidClient'
[2020.04.28-10.33.58:264][  0]LogTargetPlatformManager: Display: Loaded TargetPlatform 'Android_ASTCClient'
[2020.04.28-10.33.58:264][  0]LogTargetPlatformManager: Display: Loaded TargetPlatform 'Android_ATCClient'
[2020.04.28-10.33.58:264][  0]LogTargetPlatformManager: Display: Loaded TargetPlatform 'Android_DXTClient'
[2020.04.28-10.33.58:264][  0]LogTargetPlatformManager: Display: Loaded TargetPlatform 'Android_ETC1Client'
[2020.04.28-10.33.58:264][  0]LogTargetPlatformManager: Display: Loaded TargetPlatform 'Android_ETC1aClient'
[2020.04.28-10.33.58:264][  0]LogTargetPlatformManager: Display: Loaded TargetPlatform 'Android_ETC2Client'
[2020.04.28-10.33.58:264][  0]LogTargetPlatformManager: Display: Loaded TargetPlatform 'Android_PVRTCClient'
[2020.04.28-10.33.58:264][  0]LogTargetPlatformManager: Display: Loaded TargetPlatform 'Android_Multi'
[2020.04.28-10.33.58:264][  0]LogTargetPlatformManager: Display: Loaded TargetPlatform 'Android_MultiClient'
[2020.04.28-10.33.58:283][  0]LogTargetPlatformManager: Display: Loaded TargetPlatform 'IOSClient'
[2020.04.28-10.33.58:283][  0]LogTargetPlatformManager: Display: Loaded TargetPlatform 'IOS'
[2020.04.28-10.33.58:290][  0]LogTargetPlatformManager: Display: Loaded TargetPlatform 'LinuxNoEditor'
[2020.04.28-10.33.58:297][  0]LogTargetPlatformManager: Display: Loaded TargetPlatform 'LinuxClient'
[2020.04.28-10.33.58:303][  0]LogTargetPlatformManager: Display: Loaded TargetPlatform 'LinuxServer'
[2020.04.28-10.33.58:310][  0]LogTargetPlatformManager: Display: Loaded TargetPlatform 'LinuxAArch64NoEditor'
[2020.04.28-10.33.58:318][  0]LogTargetPlatformManager: Display: Loaded TargetPlatform 'LinuxAArch64Client'
[2020.04.28-10.33.58:324][  0]LogTargetPlatformManager: Display: Loaded TargetPlatform 'LinuxAArch64Server'
[2020.04.28-10.33.58:343][  0]LogTargetPlatformManager: Display: Loaded TargetPlatform 'Lumin'
[2020.04.28-10.33.58:344][  0]LogTargetPlatformManager: Display: Loaded TargetPlatform 'LuminClient'
[2020.04.28-10.33.58:356][  0]LogTargetPlatformManager: Display: Loaded TargetPlatform 'TVOSClient'
[2020.04.28-10.33.58:356][  0]LogTargetPlatformManager: Display: Loaded TargetPlatform 'TVOS'
[2020.04.28-10.33.58:363][  0]LogTargetPlatformManager: Display: Loaded TargetPlatform 'WindowsNoEditor'
[2020.04.28-10.33.58:370][  0]LogTargetPlatformManager: Display: Loaded TargetPlatform 'Windows'
[2020.04.28-10.33.58:377][  0]LogTargetPlatformManager: Display: Loaded TargetPlatform 'WindowsClient'
[2020.04.28-10.33.58:384][  0]LogTargetPlatformManager: Display: Loaded TargetPlatform 'WindowsServer'
[2020.04.28-10.33.58:384][  0]LogTargetPlatformManager: Display: Building Assets For Windows
[2020.04.28-10.33.58:392][  0]LogAudioDebug: Display: Lib vorbis DLL was dynamically loaded.
[2020.04.28-10.33.58:435][  0]LogShaderCompilers: Guid format shader working directory is 24 characters bigger than the processId version (D:/ouczbs/Survive/Intermediate/Shaders/WorkingDirectory/20380/).
[2020.04.28-10.33.58:435][  0]LogShaderCompilers: Cleaned the shader compiler working directory 'C:/Users/1/AppData/Local/Temp/UnrealShaderWorkingDir/D306FC344372228A6016A59173F82168/'.
[2020.04.28-10.33.58:435][  0]LogXGEController: Cleaning working directory: C:/Users/1/AppData/Local/Temp/UnrealXGEWorkingDir/
[2020.04.28-10.33.58:436][  0]LogXGEController: Cannot use XGE Controller as Incredibuild is not installed on this machine.
[2020.04.28-10.33.58:436][  0]LogShaderCompilers: Cannot use XGE Shader Compiler as Incredibuild is not installed on this machine.
[2020.04.28-10.33.58:436][  0]LogShaderCompilers: Display: Using Local Shader Compiler.
[2020.04.28-10.33.58:985][  0]LogDerivedDataCache: Display: Max Cache Size: 512 MB
[2020.04.28-10.33.59:035][  0]LogDerivedDataCache: Loaded boot cache 0.05s 78MB C:/Users/1/AppData/Local/UnrealEngine/4.24/DerivedDataCache/Boot.ddc.
[2020.04.28-10.33.59:035][  0]LogDerivedDataCache: Display: Loaded Boot cache: C:/Users/1/AppData/Local/UnrealEngine/4.24/DerivedDataCache/Boot.ddc
[2020.04.28-10.33.59:035][  0]LogDerivedDataCache: FDerivedDataBackendGraph:  Pak pak cache file D:/ouczbs/Survive/DerivedDataCache/DDC.ddp not found, will not use a pak cache.
[2020.04.28-10.33.59:035][  0]LogDerivedDataCache: Unable to find inner node Pak for hierarchical cache Hierarchy.
[2020.04.28-10.33.59:035][  0]LogDerivedDataCache: FDerivedDataBackendGraph:  CompressedPak pak cache file D:/ouczbs/Survive/DerivedDataCache/Compressed.ddp not found, will not use a pak cache.
[2020.04.28-10.33.59:035][  0]LogDerivedDataCache: Unable to find inner node CompressedPak for hierarchical cache Hierarchy.
[2020.04.28-10.33.59:044][  0]LogDerivedDataCache: Display: Pak cache opened for reading ../../../Engine/DerivedDataCache/Compressed.ddp.
[2020.04.28-10.33.59:044][  0]LogDerivedDataCache: FDerivedDataBackendGraph:  EnterprisePak pak cache file ../../../Enterprise/DerivedDataCache/Compressed.ddp not found, will not use a pak cache.
[2020.04.28-10.33.59:044][  0]LogDerivedDataCache: Unable to find inner node EnterprisePak for hierarchical cache Hierarchy.
[2020.04.28-10.33.59:046][  0]LogDerivedDataCache: Using Local data cache path C:/Users/1/AppData/Local/UnrealEngine/Common/DerivedDataCache: Writable
[2020.04.28-10.33.59:046][  0]LogDerivedDataCache: Shared data cache path not found in *engine.ini, will not use an Shared cache.
[2020.04.28-10.33.59:046][  0]LogDerivedDataCache: Unable to find inner node Shared for hierarchical cache Hierarchy.
[2020.04.28-10.33.59:065][  0]LogMaterial: Verifying Global Shaders for PCD3D_SM5
[2020.04.28-10.33.59:067][  0]LogSlate: Using FreeType 2.10.0
[2020.04.28-10.33.59:068][  0]LogSlate: SlateFontServices - WITH_FREETYPE: 1, WITH_HARFBUZZ: 1
[2020.04.28-10.33.59:111][  0]LogAssetRegistry: FAssetRegistry took 0.0036 seconds to start up
[2020.04.28-10.33.59:323][  0]LogInit: Selected Device Profile: [Windows]
[2020.04.28-10.33.59:476][  0]LogMeshReduction: Using QuadricMeshReduction for automatic static mesh reduction
[2020.04.28-10.33.59:476][  0]LogMeshReduction: Using SimplygonMeshReduction for automatic skeletal mesh reduction
[2020.04.28-10.33.59:476][  0]LogMeshReduction: Using ProxyLODMeshReduction for automatic mesh merging
[2020.04.28-10.33.59:476][  0]LogMeshReduction: No distributed automatic mesh merging module available
[2020.04.28-10.33.59:476][  0]LogMeshMerging: No distributed automatic mesh merging module available
[2020.04.28-10.33.59:488][  0]LogNetVersion: Survive 1.0.0, NetCL: 10570792, EngineNetVer: 13, GameNetVer: 0 (Checksum: 1720205484)
[2020.04.28-10.34.00:320][  0]LogPackageLocalizationCache: Processed 11 localized package path(s) for 2 prioritized culture(s) in 0.082151 seconds
[2020.04.28-10.34.00:327][  0]LogUObjectArray: 46831 objects as part of root set at end of initial load.
[2020.04.28-10.34.00:327][  0]LogUObjectAllocator: 8153432 out of 0 bytes used by permanent object pool.
[2020.04.28-10.34.00:327][  0]LogUObjectArray: CloseDisregardForGC: 0/0 objects in disregard for GC pool
[2020.04.28-10.34.00:742][  0]LogTcpMessaging: Initializing TcpMessaging bridge
[2020.04.28-10.34.00:747][  0]LogUdpMessaging: Initializing bridge on interface 0.0.0.0:0 to multicast group 230.0.0.1:6666.
[2020.04.28-10.34.00:833][  0]SourceControl: 源码管理已禁用
[2020.04.28-10.34.00:834][  0]SourceControl: 源码管理已禁用
[2020.04.28-10.34.00:836][  0]SourceControl: 源码管理已禁用
[2020.04.28-10.34.00:838][  0]SourceControl: 源码管理已禁用
[2020.04.28-10.34.00:840][  0]SourceControl: 源码管理已禁用
[2020.04.28-10.34.00:963][  0]LogAndroidPermission: UAndroidPermissionCallbackProxy::GetInstance
[2020.04.28-10.34.00:980][  0]LogAudioCaptureCore: Display: No Audio Capture implementations found. Audio input will be silent.
[2020.04.28-10.34.00:980][  0]LogAudioCaptureCore: Display: No Audio Capture implementations found. Audio input will be silent.
[2020.04.28-10.34.01:058][  0]LogOcInput: OculusInput pre-init called
[2020.04.28-10.34.01:067][  0]LogWindows: Failed to load 'OVRPlugin.dll' (GetLastError=126)
[2020.04.28-10.34.01:067][  0]LogWindows: File 'OVRPlugin.dll' does not exist
[2020.04.28-10.34.01:138][  0]LogEngine: Initializing Engine...
[2020.04.28-10.34.01:139][  0]LogHMD: Failed to initialize OpenVR with code 110
[2020.04.28-10.34.01:140][  0]LogStats: UGameplayTagsManager::InitializeManager -  0.000 s
[2020.04.28-10.34.01:407][  0]LogInit: Initializing FReadOnlyCVARCache
[2020.04.28-10.34.01:415][  0]LogAIModule: Creating AISystem for world Untitled
[2020.04.28-10.34.01:434][  0]LogAudioMixer: Display: Audio Mixer Platform Settings:
[2020.04.28-10.34.01:434][  0]LogAudioMixer: Display: 	Sample Rate:						  48000
[2020.04.28-10.34.01:434][  0]LogAudioMixer: Display: 	Callback Buffer Frame Size Requested: 1024
[2020.04.28-10.34.01:434][  0]LogAudioMixer: Display: 	Callback Buffer Frame Size To Use:	  1024
[2020.04.28-10.34.01:434][  0]LogAudioMixer: Display: 	Number of buffers to queue:			  2
[2020.04.28-10.34.01:434][  0]LogAudioMixer: Display: 	Max Channels (voices):				  32
[2020.04.28-10.34.01:434][  0]LogAudioMixer: Display: 	Number of Async Source Workers:		  0
[2020.04.28-10.34.01:434][  0]LogAudio: Display: AudioDevice MaxSources: 32
[2020.04.28-10.34.01:435][  0]LogAudio: Display: Using built-in audio occlusion.
[2020.04.28-10.34.01:435][  0]LogAudioMixer: Display: Initializing audio mixer.
[2020.04.28-10.34.01:469][  0]LogAudioMixer: Display: Audio Device Output Speaker Info:
[2020.04.28-10.34.01:469][  0]LogAudioMixer: Display: Name: Speakers/Headphones (Realtek(R) Audio)
[2020.04.28-10.34.01:469][  0]LogAudioMixer: Display: Is Default: Yes
[2020.04.28-10.34.01:469][  0]LogAudioMixer: Display: Sample Rate: 48000
[2020.04.28-10.34.01:469][  0]LogAudioMixer: Display: Channel Count Used: 2
[2020.04.28-10.34.01:469][  0]LogAudioMixer: Display: Device Channel Count: 2
[2020.04.28-10.34.01:469][  0]LogAudioMixer: Display: Channel Order:
[2020.04.28-10.34.01:469][  0]LogAudioMixer: Display: 0: FrontLeft
[2020.04.28-10.34.01:469][  0]LogAudioMixer: Display: 1: FrontRight
[2020.04.28-10.34.01:724][  0]LogAudioMixer: Display: Using Audio Device Speakers/Headphones (Realtek(R) Audio)
[2020.04.28-10.34.01:732][  0]LogInit: FAudioDevice initialized.
[2020.04.28-10.34.01:732][  0]LogNetVersion: Set ProjectVersion to 1.0.0.0. Version Checksum will be recalculated on next use.
[2020.04.28-10.34.01:809][  0]LogDerivedDataCache: Saved boot cache 0.08s 78MB C:/Users/1/AppData/Local/UnrealEngine/4.24/DerivedDataCache/Boot.ddc.
[2020.04.28-10.34.01:813][  0]LogInit: Texture streaming: Enabled
[2020.04.28-10.34.01:830][  0]LogEngineSessionManager: EngineSessionManager initialized
[2020.04.28-10.34.01:830][  0]LogEditorSessionSummary: Verbose: Initializing EditorSessionSummaryWriter for editor session tracking
[2020.04.28-10.34.01:835][  0]LogEditorSessionSummary: EditorSessionSummaryWriter initialized
[2020.04.28-10.34.01:881][  0]LogInit: Transaction tracking system initialized
[2020.04.28-10.34.01:897][  0]BlueprintLog: New page: 编辑器加载
[2020.04.28-10.34.01:941][  0]LocalizationService: 本地化服务已禁用
[2020.04.28-10.34.02:183][  0]LogFileCache: Scanning file cache for directory 'D:/ouczbs/Survive/Content/' took 0.00s
[2020.04.28-10.34.02:183][  0]LogCook: Display: Max memory allowance for cook 16384mb min free memory 0mb
[2020.04.28-10.34.02:184][  0]LogCook: Display: Mobile HDR setting 1
[2020.04.28-10.34.02:728][  0]SourceControl: 源码管理已禁用
[2020.04.28-10.34.02:728][  0]Cmd: MAP LOAD FILE="D:/ouczbs/Survive/Content/Maps/TestMap.umap" TEMPLATE=0 SHOWPROGRESS=1 FEATURELEVEL=3
[2020.04.28-10.34.02:728][  0]LightingResults: New page: 光照构建
[2020.04.28-10.34.02:729][  0]LogWorld: UWorld::CleanupWorld for Untitled, bSessionEnded=true, bCleanupResources=true
[2020.04.28-10.34.02:729][  0]LogSlate: InvalidateAllWidgets triggered.  All widgets were invalidated
[2020.04.28-10.34.02:729][  0]MapCheck: New page: 地图检测
[2020.04.28-10.34.02:729][  0]LightingResults: New page: 光照构建
[2020.04.28-10.34.02:755][  0]LogUObjectHash: Compacting FUObjectHashTables data took   1.31ms
[2020.04.28-10.34.02:757][  0]LogLinker: Warning: Asset 'D:/ouczbs/Survive/Content/Maps/TestMap.umap' has been saved with empty engine version. The asset will be loaded but may be incompatible.
[2020.04.28-10.34.02:798][  0]LogLinker: Warning: Asset 'D:/ouczbs/Survive/Content/Maps/TestMap_BuiltData.uasset' has been saved with empty engine version. The asset will be loaded but may be incompatible.
[2020.04.28-10.34.02:817][  0]LogAIModule: Creating AISystem for world TestMap
[2020.04.28-10.34.02:820][  0]LogEditorServer: Finished looking for orphan Actors (0.000 secs)
[2020.04.28-10.34.02:848][  0]LogUObjectHash: Compacting FUObjectHashTables data took   1.79ms
[2020.04.28-10.34.02:849][  0]Cmd: MAP CHECKDEP NOCLEARLOG
[2020.04.28-10.34.02:849][  0]MapCheck: 地图检测完成：0个错误、0个警告、完成用时0.085毫秒。
[2020.04.28-10.34.02:849][  0]LogFileHelpers: Loading map 'TestMap' took 0.122
[2020.04.28-10.34.02:996][  0]LogSlate: Updating window title bar state: overlay mode, drag disabled, window buttons hidden, title bar hidden
[2020.04.28-10.34.03:002][  0]LogSlate: Updating window title bar state: overlay mode, drag disabled, window buttons hidden, title bar hidden
[2020.04.28-10.34.03:007][  0]LogSlate: Updating window title bar state: overlay mode, drag disabled, window buttons hidden, title bar hidden
[2020.04.28-10.34.03:012][  0]LogSlate: Updating window title bar state: overlay mode, drag disabled, window buttons hidden, title bar hidden
[2020.04.28-10.34.03:019][  0]LogCollectionManager: Loaded 0 collections in 0.001449 seconds
[2020.04.28-10.34.03:037][  0]LogFileCache: Scanning file cache for directory 'D:/ouczbs/Survive/Saved/Collections/' took 0.00s
[2020.04.28-10.34.03:037][  0]LogFileCache: Scanning file cache for directory 'D:/ouczbs/Survive/Content/Developers/1/Collections/' took 0.00s
[2020.04.28-10.34.03:037][  0]LogFileCache: Scanning file cache for directory 'D:/ouczbs/Survive/Content/Collections/' took 0.00s
[2020.04.28-10.34.03:037][  0]LogContentBrowser: Native class hierarchy populated in 0.0069 seconds. Added 3023 classes and 728 folders.
[2020.04.28-10.34.03:039][  0]LogContentBrowser: Native class hierarchy updated for 'WidgetCarousel' in 0.0002 seconds. Added 0 classes and 0 folders.
[2020.04.28-10.34.03:079][  0]LogContentBrowser: Native class hierarchy updated for 'AddContentDialog' in 0.0002 seconds. Added 0 classes and 0 folders.
[2020.04.28-10.34.03:084][  0]LogContentBrowser: Native class hierarchy updated for 'SceneOutliner' in 0.0003 seconds. Added 2 classes and 3 folders.
[2020.04.28-10.34.03:257][  0]LogSlate: Took 0.000162 seconds to synchronously load lazily loaded font '../../../Engine/Content/Slate/Fonts/Roboto-Regular.ttf' (155K)
[2020.04.28-10.34.03:260][  0]LogSlate: Took 0.002079 seconds to synchronously load lazily loaded font '../../../Engine/Content/Slate/Fonts/DroidSansFallback.ttf' (3848K)
[2020.04.28-10.34.03:261][  0]LogSlate: Took 0.000141 seconds to synchronously load lazily loaded font '../../../Engine/Content/Slate/Fonts/Roboto-Bold.ttf' (160K)
[2020.04.28-10.34.03:263][  0]LogSlate: Took 0.000115 seconds to synchronously load lazily loaded font '../../../Engine/Content/Editor/Slate/Fonts/FontAwesome.ttf' (139K)
[2020.04.28-10.34.03:264][  0]LogSlate: Took 0.000098 seconds to synchronously load lazily loaded font '../../../Engine/Content/Slate/Fonts/DroidSansMono.ttf' (77K)
[2020.04.28-10.34.03:354][  0]LogRenderer: Reallocating scene render targets to support 1620x840 Format 10 NumSamples 1 (Frame:1).
[2020.04.28-10.34.03:462][  0]LogContentBrowser: Native class hierarchy updated for 'HierarchicalLODOutliner' in 0.0003 seconds. Added 0 classes and 0 folders.
[2020.04.28-10.34.03:462][  0]LogLoad: (Engine Initialization) Total time: 7.20 seconds
[2020.04.28-10.34.03:463][  0]LogLoad: (Engine Initialization) Total Blueprint compile time: 0.00 seconds
[2020.04.28-10.34.03:507][  0]LogAssetRegistry: Asset discovery search completed in 4.3984 seconds
[2020.04.28-10.34.03:510][  0]LogCollectionManager: Fixed up redirectors for 0 collections in 0.000007 seconds (updated 0 objects)
[2020.04.28-10.34.03:511][  0]LogContentStreaming: Texture pool size now 1000 MB
[2020.04.28-10.35.29:555][599]LogTemp: Repeating last play command: 选中的视口
[2020.04.28-10.35.29:568][599]LogBlueprintUserMessages: Early PlayInEditor Detection: Level '/Game/Maps/TestMap.TestMap:PersistentLevel' has LevelScriptBlueprint '/Game/Maps/TestMap.TestMap:PersistentLevel.TestMap' with GeneratedClass '/Game/Maps/TestMap.TestMap_C' with ClassGeneratedBy '/Game/Maps/TestMap.TestMap:PersistentLevel.TestMap'
[2020.04.28-10.35.29:568][599]LogPlayLevel: PlayLevel: No blueprints needed recompiling
[2020.04.28-10.35.29:568][599]PIE: New page: PIE会话：TestMap（2020年4月29日 上午2:35:29）
[2020.04.28-10.35.29:570][599]LogOnline: OSS: Creating online subsystem instance for: NULL
[2020.04.28-10.35.29:571][599]LogOnline: OSS: TryLoadSubsystemAndSetDefault: Loaded subsystem for module [NULL]
[2020.04.28-10.35.29:572][599]LogPlayLevel: Creating play world package: /Game/Maps/UEDPIE_0_TestMap
[2020.04.28-10.35.29:573][599]LogPlayLevel: PIE: StaticDuplicateObject took: (0.001772s)
[2020.04.28-10.35.29:574][599]LogAIModule: Creating AISystem for world TestMap
[2020.04.28-10.35.29:575][599]LogPlayLevel: PIE: World Init took: (0.000971s)
[2020.04.28-10.35.29:575][599]LogPlayLevel: PIE: Created PIE world by copying editor world from /Game/Maps/TestMap.TestMap to /Game/Maps/UEDPIE_0_TestMap.TestMap (0.003103s)
[2020.04.28-10.35.29:599][599]LogUObjectHash: Compacting FUObjectHashTables data took   1.08ms
[2020.04.28-10.35.29:603][599]LogAudioMixer: Display: Audio Mixer Platform Settings:
[2020.04.28-10.35.29:603][599]LogAudioMixer: Display: 	Sample Rate:						  48000
[2020.04.28-10.35.29:603][599]LogAudioMixer: Display: 	Callback Buffer Frame Size Requested: 1024
[2020.04.28-10.35.29:603][599]LogAudioMixer: Display: 	Callback Buffer Frame Size To Use:	  1024
[2020.04.28-10.35.29:603][599]LogAudioMixer: Display: 	Number of buffers to queue:			  2
[2020.04.28-10.35.29:603][599]LogAudioMixer: Display: 	Max Channels (voices):				  32
[2020.04.28-10.35.29:603][599]LogAudioMixer: Display: 	Number of Async Source Workers:		  0
[2020.04.28-10.35.29:603][599]LogAudio: Display: AudioDevice MaxSources: 32
[2020.04.28-10.35.29:604][599]LogAudio: Display: Using built-in audio occlusion.
[2020.04.28-10.35.29:604][599]LogAudioMixer: Display: Initializing audio mixer.
[2020.04.28-10.35.29:628][599]LogAudioMixer: Display: Audio Device Output Speaker Info:
[2020.04.28-10.35.29:628][599]LogAudioMixer: Display: Name: Speakers/Headphones (Realtek(R) Audio)
[2020.04.28-10.35.29:628][599]LogAudioMixer: Display: Is Default: Yes
[2020.04.28-10.35.29:628][599]LogAudioMixer: Display: Sample Rate: 48000
[2020.04.28-10.35.29:628][599]LogAudioMixer: Display: Channel Count Used: 2
[2020.04.28-10.35.29:628][599]LogAudioMixer: Display: Device Channel Count: 2
[2020.04.28-10.35.29:628][599]LogAudioMixer: Display: Channel Order:
[2020.04.28-10.35.29:628][599]LogAudioMixer: Display: 0: FrontLeft
[2020.04.28-10.35.29:629][599]LogAudioMixer: Display: 1: FrontRight
[2020.04.28-10.35.29:737][599]LogAudioMixer: Display: Using Audio Device Speakers/Headphones (Realtek(R) Audio)
[2020.04.28-10.35.29:740][599]LogInit: FAudioDevice initialized.
[2020.04.28-10.35.29:759][599]LogLoad: Game class is 'SurviveGameMode_C'
[2020.04.28-10.35.29:761][599]LogUnLua: == UNLUA_PRINT : WITH_UE4_NAMESPACE==false    
[2020.04.28-10.35.29:775][599]LogUnLua: Warning: Lua error message: D:/ouczbs/Survive/Content/Script/GamePlay\GP.lua:7: module 'GamePlay.World' not found:
	no field package.preload['GamePlay.World']
	no file 'C:\Program Files\Epic Games\UE_4.24\Engine\Binaries\Win64\lua\GamePlay\World.lua'
	no file 'C:\Program Files\Epic Games\UE_4.24\Engine\Binaries\Win64\lua\GamePlay\World\init.lua'
	no file 'C:\Program Files\Epic Games\UE_4.24\Engine\Binaries\Win64\GamePlay\World.lua'
	no file 'C:\Program Files\Epic Games\UE_4.24\Engine\Binaries\Win64\GamePlay\World\init.lua'
	no file 'C:\Program Files\Epic Games\UE_4.24\Engine\Binaries\Win64\..\share\lua\5.3\GamePlay\World.lua'
	no file 'C:\Program Files\Epic Games\UE_4.24\Engine\Binaries\Win64\..\share\lua\5.3\GamePlay\World\init.lua'
	no file '.\GamePlay\World.lua'
	no file '.\GamePlay\World\init.lua'
	no file 'D:/ouczbs/Survive/Content/Script/GamePlay\World.lua'
	no file 'C:\Program Files\Epic Games\UE_4.24\Engine\Binaries\Win64\GamePlay\World.dll'
	no file 'C:\Program Files\Epic Games\UE_4.24\Engine\Binaries\Win64\..\lib\lua\5.3\GamePlay\World.dll'
	no file 'C:\Program Files\Epic Games\UE_4.24\Engine\Binaries\Win64\loadall.dll'
	no file '.\GamePlay\World.dll'
	no file 'C:\Program Files\Epic Games\UE_4.24\Engine\Binaries\Win64\GamePlay.dll'
	no file 'C:\Program Files\Epic Games\UE_4.24\Engine\Binaries\Win64\..\lib\lua\5.3\GamePlay.dll'
	no file 'C:\Program Files\Epic Games\UE_4.24\Engine\Binaries\Win64\loadall.dll'
	no file '.\GamePlay.dll'
stack traceback:
	[C]: in function 'require'
	D:/ouczbs/Survive/Content/Script/GamePlay\GP.lua:7: in main chunk
	[C]: in function 'require'
	D:/ouczbs/Survive/Content/Script/World.lua:2: in main chunk
	[C]: in function 'require'
	D:/ouczbs/Survive/Content/Script/SurviveGameMode.lua:3: in main chunk
	[C]: in function 'require'
[2020.04.28-10.35.29:775][599]LogUnLua: Warning: Failed to attach SurviveGameMode module for object SurviveGameMode_C_0!
[2020.04.28-10.35.29:777][599]LogWorld: Bringing World /Game/Maps/UEDPIE_0_TestMap.TestMap up for play (max tick rate 0) at 2020.04.28-18.35.29
[2020.04.28-10.35.29:777][599]LogTemp: C++ InitGame
[2020.04.28-10.35.29:777][599]LogWorld: Bringing up level for play took: 0.000668
[2020.04.28-10.35.29:777][599]LogOnline: OSS: Creating online subsystem instance for: :Context_1
[2020.04.28-10.35.29:781][599]LogContentBrowser: Native class hierarchy updated for 'MovieSceneCapture' in 0.0003 seconds. Added 20 classes and 0 folders.
[2020.04.28-10.35.29:781][599]LogTemp: C++ StartPlay
[2020.04.28-10.35.29:782][599]LogTemp: C++ BeginPlay
[2020.04.28-10.35.29:782][599]LogBlueprintUserMessages: [SurviveGameMode_C_0] hello2222222222222222
[2020.04.28-10.35.29:782][599]PIE: /Game/Maps/UEDPIE_0_TestMap在编辑器中运行的起始时间-0.124
[2020.04.28-10.35.29:782][599]LogBlueprintUserMessages: Late PlayInEditor Detection: Level '/Game/Maps/TestMap.TestMap:PersistentLevel' has LevelScriptBlueprint '/Game/Maps/TestMap.TestMap:PersistentLevel.TestMap' with GeneratedClass '/Game/Maps/TestMap.TestMap_C' with ClassGeneratedBy '/Game/Maps/TestMap.TestMap:PersistentLevel.TestMap'
[2020.04.28-10.36.06:442][365]LogAudioMixer: Display: No commands were queued while flushing the source manager.
[2020.04.28-10.36.06:442][365]LogAudioMixer: Display: No commands were queued while flushing the source manager.
[2020.04.28-10.36.06:442][365]LogBlueprintUserMessages: Early EndPlayMap Detection: Level '/Game/Maps/TestMap.TestMap:PersistentLevel' has LevelScriptBlueprint '/Game/Maps/TestMap.TestMap:PersistentLevel.TestMap' with GeneratedClass '/Game/Maps/TestMap.TestMap_C' with ClassGeneratedBy '/Game/Maps/TestMap.TestMap:PersistentLevel.TestMap'
[2020.04.28-10.36.06:442][365]LogSlate: Updating window title bar state: overlay mode, drag disabled, window buttons hidden, title bar hidden
[2020.04.28-10.36.06:442][365]LogWorld: BeginTearingDown for /Game/Maps/UEDPIE_0_TestMap
[2020.04.28-10.36.06:443][365]LogAudioMixer: Display: No commands were queued while flushing the source manager.
[2020.04.28-10.36.06:443][365]LogTemp: C++ EndPlay
[2020.04.28-10.36.06:443][365]LogWorld: UWorld::CleanupWorld for TestMap, bSessionEnded=true, bCleanupResources=true
[2020.04.28-10.36.06:443][365]LogSlate: InvalidateAllWidgets triggered.  All widgets were invalidated
[2020.04.28-10.36.06:452][365]LogPlayLevel: Display: Shutting down PIE online subsystems
[2020.04.28-10.36.06:453][365]LogBlueprintUserMessages: Late EndPlayMap Detection: Level '/Game/Maps/TestMap.TestMap:PersistentLevel' has LevelScriptBlueprint '/Game/Maps/TestMap.TestMap:PersistentLevel.TestMap' with GeneratedClass '/Game/Maps/TestMap.TestMap_C' with ClassGeneratedBy '/Game/Maps/TestMap.TestMap:PersistentLevel.TestMap'
[2020.04.28-10.36.06:456][365]LogSlate: InvalidateAllWidgets triggered.  All widgets were invalidated
[2020.04.28-10.36.06:479][365]LogAudioMixer: Display: No commands were queued while flushing the source manager.
[2020.04.28-10.36.06:486][365]LogSlate: Updating window title bar state: overlay mode, drag disabled, window buttons hidden, title bar hidden
[2020.04.28-10.36.06:488][365]LogUObjectHash: Compacting FUObjectHashTables data took   1.23ms
[2020.04.28-10.36.06:545][371]LogPlayLevel: Display: Destroying online subsystem :Context_1
[2020.04.28-10.36.09:736][725]LogTemp: Repeating last play command: 选中的视口
[2020.04.28-10.36.09:746][725]LogBlueprintUserMessages: Early PlayInEditor Detection: Level '/Game/Maps/TestMap.TestMap:PersistentLevel' has LevelScriptBlueprint '/Game/Maps/TestMap.TestMap:PersistentLevel.TestMap' with GeneratedClass '/Game/Maps/TestMap.TestMap_C' with ClassGeneratedBy '/Game/Maps/TestMap.TestMap:PersistentLevel.TestMap'
[2020.04.28-10.36.09:746][725]LogPlayLevel: PlayLevel: No blueprints needed recompiling
[2020.04.28-10.36.09:746][725]PIE: New page: PIE会话：TestMap（2020年4月29日 上午2:36:09）
[2020.04.28-10.36.09:746][725]LogPlayLevel: Creating play world package: /Game/Maps/UEDPIE_0_TestMap
[2020.04.28-10.36.09:748][725]LogPlayLevel: PIE: StaticDuplicateObject took: (0.001607s)
[2020.04.28-10.36.09:749][725]LogAIModule: Creating AISystem for world TestMap
[2020.04.28-10.36.09:749][725]LogPlayLevel: PIE: World Init took: (0.000925s)
[2020.04.28-10.36.09:749][725]LogPlayLevel: PIE: Created PIE world by copying editor world from /Game/Maps/TestMap.TestMap to /Game/Maps/UEDPIE_0_TestMap.TestMap (0.002802s)
[2020.04.28-10.36.09:775][725]LogUObjectHash: Compacting FUObjectHashTables data took   1.08ms
[2020.04.28-10.36.09:776][725]LogAudioMixer: Display: Audio Mixer Platform Settings:
[2020.04.28-10.36.09:776][725]LogAudioMixer: Display: 	Sample Rate:						  48000
[2020.04.28-10.36.09:776][725]LogAudioMixer: Display: 	Callback Buffer Frame Size Requested: 1024
[2020.04.28-10.36.09:776][725]LogAudioMixer: Display: 	Callback Buffer Frame Size To Use:	  1024
[2020.04.28-10.36.09:776][725]LogAudioMixer: Display: 	Number of buffers to queue:			  2
[2020.04.28-10.36.09:776][725]LogAudioMixer: Display: 	Max Channels (voices):				  32
[2020.04.28-10.36.09:776][725]LogAudioMixer: Display: 	Number of Async Source Workers:		  0
[2020.04.28-10.36.09:777][725]LogAudio: Display: AudioDevice MaxSources: 32
[2020.04.28-10.36.09:777][725]LogAudio: Display: Using built-in audio occlusion.
[2020.04.28-10.36.09:777][725]LogAudioMixer: Display: Initializing audio mixer.
[2020.04.28-10.36.09:800][725]LogAudioMixer: Display: Audio Device Output Speaker Info:
[2020.04.28-10.36.09:800][725]LogAudioMixer: Display: Name: Speakers/Headphones (Realtek(R) Audio)
[2020.04.28-10.36.09:800][725]LogAudioMixer: Display: Is Default: Yes
[2020.04.28-10.36.09:800][725]LogAudioMixer: Display: Sample Rate: 48000
[2020.04.28-10.36.09:800][725]LogAudioMixer: Display: Channel Count Used: 2
[2020.04.28-10.36.09:800][725]LogAudioMixer: Display: Device Channel Count: 2
[2020.04.28-10.36.09:800][725]LogAudioMixer: Display: Channel Order:
[2020.04.28-10.36.09:800][725]LogAudioMixer: Display: 0: FrontLeft
[2020.04.28-10.36.09:800][725]LogAudioMixer: Display: 1: FrontRight
[2020.04.28-10.36.09:885][725]LogAudioMixer: Display: Using Audio Device Speakers/Headphones (Realtek(R) Audio)
[2020.04.28-10.36.09:887][725]LogInit: FAudioDevice initialized.
[2020.04.28-10.36.09:893][725]LogLoad: Game class is 'SurviveGameMode_C'
[2020.04.28-10.36.09:894][725]LogUnLua: == UNLUA_PRINT : WITH_UE4_NAMESPACE==false    
[2020.04.28-10.36.09:908][725]LogUnLua: == UNLUA_PRINT : lua class : SurviveGameMode    
[2020.04.28-10.36.09:909][725]LogWorld: Bringing World /Game/Maps/UEDPIE_0_TestMap.TestMap up for play (max tick rate 0) at 2020.04.28-18.36.09
[2020.04.28-10.36.09:909][725]LogTemp: C++ InitGame
[2020.04.28-10.36.09:909][725]LogUnLua: == UNLUA_PRINT : OverrideInitGame==*******************=    
[2020.04.28-10.36.09:909][725]LogWorld: Bringing up level for play took: 0.000924
[2020.04.28-10.36.09:910][725]LogOnline: OSS: Creating online subsystem instance for: :Context_2
[2020.04.28-10.36.09:913][725]LogTemp: C++ StartPlay
[2020.04.28-10.36.09:913][725]LogTemp: C++ BeginPlay
[2020.04.28-10.36.09:913][725]LogUnLua: == UNLUA_PRINT : ReceiveBeginPlay GameMode    
[2020.04.28-10.36.09:913][725]LogUnLua: == UNLUA_PRINT : nil    
[2020.04.28-10.36.09:914][725]LogUnLua: == UNLUA_PRINT : function: 00000246DC699270    
[2020.04.28-10.36.09:914][725]LogUnLua: == UNLUA_PRINT : 
[2020.04.28-10.36.09:914][725]PIE: /Game/Maps/UEDPIE_0_TestMap在编辑器中运行的起始时间0.008
[2020.04.28-10.36.09:914][725]LogBlueprintUserMessages: Late PlayInEditor Detection: Level '/Game/Maps/TestMap.TestMap:PersistentLevel' has LevelScriptBlueprint '/Game/Maps/TestMap.TestMap:PersistentLevel.TestMap' with GeneratedClass '/Game/Maps/TestMap.TestMap_C' with ClassGeneratedBy '/Game/Maps/TestMap.TestMap:PersistentLevel.TestMap'
[2020.04.28-10.36.20:092][940]LogAudioMixer: Display: No commands were queued while flushing the source manager.
[2020.04.28-10.36.20:092][940]LogAudioMixer: Display: No commands were queued while flushing the source manager.
[2020.04.28-10.36.20:092][940]LogBlueprintUserMessages: Early EndPlayMap Detection: Level '/Game/Maps/TestMap.TestMap:PersistentLevel' has LevelScriptBlueprint '/Game/Maps/TestMap.TestMap:PersistentLevel.TestMap' with GeneratedClass '/Game/Maps/TestMap.TestMap_C' with ClassGeneratedBy '/Game/Maps/TestMap.TestMap:PersistentLevel.TestMap'
[2020.04.28-10.36.20:092][940]LogSlate: Updating window title bar state: overlay mode, drag disabled, window buttons hidden, title bar hidden
[2020.04.28-10.36.20:092][940]LogWorld: BeginTearingDown for /Game/Maps/UEDPIE_0_TestMap
[2020.04.28-10.36.20:092][940]LogAudioMixer: Display: No commands were queued while flushing the source manager.
[2020.04.28-10.36.20:093][940]LogTemp: C++ EndPlay
[2020.04.28-10.36.20:093][940]LogWorld: UWorld::CleanupWorld for TestMap, bSessionEnded=true, bCleanupResources=true
[2020.04.28-10.36.20:093][940]LogSlate: InvalidateAllWidgets triggered.  All widgets were invalidated
[2020.04.28-10.36.20:104][940]LogPlayLevel: Display: Shutting down PIE online subsystems
[2020.04.28-10.36.20:105][940]LogBlueprintUserMessages: Late EndPlayMap Detection: Level '/Game/Maps/TestMap.TestMap:PersistentLevel' has LevelScriptBlueprint '/Game/Maps/TestMap.TestMap:PersistentLevel.TestMap' with GeneratedClass '/Game/Maps/TestMap.TestMap_C' with ClassGeneratedBy '/Game/Maps/TestMap.TestMap:PersistentLevel.TestMap'
[2020.04.28-10.36.20:107][940]LogSlate: InvalidateAllWidgets triggered.  All widgets were invalidated
[2020.04.28-10.36.20:132][940]LogAudioMixer: Display: No commands were queued while flushing the source manager.
[2020.04.28-10.36.20:137][940]LogSlate: Updating window title bar state: overlay mode, drag disabled, window buttons hidden, title bar hidden
[2020.04.28-10.36.20:139][940]LogUObjectHash: Compacting FUObjectHashTables data took   1.10ms
[2020.04.28-10.36.20:198][945]LogPlayLevel: Display: Destroying online subsystem :Context_2
[2020.04.28-10.44.41:914][679]LogSlate: Took 0.000359 seconds to synchronously load lazily loaded font '../../../Engine/Content/Slate/Fonts/Roboto-Light.ttf' (167K)
[2020.04.28-11.16.27:158][227]LogTemp: Repeating last play command: 选中的视口
[2020.04.28-11.16.27:168][227]LogBlueprintUserMessages: Early PlayInEditor Detection: Level '/Game/Maps/TestMap.TestMap:PersistentLevel' has LevelScriptBlueprint '/Game/Maps/TestMap.TestMap:PersistentLevel.TestMap' with GeneratedClass '/Game/Maps/TestMap.TestMap_C' with ClassGeneratedBy '/Game/Maps/TestMap.TestMap:PersistentLevel.TestMap'
[2020.04.28-11.16.27:168][227]LogPlayLevel: PlayLevel: No blueprints needed recompiling
[2020.04.28-11.16.27:169][227]PIE: New page: PIE会话：TestMap（2020年4月29日 上午3:16:27）
[2020.04.28-11.16.27:169][227]LogPlayLevel: Creating play world package: /Game/Maps/UEDPIE_0_TestMap
[2020.04.28-11.16.27:171][227]LogPlayLevel: PIE: StaticDuplicateObject took: (0.001713s)
[2020.04.28-11.16.27:172][227]LogAIModule: Creating AISystem for world TestMap
[2020.04.28-11.16.27:172][227]LogPlayLevel: PIE: World Init took: (0.001099s)
[2020.04.28-11.16.27:172][227]LogPlayLevel: PIE: Created PIE world by copying editor world from /Game/Maps/TestMap.TestMap to /Game/Maps/UEDPIE_0_TestMap.TestMap (0.003196s)
[2020.04.28-11.16.27:197][227]LogUObjectHash: Compacting FUObjectHashTables data took   1.34ms
[2020.04.28-11.16.27:198][227]LogAudioMixer: Display: Audio Mixer Platform Settings:
[2020.04.28-11.16.27:198][227]LogAudioMixer: Display: 	Sample Rate:						  48000
[2020.04.28-11.16.27:198][227]LogAudioMixer: Display: 	Callback Buffer Frame Size Requested: 1024
[2020.04.28-11.16.27:198][227]LogAudioMixer: Display: 	Callback Buffer Frame Size To Use:	  1024
[2020.04.28-11.16.27:198][227]LogAudioMixer: Display: 	Number of buffers to queue:			  2
[2020.04.28-11.16.27:198][227]LogAudioMixer: Display: 	Max Channels (voices):				  32
[2020.04.28-11.16.27:198][227]LogAudioMixer: Display: 	Number of Async Source Workers:		  0
[2020.04.28-11.16.27:198][227]LogAudio: Display: AudioDevice MaxSources: 32
[2020.04.28-11.16.27:199][227]LogAudio: Display: Using built-in audio occlusion.
[2020.04.28-11.16.27:199][227]LogAudioMixer: Display: Initializing audio mixer.
[2020.04.28-11.16.27:223][227]LogAudioMixer: Display: Audio Device Output Speaker Info:
[2020.04.28-11.16.27:224][227]LogAudioMixer: Display: Name: Speakers/Headphones (Realtek(R) Audio)
[2020.04.28-11.16.27:224][227]LogAudioMixer: Display: Is Default: Yes
[2020.04.28-11.16.27:224][227]LogAudioMixer: Display: Sample Rate: 48000
[2020.04.28-11.16.27:224][227]LogAudioMixer: Display: Channel Count Used: 2
[2020.04.28-11.16.27:224][227]LogAudioMixer: Display: Device Channel Count: 2
[2020.04.28-11.16.27:224][227]LogAudioMixer: Display: Channel Order:
[2020.04.28-11.16.27:224][227]LogAudioMixer: Display: 0: FrontLeft
[2020.04.28-11.16.27:224][227]LogAudioMixer: Display: 1: FrontRight
[2020.04.28-11.16.27:783][227]LogAudioMixer: Display: Using Audio Device Speakers/Headphones (Realtek(R) Audio)
[2020.04.28-11.16.27:786][227]LogInit: FAudioDevice initialized.
[2020.04.28-11.16.27:816][227]LogLoad: Game class is 'SurviveGameMode_C'
[2020.04.28-11.16.27:821][227]LogUnLua: == UNLUA_PRINT : WITH_UE4_NAMESPACE==false    
[2020.04.28-11.16.27:853][227]LogUnLua: == UNLUA_PRINT : lua class : SurviveGameMode    
[2020.04.28-11.16.27:855][227]LogWorld: Bringing World /Game/Maps/UEDPIE_0_TestMap.TestMap up for play (max tick rate 0) at 2020.04.28-19.16.27
[2020.04.28-11.16.27:855][227]LogTemp: C++ InitGame
[2020.04.28-11.16.27:855][227]LogUnLua: == UNLUA_PRINT : OverrideInitGame==*******************=    
[2020.04.28-11.16.27:855][227]LogWorld: Bringing up level for play took: 0.000827
[2020.04.28-11.16.27:856][227]LogOnline: OSS: Creating online subsystem instance for: :Context_3
[2020.04.28-11.16.27:859][227]LogTemp: C++ StartPlay
[2020.04.28-11.16.27:859][227]LogTemp: C++ BeginPlay
[2020.04.28-11.16.27:859][227]LogUnLua: == UNLUA_PRINT : ReceiveBeginPlay GameMode    
[2020.04.28-11.16.27:859][227]LogUnLua: == UNLUA_PRINT : nil    
[2020.04.28-11.16.27:859][227]LogUnLua: == UNLUA_PRINT : function: 00000246DD081630    
[2020.04.28-11.16.27:859][227]LogUnLua: == UNLUA_PRINT : 
[2020.04.28-11.16.27:859][227]PIE: /Game/Maps/UEDPIE_0_TestMap在编辑器中运行的起始时间-0.047
[2020.04.28-11.16.27:860][227]LogBlueprintUserMessages: Late PlayInEditor Detection: Level '/Game/Maps/TestMap.TestMap:PersistentLevel' has LevelScriptBlueprint '/Game/Maps/TestMap.TestMap:PersistentLevel.TestMap' with GeneratedClass '/Game/Maps/TestMap.TestMap_C' with ClassGeneratedBy '/Game/Maps/TestMap.TestMap:PersistentLevel.TestMap'
[2020.04.28-11.16.28:992][361]LogAudioMixer: Display: No commands were queued while flushing the source manager.
[2020.04.28-11.16.28:992][361]LogAudioMixer: Display: No commands were queued while flushing the source manager.
[2020.04.28-11.16.28:992][361]LogBlueprintUserMessages: Early EndPlayMap Detection: Level '/Game/Maps/TestMap.TestMap:PersistentLevel' has LevelScriptBlueprint '/Game/Maps/TestMap.TestMap:PersistentLevel.TestMap' with GeneratedClass '/Game/Maps/TestMap.TestMap_C' with ClassGeneratedBy '/Game/Maps/TestMap.TestMap:PersistentLevel.TestMap'
[2020.04.28-11.16.28:993][361]LogSlate: Updating window title bar state: overlay mode, drag disabled, window buttons hidden, title bar hidden
[2020.04.28-11.16.28:993][361]LogWorld: BeginTearingDown for /Game/Maps/UEDPIE_0_TestMap
[2020.04.28-11.16.28:993][361]LogAudioMixer: Display: No commands were queued while flushing the source manager.
[2020.04.28-11.16.28:993][361]LogTemp: C++ EndPlay
[2020.04.28-11.16.28:993][361]LogWorld: UWorld::CleanupWorld for TestMap, bSessionEnded=true, bCleanupResources=true
[2020.04.28-11.16.28:994][361]LogSlate: InvalidateAllWidgets triggered.  All widgets were invalidated
[2020.04.28-11.16.29:005][361]LogPlayLevel: Display: Shutting down PIE online subsystems
[2020.04.28-11.16.29:005][361]LogBlueprintUserMessages: Late EndPlayMap Detection: Level '/Game/Maps/TestMap.TestMap:PersistentLevel' has LevelScriptBlueprint '/Game/Maps/TestMap.TestMap:PersistentLevel.TestMap' with GeneratedClass '/Game/Maps/TestMap.TestMap_C' with ClassGeneratedBy '/Game/Maps/TestMap.TestMap:PersistentLevel.TestMap'
[2020.04.28-11.16.29:007][361]LogSlate: InvalidateAllWidgets triggered.  All widgets were invalidated
[2020.04.28-11.16.29:031][361]LogAudioMixer: Display: No commands were queued while flushing the source manager.
[2020.04.28-11.16.29:036][361]LogSlate: Updating window title bar state: overlay mode, drag disabled, window buttons hidden, title bar hidden
[2020.04.28-11.16.29:038][361]LogUObjectHash: Compacting FUObjectHashTables data took   1.14ms
[2020.04.28-11.16.29:100][367]LogPlayLevel: Display: Destroying online subsystem :Context_3
[2020.04.28-11.19.57:736][593]LogTemp: Repeating last play command: 选中的视口
[2020.04.28-11.19.57:746][593]LogBlueprintUserMessages: Early PlayInEditor Detection: Level '/Game/Maps/TestMap.TestMap:PersistentLevel' has LevelScriptBlueprint '/Game/Maps/TestMap.TestMap:PersistentLevel.TestMap' with GeneratedClass '/Game/Maps/TestMap.TestMap_C' with ClassGeneratedBy '/Game/Maps/TestMap.TestMap:PersistentLevel.TestMap'
[2020.04.28-11.19.57:746][593]LogPlayLevel: PlayLevel: No blueprints needed recompiling
[2020.04.28-11.19.57:746][593]PIE: New page: PIE会话：TestMap（2020年4月29日 上午3:19:57）
[2020.04.28-11.19.57:746][593]LogPlayLevel: Creating play world package: /Game/Maps/UEDPIE_0_TestMap
[2020.04.28-11.19.57:748][593]LogPlayLevel: PIE: StaticDuplicateObject took: (0.001688s)
[2020.04.28-11.19.57:749][593]LogAIModule: Creating AISystem for world TestMap
[2020.04.28-11.19.57:749][593]LogPlayLevel: PIE: World Init took: (0.001201s)
[2020.04.28-11.19.57:749][593]LogPlayLevel: PIE: Created PIE world by copying editor world from /Game/Maps/TestMap.TestMap to /Game/Maps/UEDPIE_0_TestMap.TestMap (0.003168s)
[2020.04.28-11.19.57:773][593]LogUObjectHash: Compacting FUObjectHashTables data took   1.10ms
[2020.04.28-11.19.57:774][593]LogAudioMixer: Display: Audio Mixer Platform Settings:
[2020.04.28-11.19.57:774][593]LogAudioMixer: Display: 	Sample Rate:						  48000
[2020.04.28-11.19.57:774][593]LogAudioMixer: Display: 	Callback Buffer Frame Size Requested: 1024
[2020.04.28-11.19.57:774][593]LogAudioMixer: Display: 	Callback Buffer Frame Size To Use:	  1024
[2020.04.28-11.19.57:774][593]LogAudioMixer: Display: 	Number of buffers to queue:			  2
[2020.04.28-11.19.57:774][593]LogAudioMixer: Display: 	Max Channels (voices):				  32
[2020.04.28-11.19.57:774][593]LogAudioMixer: Display: 	Number of Async Source Workers:		  0
[2020.04.28-11.19.57:774][593]LogAudio: Display: AudioDevice MaxSources: 32
[2020.04.28-11.19.57:775][593]LogAudio: Display: Using built-in audio occlusion.
[2020.04.28-11.19.57:775][593]LogAudioMixer: Display: Initializing audio mixer.
[2020.04.28-11.19.57:799][593]LogAudioMixer: Display: Audio Device Output Speaker Info:
[2020.04.28-11.19.57:799][593]LogAudioMixer: Display: Name: Speakers/Headphones (Realtek(R) Audio)
[2020.04.28-11.19.57:799][593]LogAudioMixer: Display: Is Default: Yes
[2020.04.28-11.19.57:799][593]LogAudioMixer: Display: Sample Rate: 48000
[2020.04.28-11.19.57:799][593]LogAudioMixer: Display: Channel Count Used: 2
[2020.04.28-11.19.57:799][593]LogAudioMixer: Display: Device Channel Count: 2
[2020.04.28-11.19.57:800][593]LogAudioMixer: Display: Channel Order:
[2020.04.28-11.19.57:800][593]LogAudioMixer: Display: 0: FrontLeft
[2020.04.28-11.19.57:800][593]LogAudioMixer: Display: 1: FrontRight
[2020.04.28-11.19.57:902][593]LogAudioMixer: Display: Using Audio Device Speakers/Headphones (Realtek(R) Audio)
[2020.04.28-11.19.57:905][593]LogInit: FAudioDevice initialized.
[2020.04.28-11.19.57:917][593]LogLoad: Game class is 'SurviveGameMode_C'
[2020.04.28-11.19.57:933][593]LogUnLua: == UNLUA_PRINT : WITH_UE4_NAMESPACE==false    
[2020.04.28-11.19.57:934][593]LogUnLua: == UNLUA_PRINT : lua class : SurviveGameMode    
[2020.04.28-11.19.57:935][593]LogWorld: Bringing World /Game/Maps/UEDPIE_0_TestMap.TestMap up for play (max tick rate 0) at 2020.04.28-19.19.57
[2020.04.28-11.19.57:935][593]LogTemp: C++ InitGame
[2020.04.28-11.19.57:935][593]LogUnLua: == UNLUA_PRINT : OverrideInitGame==*******************=    
[2020.04.28-11.19.57:936][593]LogWorld: Bringing up level for play took: 0.000858
[2020.04.28-11.19.57:936][593]LogOnline: OSS: Creating online subsystem instance for: :Context_4
[2020.04.28-11.19.57:938][593]LogTemp: C++ StartPlay
[2020.04.28-11.19.57:938][593]LogTemp: C++ BeginPlay
[2020.04.28-11.19.57:939][593]LogUnLua: == UNLUA_PRINT : ReceiveBeginPlay GameMode    
[2020.04.28-11.19.57:939][593]LogUnLua: == UNLUA_PRINT : nil    
[2020.04.28-11.19.57:939][593]LogUnLua: == UNLUA_PRINT : function: 00000246DD876260    
[2020.04.28-11.19.57:939][593]LogUnLua: == UNLUA_PRINT : 
[2020.04.28-11.19.57:939][593]PIE: /Game/Maps/UEDPIE_0_TestMap在编辑器中运行的起始时间0.033
[2020.04.28-11.19.57:939][593]LogBlueprintUserMessages: Late PlayInEditor Detection: Level '/Game/Maps/TestMap.TestMap:PersistentLevel' has LevelScriptBlueprint '/Game/Maps/TestMap.TestMap:PersistentLevel.TestMap' with GeneratedClass '/Game/Maps/TestMap.TestMap_C' with ClassGeneratedBy '/Game/Maps/TestMap.TestMap:PersistentLevel.TestMap'
[2020.04.28-11.20.05:651][506]LogAudioMixer: Display: No commands were queued while flushing the source manager.
[2020.04.28-11.20.05:651][506]LogAudioMixer: Display: No commands were queued while flushing the source manager.
[2020.04.28-11.20.05:651][506]LogBlueprintUserMessages: Early EndPlayMap Detection: Level '/Game/Maps/TestMap.TestMap:PersistentLevel' has LevelScriptBlueprint '/Game/Maps/TestMap.TestMap:PersistentLevel.TestMap' with GeneratedClass '/Game/Maps/TestMap.TestMap_C' with ClassGeneratedBy '/Game/Maps/TestMap.TestMap:PersistentLevel.TestMap'
[2020.04.28-11.20.05:651][506]LogSlate: Updating window title bar state: overlay mode, drag disabled, window buttons hidden, title bar hidden
[2020.04.28-11.20.05:651][506]LogWorld: BeginTearingDown for /Game/Maps/UEDPIE_0_TestMap
[2020.04.28-11.20.05:651][506]LogAudioMixer: Display: No commands were queued while flushing the source manager.
[2020.04.28-11.20.05:651][506]LogTemp: C++ EndPlay
[2020.04.28-11.20.05:651][506]LogWorld: UWorld::CleanupWorld for TestMap, bSessionEnded=true, bCleanupResources=true
[2020.04.28-11.20.05:652][506]LogSlate: InvalidateAllWidgets triggered.  All widgets were invalidated
[2020.04.28-11.20.05:665][506]LogPlayLevel: Display: Shutting down PIE online subsystems
[2020.04.28-11.20.05:665][506]LogBlueprintUserMessages: Late EndPlayMap Detection: Level '/Game/Maps/TestMap.TestMap:PersistentLevel' has LevelScriptBlueprint '/Game/Maps/TestMap.TestMap:PersistentLevel.TestMap' with GeneratedClass '/Game/Maps/TestMap.TestMap_C' with ClassGeneratedBy '/Game/Maps/TestMap.TestMap:PersistentLevel.TestMap'
[2020.04.28-11.20.05:668][506]LogSlate: InvalidateAllWidgets triggered.  All widgets were invalidated
[2020.04.28-11.20.05:690][506]LogAudioMixer: Display: No commands were queued while flushing the source manager.
[2020.04.28-11.20.05:695][506]LogSlate: Updating window title bar state: overlay mode, drag disabled, window buttons hidden, title bar hidden
[2020.04.28-11.20.05:697][506]LogUObjectHash: Compacting FUObjectHashTables data took   1.13ms
[2020.04.28-11.20.05:755][508]LogPlayLevel: Display: Destroying online subsystem :Context_4
