Log file open, 04/28/20 18:05:27
LogWindows: Failed to load 'aqProf.dll' (GetLastError=126)
LogWindows: File 'aqProf.dll' does not exist
LogWindows: Failed to load 'VtuneApi.dll' (GetLastError=126)
LogWindows: File 'VtuneApi.dll' does not exist
LogWindows: Failed to load 'VtuneApi32e.dll' (GetLastError=126)
LogWindows: File 'VtuneApi32e.dll' does not exist
LogConsoleResponse: Display: Failed to find resolution value strings in scalability ini. Falling back to default.
LogInit: Display: Running engine for game: Survive
LogPlatformFile: Not using cached read wrapper
LogTaskGraph: Started task graph with 5 named threads and 35 total threads with 3 sets of task threads.
LogStats: Stats thread started at 0.219958
LogD3D11RHI: Loaded GFSDK_Aftermath_Lib.x64.dll
LogICUInternationalization: ICU TimeZone Detection - Raw Offset: +8:00, Platform Override: ''
LogPluginManager: Mounting plugin Paper2D
LogPluginManager: Mounting plugin AISupport
LogPluginManager: Mounting plugin LightPropagationVolume
LogPluginManager: Mounting plugin ActorLayerUtilities
LogPluginManager: Mounting plugin AnimationSharing
LogPluginManager: Mounting plugin CLionSourceCodeAccess
LogPluginManager: Mounting plugin CodeLiteSourceCodeAccess
LogPluginManager: Mounting plugin GitSourceControl
LogPluginManager: Mounting plugin KDevelopSourceCodeAccess
LogPluginManager: Mounting plugin NullSourceCodeAccess
LogPluginManager: Mounting plugin PerforceSourceControl
LogPluginManager: Mounting plugin PlasticSourceControl
LogPluginManager: Mounting plugin SubversionSourceControl
LogPluginManager: Mounting plugin UObjectPlugin
LogPluginManager: Mounting plugin VisualStudioCodeSourceCodeAccess
LogPluginManager: Mounting plugin VisualStudioSourceCodeAccess
LogPluginManager: Mounting plugin XCodeSourceCodeAccess
LogPluginManager: Mounting plugin AssetManagerEditor
LogPluginManager: Mounting plugin CryptoKeys
LogPluginManager: Mounting plugin CurveEditorTools
LogPluginManager: Mounting plugin DataValidation
LogPluginManager: Mounting plugin FacialAnimation
LogPluginManager: Mounting plugin GameplayTagsEditor
LogPluginManager: Mounting plugin MacGraphicsSwitching
LogPluginManager: Mounting plugin MaterialAnalyzer
LogPluginManager: Mounting plugin MobileLauncherProfileWizard
LogPluginManager: Mounting plugin PluginBrowser
LogPluginManager: Mounting plugin SpeedTreeImporter
LogPluginManager: Mounting plugin DatasmithContent
LogPluginManager: Mounting plugin VariantManagerContent
LogPluginManager: Mounting plugin AlembicImporter
LogPluginManager: Mounting plugin AutomationUtils
LogPluginManager: Mounting plugin BackChannel
LogPluginManager: Mounting plugin CharacterAI
LogPluginManager: Mounting plugin GeometryCache
LogPluginManager: Mounting plugin PlatformCrypto
LogPluginManager: Mounting plugin ProxyLODPlugin
LogPluginManager: Mounting plugin SkeletalReduction
LogPluginManager: Mounting plugin MagicLeap
LogPluginManager: Mounting plugin MagicLeapMedia
LogPluginManager: Mounting plugin MLSDK
LogPluginManager: Mounting plugin AndroidMedia
LogPluginManager: Mounting plugin AvfMedia
LogPluginManager: Mounting plugin ImgMedia
LogPluginManager: Mounting plugin MediaCompositing
LogPluginManager: Mounting plugin MediaPlayerEditor
LogPluginManager: Mounting plugin WebMMedia
LogPluginManager: Mounting plugin WmfMedia
LogPluginManager: Mounting plugin TcpMessaging
LogPluginManager: Mounting plugin UdpMessaging
LogPluginManager: Mounting plugin ActorSequence
LogPluginManager: Mounting plugin LevelSequenceEditor
LogPluginManager: Mounting plugin MatineeToLevelSequence
LogPluginManager: Mounting plugin NetcodeUnitTest
LogPluginManager: Mounting plugin NUTUnrealEngine4
LogPluginManager: Mounting plugin OnlineSubsystemGooglePlay
LogPluginManager: Mounting plugin OnlineSubsystemIOS
LogPluginManager: Mounting plugin OnlineSubsystem
LogPluginManager: Mounting plugin OnlineSubsystemNull
LogPluginManager: Mounting plugin OnlineSubsystemUtils
LogPluginManager: Mounting plugin LauncherChunkInstaller
LogPluginManager: Mounting plugin AndroidDeviceProfileSelector
LogPluginManager: Mounting plugin AndroidMoviePlayer
LogPluginManager: Mounting plugin AndroidPermission
LogPluginManager: Mounting plugin AppleImageUtils
LogPluginManager: Mounting plugin AppleMoviePlayer
LogPluginManager: Mounting plugin ArchVisCharacter
LogPluginManager: Mounting plugin AssetTags
LogPluginManager: Mounting plugin AudioCapture
LogPluginManager: Mounting plugin CableComponent
LogPluginManager: Mounting plugin CustomMeshComponent
LogPluginManager: Mounting plugin EditableMesh
LogPluginManager: Mounting plugin ExampleDeviceProfileSelector
LogPluginManager: Mounting plugin GoogleCloudMessaging
LogPluginManager: Mounting plugin IOSDeviceProfileSelector
LogPluginManager: Mounting plugin LinuxDeviceProfileSelector
LogPluginManager: Mounting plugin LocationServicesBPLibrary
LogPluginManager: Mounting plugin MobilePatchingUtils
LogPluginManager: Mounting plugin OculusVR
LogPluginManager: Mounting plugin PhysXVehicles
LogPluginManager: Mounting plugin PostSplashScreen
LogPluginManager: Mounting plugin ProceduralMeshComponent
LogPluginManager: Mounting plugin RuntimePhysXCooking
LogPluginManager: Mounting plugin SignificanceManager
LogPluginManager: Mounting plugin SteamVR
LogPluginManager: Mounting plugin WebMMoviePlayer
LogPluginManager: Mounting plugin WindowsMoviePlayer
LogPluginManager: Mounting plugin ScreenshotTools
LogPluginManager: Mounting plugin UnLua
LogInit: Using libcurl 7.55.1-DEV
LogInit:  - built for x86_64-pc-win32
LogInit:  - supports SSL with OpenSSL/1.1.1
LogInit:  - supports HTTP deflate (compression) using libz 1.2.8
LogInit:  - other features:
LogInit:      CURL_VERSION_SSL
LogInit:      CURL_VERSION_LIBZ
LogInit:      CURL_VERSION_IPV6
LogInit:      CURL_VERSION_ASYNCHDNS
LogInit:      CURL_VERSION_LARGEFILE
LogInit:      CURL_VERSION_IDN
LogInit:  CurlRequestOptions (configurable via config and command line):
LogInit:  - bVerifyPeer = true  - Libcurl will verify peer certificate
LogInit:  - bUseHttpProxy = false  - Libcurl will NOT use HTTP proxy
LogInit:  - bDontReuseConnections = false  - Libcurl will reuse connections
LogInit:  - MaxHostConnections = 16  - Libcurl will limit the number of connections to a host
LogInit:  - LocalHostAddr = Default
LogInit:  - BufferSize = 65536
LogOnline: OSS: Creating online subsystem instance for: NULL
LogInit: WinSock: version 1.1 (2.2), MaxSocks=32767, MaxUdp=65467
LogOnline: OSS: TryLoadSubsystemAndSetDefault: Loaded subsystem for module [NULL]
LogInit: Build: ++UE4+Release-4.24-CL-11590370
LogInit: Engine Version: 4.24.3-11590370+++UE4+Release-4.24
LogInit: Compatible Engine Version: 4.24.0-10570792+++UE4+Release-4.24
LogInit: Net CL: 10570792
LogInit: OS: Windows 10 (Release 1903) (), CPU: Intel(R) Core(TM) i7-8700 CPU @ 3.20GHz, GPU: NVIDIA GeForce GTX 1050
LogInit: Compiled (64-bit): Feb 24 2020 15:39:18
LogInit: Compiled with Visual C++: 19.16.27032.01
LogInit: Build Configuration: DebugGame
LogInit: Branch Name: ++UE4+Release-4.24
LogInit: Command Line:  -skipcompile
LogInit: Base Directory: C:/Program Files/Epic Games/UE_4.24/Engine/Binaries/Win64/
LogInit: Installed Engine Build: 1
LogDevObjectVersion: Number of dev versions registered: 25
LogDevObjectVersion:   Dev-Blueprints (B0D832E4-1F89-4F0D-ACCF-7EB736FD4AA2): 10
LogDevObjectVersion:   Dev-Build (E1C64328-A22C-4D53-A36C-8E866417BD8C): 0
LogDevObjectVersion:   Dev-Core (375EC13C-06E4-48FB-B500-84F0262A717E): 3
LogDevObjectVersion:   Dev-Editor (E4B068ED-F494-42E9-A231-DA0B2E46BB41): 37
LogDevObjectVersion:   Dev-Framework (CFFC743F-43B0-4480-9391-14DF171D2073): 36
LogDevObjectVersion:   Dev-Mobile (B02B49B5-BB20-44E9-A304-32B752E40360): 2
LogDevObjectVersion:   Dev-Networking (A4E4105C-59A1-49B5-A7C5-40C4547EDFEE): 0
LogDevObjectVersion:   Dev-Online (39C831C9-5AE6-47DC-9A44-9C173E1C8E7C): 0
LogDevObjectVersion:   Dev-Physics (78F01B33-EBEA-4F98-B9B4-84EACCB95AA2): 2
LogDevObjectVersion:   Dev-Platform (6631380F-2D4D-43E0-8009-CF276956A95A): 0
LogDevObjectVersion:   Dev-Rendering (12F88B9F-8875-4AFC-A67C-D90C383ABD29): 36
LogDevObjectVersion:   Dev-Sequencer (7B5AE74C-D270-4C10-A958-57980B212A5A): 11
LogDevObjectVersion:   Dev-VR (D7296918-1DD6-4BDD-9DE2-64A83CC13884): 2
LogDevObjectVersion:   Dev-LoadTimes (C2A15278-BFE7-4AFE-6C17-90FF531DF755): 1
LogDevObjectVersion:   Private-Geometry (6EACA3D4-40EC-4CC1-B786-8BED09428FC5): 3
LogDevObjectVersion:   Dev-AnimPhys (29E575DD-E0A3-4627-9D10-D276232CDCEA): 17
LogDevObjectVersion:   Dev-Anim (AF43A65D-7FD3-4947-9873-3E8ED9C1BB05): 2
LogDevObjectVersion:   Dev-ReflectionCapture (6B266CEC-1EC7-4B8F-A30B-E4D90942FC07): 1
LogDevObjectVersion:   Dev-Automation (0DF73D61-A23F-47EA-B727-89E90C41499A): 1
LogDevObjectVersion:   FortniteMain (601D1886-AC64-4F84-AA16-D3DE0DEAC7D6): 31
LogDevObjectVersion:   Dev-Enterprise (9DFFBCD6-494F-0158-E221-12823C92A888): 8
LogDevObjectVersion:   Dev-Niagara (F2AED0AC-9AFE-416F-8664-AA7FFA26D6FC): 1
LogDevObjectVersion:   Dev-Destruction (174F1F0B-B4C6-45A5-B13F-2EE8D0FB917D): 9
LogDevObjectVersion:   Dev-Physics-Ext (35F94A83-E258-406C-A318-09F59610247C): 8
LogDevObjectVersion:   Dev-CineCamera (B2E18506-4273-CFC2-A54E-F4BB758BBA07): 1
LogInit: Presizing for max 25165824 objects, including 0 objects not considered by GC, pre-allocating 0 bytes for permanent pool.
LogInit: Object subsystem initialized
LogConfig: Setting CVar [[con.DebugEarlyDefault:1]]
LogConfig: Setting CVar [[r.setres:1280x720]]
[2020.04.28-10.05.27:852][  0]LogConfig: Setting CVar [[r.VSync:0]]
[2020.04.28-10.05.27:852][  0]LogConfig: Setting CVar [[r.RHICmdBypass:0]]
[2020.04.28-10.05.27:852][  0]LogConfig: Applying CVar settings from Section [/Script/Engine.RendererSettings] File [D:/ouczbs/Survive/Saved/Config/Windows/Engine.ini]
[2020.04.28-10.05.27:852][  0]LogConfig: Setting CVar [[r.GPUCrashDebugging:0]]
[2020.04.28-10.05.27:852][  0]LogConfig: Applying CVar settings from Section [/Script/Engine.RendererOverrideSettings] File [D:/ouczbs/Survive/Saved/Config/Windows/Engine.ini]
[2020.04.28-10.05.27:852][  0]LogConfig: Applying CVar settings from Section [/Script/Engine.StreamingSettings] File [D:/ouczbs/Survive/Saved/Config/Windows/Engine.ini]
[2020.04.28-10.05.27:852][  0]LogConfig: Setting CVar [[s.MinBulkDataSizeForAsyncLoading:131072]]
[2020.04.28-10.05.27:852][  0]LogConfig: Setting CVar [[s.AsyncLoadingThreadEnabled:0]]
[2020.04.28-10.05.27:852][  0]LogConfig: Setting CVar [[s.EventDrivenLoaderEnabled:1]]
[2020.04.28-10.05.27:852][  0]LogConfig: Setting CVar [[s.WarnIfTimeLimitExceeded:0]]
[2020.04.28-10.05.27:852][  0]LogConfig: Setting CVar [[s.TimeLimitExceededMultiplier:1.5]]
[2020.04.28-10.05.27:852][  0]LogConfig: Setting CVar [[s.TimeLimitExceededMinTime:0.005]]
[2020.04.28-10.05.27:852][  0]LogConfig: Setting CVar [[s.UseBackgroundLevelStreaming:1]]
[2020.04.28-10.05.27:852][  0]LogConfig: Setting CVar [[s.PriorityAsyncLoadingExtraTime:15.0]]
[2020.04.28-10.05.27:852][  0]LogConfig: Setting CVar [[s.LevelStreamingActorsUpdateTimeLimit:5.0]]
[2020.04.28-10.05.27:852][  0]LogConfig: Setting CVar [[s.PriorityLevelStreamingActorsUpdateExtraTime:5.0]]
[2020.04.28-10.05.27:852][  0]LogConfig: Setting CVar [[s.LevelStreamingComponentsRegistrationGranularity:10]]
[2020.04.28-10.05.27:852][  0]LogConfig: Setting CVar [[s.UnregisterComponentsTimeLimit:1.0]]
[2020.04.28-10.05.27:853][  0]LogConfig: Setting CVar [[s.LevelStreamingComponentsUnregistrationGranularity:5]]
[2020.04.28-10.05.27:853][  0]LogConfig: Setting CVar [[s.FlushStreamingOnExit:1]]
[2020.04.28-10.05.27:853][  0]LogConfig: Applying CVar settings from Section [/Script/Engine.GarbageCollectionSettings] File [D:/ouczbs/Survive/Saved/Config/Windows/Engine.ini]
[2020.04.28-10.05.27:853][  0]LogConfig: Setting CVar [[gc.MaxObjectsNotConsideredByGC:1]]
[2020.04.28-10.05.27:853][  0]LogConfig: Setting CVar [[gc.SizeOfPermanentObjectPool:0]]
[2020.04.28-10.05.27:853][  0]LogConfig: Setting CVar [[gc.FlushStreamingOnGC:0]]
[2020.04.28-10.05.27:853][  0]LogConfig: Setting CVar [[gc.NumRetriesBeforeForcingGC:10]]
[2020.04.28-10.05.27:853][  0]LogConfig: Setting CVar [[gc.AllowParallelGC:1]]
[2020.04.28-10.05.27:853][  0]LogConfig: Setting CVar [[gc.TimeBetweenPurgingPendingKillObjects:61.1]]
[2020.04.28-10.05.27:853][  0]LogConfig: Setting CVar [[gc.MaxObjectsInEditor:25165824]]
[2020.04.28-10.05.27:853][  0]LogConfig: Setting CVar [[gc.IncrementalBeginDestroyEnabled:1]]
[2020.04.28-10.05.27:853][  0]LogConfig: Setting CVar [[gc.CreateGCClusters:1]]
[2020.04.28-10.05.27:853][  0]LogConfig: Setting CVar [[gc.MinGCClusterSize:5]]
[2020.04.28-10.05.27:853][  0]LogConfig: Setting CVar [[gc.ActorClusteringEnabled:0]]
[2020.04.28-10.05.27:853][  0]LogConfig: Setting CVar [[gc.BlueprintClusteringEnabled:0]]
[2020.04.28-10.05.27:853][  0]LogConfig: Setting CVar [[gc.UseDisregardForGCOnDedicatedServers:0]]
[2020.04.28-10.05.27:853][  0]LogConfig: Applying CVar settings from Section [/Script/Engine.NetworkSettings] File [D:/ouczbs/Survive/Saved/Config/Windows/Engine.ini]
[2020.04.28-10.05.27:853][  0]LogConfig: Applying CVar settings from Section [/Script/UnrealEd.CookerSettings] File [D:/ouczbs/Survive/Saved/Config/Windows/Engine.ini]
[2020.04.28-10.05.27:859][  0]LogConfig: Applying CVar settings from Section [ViewDistanceQuality@3] File [D:/ouczbs/Survive/Saved/Config/Windows/Scalability.ini]
[2020.04.28-10.05.27:859][  0]LogConfig: Setting CVar [[r.SkeletalMeshLODBias:0]]
[2020.04.28-10.05.27:859][  0]LogConfig: Setting CVar [[r.ViewDistanceScale:1.0]]
[2020.04.28-10.05.27:859][  0]LogConfig: Applying CVar settings from Section [AntiAliasingQuality@3] File [D:/ouczbs/Survive/Saved/Config/Windows/Scalability.ini]
[2020.04.28-10.05.27:860][  0]LogConfig: Setting CVar [[r.PostProcessAAQuality:4]]
[2020.04.28-10.05.27:860][  0]LogConfig: Applying CVar settings from Section [ShadowQuality@3] File [D:/ouczbs/Survive/Saved/Config/Windows/Scalability.ini]
[2020.04.28-10.05.27:860][  0]LogConfig: Setting CVar [[r.LightFunctionQuality:1]]
[2020.04.28-10.05.27:860][  0]LogConfig: Setting CVar [[r.ShadowQuality:5]]
[2020.04.28-10.05.27:860][  0]LogConfig: Setting CVar [[r.Shadow.CSM.MaxCascades:10]]
[2020.04.28-10.05.27:860][  0]LogConfig: Setting CVar [[r.Shadow.MaxResolution:2048]]
[2020.04.28-10.05.27:860][  0]LogConfig: Setting CVar [[r.Shadow.MaxCSMResolution:2048]]
[2020.04.28-10.05.27:860][  0]LogConfig: Setting CVar [[r.Shadow.RadiusThreshold:0.01]]
[2020.04.28-10.05.27:860][  0]LogConfig: Setting CVar [[r.Shadow.DistanceScale:1.0]]
[2020.04.28-10.05.27:860][  0]LogConfig: Setting CVar [[r.Shadow.CSM.TransitionScale:1.0]]
[2020.04.28-10.05.27:860][  0]LogConfig: Setting CVar [[r.Shadow.PreShadowResolutionFactor:1.0]]
[2020.04.28-10.05.27:860][  0]LogConfig: Setting CVar [[r.DistanceFieldShadowing:1]]
[2020.04.28-10.05.27:860][  0]LogConfig: Setting CVar [[r.DistanceFieldAO:1]]
[2020.04.28-10.05.27:860][  0]LogConfig: Setting CVar [[r.AOQuality:2]]
[2020.04.28-10.05.27:860][  0]LogConfig: Setting CVar [[r.VolumetricFog:1]]
[2020.04.28-10.05.27:860][  0]LogConfig: Setting CVar [[r.VolumetricFog.GridPixelSize:8]]
[2020.04.28-10.05.27:860][  0]LogConfig: Setting CVar [[r.VolumetricFog.GridSizeZ:128]]
[2020.04.28-10.05.27:860][  0]LogConfig: Setting CVar [[r.VolumetricFog.HistoryMissSupersampleCount:4]]
[2020.04.28-10.05.27:861][  0]LogConfig: Setting CVar [[r.LightMaxDrawDistanceScale:1]]
[2020.04.28-10.05.27:861][  0]LogConfig: Setting CVar [[r.CapsuleShadows:1]]
[2020.04.28-10.05.27:861][  0]LogConfig: Applying CVar settings from Section [PostProcessQuality@3] File [D:/ouczbs/Survive/Saved/Config/Windows/Scalability.ini]
[2020.04.28-10.05.27:861][  0]LogConfig: Setting CVar [[r.MotionBlurQuality:4]]
[2020.04.28-10.05.27:861][  0]LogConfig: Setting CVar [[r.AmbientOcclusionMipLevelFactor:0.4]]
[2020.04.28-10.05.27:861][  0]LogConfig: Setting CVar [[r.AmbientOcclusionMaxQuality:100]]
[2020.04.28-10.05.27:861][  0]LogConfig: Setting CVar [[r.AmbientOcclusionLevels:-1]]
[2020.04.28-10.05.27:861][  0]LogConfig: Setting CVar [[r.AmbientOcclusionRadiusScale:1.0]]
[2020.04.28-10.05.27:861][  0]LogConfig: Setting CVar [[r.DepthOfFieldQuality:2]]
[2020.04.28-10.05.27:861][  0]LogConfig: Setting CVar [[r.RenderTargetPoolMin:400]]
[2020.04.28-10.05.27:861][  0]LogConfig: Setting CVar [[r.LensFlareQuality:2]]
[2020.04.28-10.05.27:861][  0]LogConfig: Setting CVar [[r.SceneColorFringeQuality:1]]
[2020.04.28-10.05.27:861][  0]LogConfig: Setting CVar [[r.EyeAdaptationQuality:2]]
[2020.04.28-10.05.27:861][  0]LogConfig: Setting CVar [[r.BloomQuality:5]]
[2020.04.28-10.05.27:861][  0]LogConfig: Setting CVar [[r.FastBlurThreshold:100]]
[2020.04.28-10.05.27:861][  0]LogConfig: Setting CVar [[r.Upscale.Quality:3]]
[2020.04.28-10.05.27:861][  0]LogConfig: Setting CVar [[r.Tonemapper.GrainQuantization:1]]
[2020.04.28-10.05.27:861][  0]LogConfig: Setting CVar [[r.LightShaftQuality:1]]
[2020.04.28-10.05.27:861][  0]LogConfig: Setting CVar [[r.Filter.SizeScale:1]]
[2020.04.28-10.05.27:861][  0]LogConfig: Setting CVar [[r.Tonemapper.Quality:5]]
[2020.04.28-10.05.27:861][  0]LogConfig: Setting CVar [[r.DOF.Gather.AccumulatorQuality:1        ; higher gathering accumulator quality]]
[2020.04.28-10.05.27:861][  0]LogConfig: Setting CVar [[r.DOF.Gather.PostfilterMethod:1          ; Median3x3 postfilering method]]
[2020.04.28-10.05.27:862][  0]LogConfig: Setting CVar [[r.DOF.Gather.EnableBokehSettings:0       ; no bokeh simulation when gathering]]
[2020.04.28-10.05.27:862][  0]LogConfig: Setting CVar [[r.DOF.Gather.RingCount:4                 ; medium number of samples when gathering]]
[2020.04.28-10.05.27:862][  0]LogConfig: Setting CVar [[r.DOF.Scatter.ForegroundCompositing:1    ; additive foreground scattering]]
[2020.04.28-10.05.27:862][  0]LogConfig: Setting CVar [[r.DOF.Scatter.BackgroundCompositing:2    ; additive background scattering]]
[2020.04.28-10.05.27:862][  0]LogConfig: Setting CVar [[r.DOF.Scatter.EnableBokehSettings:1      ; bokeh simulation when scattering]]
[2020.04.28-10.05.27:862][  0]LogConfig: Setting CVar [[r.DOF.Scatter.MaxSpriteRatio:0.1         ; only a maximum of 10% of scattered bokeh]]
[2020.04.28-10.05.27:862][  0]LogConfig: Setting CVar [[r.DOF.Recombine.Quality:1                ; cheap slight out of focus]]
[2020.04.28-10.05.27:862][  0]LogConfig: Setting CVar [[r.DOF.Recombine.EnableBokehSettings:0    ; no bokeh simulation on slight out of focus]]
[2020.04.28-10.05.27:862][  0]LogConfig: Setting CVar [[r.DOF.TemporalAAQuality:1                ; more stable temporal accumulation]]
[2020.04.28-10.05.27:862][  0]LogConfig: Setting CVar [[r.DOF.Kernel.MaxForegroundRadius:0.025]]
[2020.04.28-10.05.27:862][  0]LogConfig: Setting CVar [[r.DOF.Kernel.MaxBackgroundRadius:0.025]]
[2020.04.28-10.05.27:862][  0]LogConfig: Applying CVar settings from Section [TextureQuality@3] File [D:/ouczbs/Survive/Saved/Config/Windows/Scalability.ini]
[2020.04.28-10.05.27:862][  0]LogConfig: Setting CVar [[r.Streaming.MipBias:0]]
[2020.04.28-10.05.27:862][  0]LogConfig: Setting CVar [[r.Streaming.AmortizeCPUToGPUCopy:0]]
[2020.04.28-10.05.27:862][  0]LogConfig: Setting CVar [[r.Streaming.MaxNumTexturesToStreamPerFrame:0]]
[2020.04.28-10.05.27:862][  0]LogConfig: Setting CVar [[r.Streaming.Boost:1]]
[2020.04.28-10.05.27:862][  0]LogConfig: Setting CVar [[r.MaxAnisotropy:8]]
[2020.04.28-10.05.27:862][  0]LogConfig: Setting CVar [[r.VT.MaxAnisotropy:8]]
[2020.04.28-10.05.27:862][  0]LogConfig: Setting CVar [[r.Streaming.LimitPoolSizeToVRAM:0]]
[2020.04.28-10.05.27:862][  0]LogConfig: Setting CVar [[r.Streaming.PoolSize:1000]]
[2020.04.28-10.05.27:862][  0]LogConfig: Setting CVar [[r.Streaming.MaxEffectiveScreenSize:0]]
[2020.04.28-10.05.27:862][  0]LogConfig: Applying CVar settings from Section [EffectsQuality@3] File [D:/ouczbs/Survive/Saved/Config/Windows/Scalability.ini]
[2020.04.28-10.05.27:863][  0]LogConfig: Setting CVar [[r.TranslucencyLightingVolumeDim:64]]
[2020.04.28-10.05.27:863][  0]LogConfig: Setting CVar [[r.RefractionQuality:2]]
[2020.04.28-10.05.27:863][  0]LogConfig: Setting CVar [[r.SSR.Quality:3]]
[2020.04.28-10.05.27:863][  0]LogConfig: Setting CVar [[r.SSR.HalfResSceneColor:0]]
[2020.04.28-10.05.27:863][  0]LogConfig: Setting CVar [[r.SceneColorFormat:4]]
[2020.04.28-10.05.27:863][  0]LogConfig: Setting CVar [[r.DetailMode:2]]
[2020.04.28-10.05.27:863][  0]LogConfig: Setting CVar [[r.TranslucencyVolumeBlur:1]]
[2020.04.28-10.05.27:863][  0]LogConfig: Setting CVar [[r.MaterialQualityLevel:1 ; High quality]]
[2020.04.28-10.05.27:863][  0]LogConfig: Setting CVar [[r.SSS.Scale:1]]
[2020.04.28-10.05.27:863][  0]LogConfig: Setting CVar [[r.SSS.SampleSet:2]]
[2020.04.28-10.05.27:863][  0]LogConfig: Setting CVar [[r.SSS.Quality:1]]
[2020.04.28-10.05.27:863][  0]LogConfig: Setting CVar [[r.SSS.HalfRes:1]]
[2020.04.28-10.05.27:863][  0]LogConfig: Setting CVar [[r.SSGI.Quality:3]]
[2020.04.28-10.05.27:863][  0]LogConfig: Setting CVar [[r.EmitterSpawnRateScale:1.0]]
[2020.04.28-10.05.27:863][  0]LogConfig: Setting CVar [[r.ParticleLightQuality:2]]
[2020.04.28-10.05.27:863][  0]LogConfig: Setting CVar [[r.SkyAtmosphere.AerialPerspectiveLUT.FastApplyOnOpaque:1 ; Always have FastSkyLUT 1 in this case to avoid wrong sky]]
[2020.04.28-10.05.27:863][  0]LogConfig: Setting CVar [[r.SkyAtmosphere.AerialPerspectiveLUT.SampleCountPerSlice:1]]
[2020.04.28-10.05.27:863][  0]LogConfig: Setting CVar [[r.SkyAtmosphere.AerialPerspectiveLUT.DepthResolution:16.0]]
[2020.04.28-10.05.27:863][  0]LogConfig: Setting CVar [[r.SkyAtmosphere.FastSkyLUT:1]]
[2020.04.28-10.05.27:863][  0]LogConfig: Setting CVar [[r.SkyAtmosphere.FastSkyLUT.SampleCountMin:4.0]]
[2020.04.28-10.05.27:863][  0]LogConfig: Setting CVar [[r.SkyAtmosphere.FastSkyLUT.SampleCountMax:32.0]]
[2020.04.28-10.05.27:863][  0]LogConfig: Setting CVar [[r.SkyAtmosphere.SampleCountMin:4.0]]
[2020.04.28-10.05.27:864][  0]LogConfig: Setting CVar [[r.SkyAtmosphere.SampleCountMax:32.0]]
[2020.04.28-10.05.27:864][  0]LogConfig: Setting CVar [[r.SkyAtmosphere.TransmittanceLUT.UseSmallFormat:0]]
[2020.04.28-10.05.27:864][  0]LogConfig: Setting CVar [[r.SkyAtmosphere.TransmittanceLUT.SampleCount:10.0]]
[2020.04.28-10.05.27:864][  0]LogConfig: Setting CVar [[r.SkyAtmosphere.MultiScatteringLUT.SampleCount:15.0]]
[2020.04.28-10.05.27:864][  0]LogConfig: Applying CVar settings from Section [FoliageQuality@3] File [D:/ouczbs/Survive/Saved/Config/Windows/Scalability.ini]
[2020.04.28-10.05.27:864][  0]LogConfig: Setting CVar [[foliage.DensityScale:1.0]]
[2020.04.28-10.05.27:864][  0]LogConfig: Setting CVar [[grass.DensityScale:1.0]]
[2020.04.28-10.05.27:864][  0]LogConfig: Applying CVar settings from Section [ShadingQuality@3] File [D:/ouczbs/Survive/Saved/Config/Windows/Scalability.ini]
[2020.04.28-10.05.27:864][  0]LogConfig: Setting CVar [[r.HairStrands.SkyLighting.SampleCount:16]]
[2020.04.28-10.05.27:864][  0]LogConfig: Setting CVar [[r.HairStrands.SkyLighting.JitterIntegration:0]]
[2020.04.28-10.05.27:864][  0]LogConfig: Setting CVar [[r.HairStrands.SkyAO.SampleCount:16]]
[2020.04.28-10.05.27:864][  0]LogInit: Selected Device Profile: [Windows]
[2020.04.28-10.05.27:864][  0]LogInit: Applying CVar settings loaded from the selected device profile: [Windows]
[2020.04.28-10.05.27:866][  0]LogHAL: Display: Platform has ~ 20 GB [21261234176 / 34359738368 / 20], which maps to Larger [LargestMinGB=32, LargerMinGB=12, DefaultMinGB=8, SmallerMinGB=6, SmallestMinGB=0)
[2020.04.28-10.05.27:866][  0]LogInit: Going up to parent DeviceProfile []
[2020.04.28-10.05.27:866][  0]LogConfig: Applying CVar settings from Section [ViewDistanceQuality@3] File [D:/ouczbs/Survive/Saved/Config/Windows/Scalability.ini]
[2020.04.28-10.05.27:866][  0]LogConfig: Setting CVar [[r.SkeletalMeshLODBias:0]]
[2020.04.28-10.05.27:866][  0]LogConfig: Setting CVar [[r.ViewDistanceScale:1.0]]
[2020.04.28-10.05.27:866][  0]LogConfig: Applying CVar settings from Section [AntiAliasingQuality@3] File [D:/ouczbs/Survive/Saved/Config/Windows/Scalability.ini]
[2020.04.28-10.05.27:866][  0]LogConfig: Setting CVar [[r.PostProcessAAQuality:4]]
[2020.04.28-10.05.27:866][  0]LogConfig: Applying CVar settings from Section [ShadowQuality@3] File [D:/ouczbs/Survive/Saved/Config/Windows/Scalability.ini]
[2020.04.28-10.05.27:866][  0]LogConfig: Setting CVar [[r.LightFunctionQuality:1]]
[2020.04.28-10.05.27:867][  0]LogConfig: Setting CVar [[r.ShadowQuality:5]]
[2020.04.28-10.05.27:867][  0]LogConfig: Setting CVar [[r.Shadow.CSM.MaxCascades:10]]
[2020.04.28-10.05.27:867][  0]LogConfig: Setting CVar [[r.Shadow.MaxResolution:2048]]
[2020.04.28-10.05.27:867][  0]LogConfig: Setting CVar [[r.Shadow.MaxCSMResolution:2048]]
[2020.04.28-10.05.27:867][  0]LogConfig: Setting CVar [[r.Shadow.RadiusThreshold:0.01]]
[2020.04.28-10.05.27:867][  0]LogConfig: Setting CVar [[r.Shadow.DistanceScale:1.0]]
[2020.04.28-10.05.27:867][  0]LogConfig: Setting CVar [[r.Shadow.CSM.TransitionScale:1.0]]
[2020.04.28-10.05.27:867][  0]LogConfig: Setting CVar [[r.Shadow.PreShadowResolutionFactor:1.0]]
[2020.04.28-10.05.27:867][  0]LogConfig: Setting CVar [[r.DistanceFieldShadowing:1]]
[2020.04.28-10.05.27:867][  0]LogConfig: Setting CVar [[r.DistanceFieldAO:1]]
[2020.04.28-10.05.27:867][  0]LogConfig: Setting CVar [[r.AOQuality:2]]
[2020.04.28-10.05.27:867][  0]LogConfig: Setting CVar [[r.VolumetricFog:1]]
[2020.04.28-10.05.27:867][  0]LogConfig: Setting CVar [[r.VolumetricFog.GridPixelSize:8]]
[2020.04.28-10.05.27:867][  0]LogConfig: Setting CVar [[r.VolumetricFog.GridSizeZ:128]]
[2020.04.28-10.05.27:867][  0]LogConfig: Setting CVar [[r.VolumetricFog.HistoryMissSupersampleCount:4]]
[2020.04.28-10.05.27:867][  0]LogConfig: Setting CVar [[r.LightMaxDrawDistanceScale:1]]
[2020.04.28-10.05.27:867][  0]LogConfig: Setting CVar [[r.CapsuleShadows:1]]
[2020.04.28-10.05.27:867][  0]LogConfig: Applying CVar settings from Section [PostProcessQuality@3] File [D:/ouczbs/Survive/Saved/Config/Windows/Scalability.ini]
[2020.04.28-10.05.27:867][  0]LogConfig: Setting CVar [[r.MotionBlurQuality:4]]
[2020.04.28-10.05.27:867][  0]LogConfig: Setting CVar [[r.AmbientOcclusionMipLevelFactor:0.4]]
[2020.04.28-10.05.27:867][  0]LogConfig: Setting CVar [[r.AmbientOcclusionMaxQuality:100]]
[2020.04.28-10.05.27:867][  0]LogConfig: Setting CVar [[r.AmbientOcclusionLevels:-1]]
[2020.04.28-10.05.27:868][  0]LogConfig: Setting CVar [[r.AmbientOcclusionRadiusScale:1.0]]
[2020.04.28-10.05.27:868][  0]LogConfig: Setting CVar [[r.DepthOfFieldQuality:2]]
[2020.04.28-10.05.27:868][  0]LogConfig: Setting CVar [[r.RenderTargetPoolMin:400]]
[2020.04.28-10.05.27:868][  0]LogConfig: Setting CVar [[r.LensFlareQuality:2]]
[2020.04.28-10.05.27:868][  0]LogConfig: Setting CVar [[r.SceneColorFringeQuality:1]]
[2020.04.28-10.05.27:868][  0]LogConfig: Setting CVar [[r.EyeAdaptationQuality:2]]
[2020.04.28-10.05.27:868][  0]LogConfig: Setting CVar [[r.BloomQuality:5]]
[2020.04.28-10.05.27:868][  0]LogConfig: Setting CVar [[r.FastBlurThreshold:100]]
[2020.04.28-10.05.27:868][  0]LogConfig: Setting CVar [[r.Upscale.Quality:3]]
[2020.04.28-10.05.27:868][  0]LogConfig: Setting CVar [[r.Tonemapper.GrainQuantization:1]]
[2020.04.28-10.05.27:868][  0]LogConfig: Setting CVar [[r.LightShaftQuality:1]]
[2020.04.28-10.05.27:868][  0]LogConfig: Setting CVar [[r.Filter.SizeScale:1]]
[2020.04.28-10.05.27:868][  0]LogConfig: Setting CVar [[r.Tonemapper.Quality:5]]
[2020.04.28-10.05.27:868][  0]LogConfig: Setting CVar [[r.DOF.Gather.AccumulatorQuality:1        ; higher gathering accumulator quality]]
[2020.04.28-10.05.27:868][  0]LogConfig: Setting CVar [[r.DOF.Gather.PostfilterMethod:1          ; Median3x3 postfilering method]]
[2020.04.28-10.05.27:868][  0]LogConfig: Setting CVar [[r.DOF.Gather.EnableBokehSettings:0       ; no bokeh simulation when gathering]]
[2020.04.28-10.05.27:868][  0]LogConfig: Setting CVar [[r.DOF.Gather.RingCount:4                 ; medium number of samples when gathering]]
[2020.04.28-10.05.27:868][  0]LogConfig: Setting CVar [[r.DOF.Scatter.ForegroundCompositing:1    ; additive foreground scattering]]
[2020.04.28-10.05.27:868][  0]LogConfig: Setting CVar [[r.DOF.Scatter.BackgroundCompositing:2    ; additive background scattering]]
[2020.04.28-10.05.27:868][  0]LogConfig: Setting CVar [[r.DOF.Scatter.EnableBokehSettings:1      ; bokeh simulation when scattering]]
[2020.04.28-10.05.27:868][  0]LogConfig: Setting CVar [[r.DOF.Scatter.MaxSpriteRatio:0.1         ; only a maximum of 10% of scattered bokeh]]
[2020.04.28-10.05.27:868][  0]LogConfig: Setting CVar [[r.DOF.Recombine.Quality:1                ; cheap slight out of focus]]
[2020.04.28-10.05.27:869][  0]LogConfig: Setting CVar [[r.DOF.Recombine.EnableBokehSettings:0    ; no bokeh simulation on slight out of focus]]
[2020.04.28-10.05.27:869][  0]LogConfig: Setting CVar [[r.DOF.TemporalAAQuality:1                ; more stable temporal accumulation]]
[2020.04.28-10.05.27:869][  0]LogConfig: Setting CVar [[r.DOF.Kernel.MaxForegroundRadius:0.025]]
[2020.04.28-10.05.27:869][  0]LogConfig: Setting CVar [[r.DOF.Kernel.MaxBackgroundRadius:0.025]]
[2020.04.28-10.05.27:869][  0]LogConfig: Applying CVar settings from Section [TextureQuality@3] File [D:/ouczbs/Survive/Saved/Config/Windows/Scalability.ini]
[2020.04.28-10.05.27:869][  0]LogConfig: Setting CVar [[r.Streaming.MipBias:0]]
[2020.04.28-10.05.27:869][  0]LogConfig: Setting CVar [[r.Streaming.AmortizeCPUToGPUCopy:0]]
[2020.04.28-10.05.27:869][  0]LogConfig: Setting CVar [[r.Streaming.MaxNumTexturesToStreamPerFrame:0]]
[2020.04.28-10.05.27:869][  0]LogConfig: Setting CVar [[r.Streaming.Boost:1]]
[2020.04.28-10.05.27:869][  0]LogConfig: Setting CVar [[r.MaxAnisotropy:8]]
[2020.04.28-10.05.27:869][  0]LogConfig: Setting CVar [[r.VT.MaxAnisotropy:8]]
[2020.04.28-10.05.27:869][  0]LogConfig: Setting CVar [[r.Streaming.LimitPoolSizeToVRAM:0]]
[2020.04.28-10.05.27:869][  0]LogConfig: Setting CVar [[r.Streaming.PoolSize:1000]]
[2020.04.28-10.05.27:869][  0]LogConfig: Setting CVar [[r.Streaming.MaxEffectiveScreenSize:0]]
[2020.04.28-10.05.27:869][  0]LogConfig: Applying CVar settings from Section [EffectsQuality@3] File [D:/ouczbs/Survive/Saved/Config/Windows/Scalability.ini]
[2020.04.28-10.05.27:869][  0]LogConfig: Setting CVar [[r.TranslucencyLightingVolumeDim:64]]
[2020.04.28-10.05.27:869][  0]LogConfig: Setting CVar [[r.RefractionQuality:2]]
[2020.04.28-10.05.27:869][  0]LogConfig: Setting CVar [[r.SSR.Quality:3]]
[2020.04.28-10.05.27:869][  0]LogConfig: Setting CVar [[r.SSR.HalfResSceneColor:0]]
[2020.04.28-10.05.27:869][  0]LogConfig: Setting CVar [[r.SceneColorFormat:4]]
[2020.04.28-10.05.27:869][  0]LogConfig: Setting CVar [[r.DetailMode:2]]
[2020.04.28-10.05.27:869][  0]LogConfig: Setting CVar [[r.TranslucencyVolumeBlur:1]]
[2020.04.28-10.05.27:870][  0]LogConfig: Setting CVar [[r.MaterialQualityLevel:1 ; High quality]]
[2020.04.28-10.05.27:870][  0]LogConfig: Setting CVar [[r.SSS.Scale:1]]
[2020.04.28-10.05.27:870][  0]LogConfig: Setting CVar [[r.SSS.SampleSet:2]]
[2020.04.28-10.05.27:870][  0]LogConfig: Setting CVar [[r.SSS.Quality:1]]
[2020.04.28-10.05.27:870][  0]LogConfig: Setting CVar [[r.SSS.HalfRes:1]]
[2020.04.28-10.05.27:870][  0]LogConfig: Setting CVar [[r.SSGI.Quality:3]]
[2020.04.28-10.05.27:870][  0]LogConfig: Setting CVar [[r.EmitterSpawnRateScale:1.0]]
[2020.04.28-10.05.27:870][  0]LogConfig: Setting CVar [[r.ParticleLightQuality:2]]
[2020.04.28-10.05.27:870][  0]LogConfig: Setting CVar [[r.SkyAtmosphere.AerialPerspectiveLUT.FastApplyOnOpaque:1 ; Always have FastSkyLUT 1 in this case to avoid wrong sky]]
[2020.04.28-10.05.27:870][  0]LogConfig: Setting CVar [[r.SkyAtmosphere.AerialPerspectiveLUT.SampleCountPerSlice:1]]
[2020.04.28-10.05.27:870][  0]LogConfig: Setting CVar [[r.SkyAtmosphere.AerialPerspectiveLUT.DepthResolution:16.0]]
[2020.04.28-10.05.27:870][  0]LogConfig: Setting CVar [[r.SkyAtmosphere.FastSkyLUT:1]]
[2020.04.28-10.05.27:870][  0]LogConfig: Setting CVar [[r.SkyAtmosphere.FastSkyLUT.SampleCountMin:4.0]]
[2020.04.28-10.05.27:870][  0]LogConfig: Setting CVar [[r.SkyAtmosphere.FastSkyLUT.SampleCountMax:32.0]]
[2020.04.28-10.05.27:870][  0]LogConfig: Setting CVar [[r.SkyAtmosphere.SampleCountMin:4.0]]
[2020.04.28-10.05.27:870][  0]LogConfig: Setting CVar [[r.SkyAtmosphere.SampleCountMax:32.0]]
[2020.04.28-10.05.27:870][  0]LogConfig: Setting CVar [[r.SkyAtmosphere.TransmittanceLUT.UseSmallFormat:0]]
[2020.04.28-10.05.27:870][  0]LogConfig: Setting CVar [[r.SkyAtmosphere.TransmittanceLUT.SampleCount:10.0]]
[2020.04.28-10.05.27:870][  0]LogConfig: Setting CVar [[r.SkyAtmosphere.MultiScatteringLUT.SampleCount:15.0]]
[2020.04.28-10.05.27:870][  0]LogConfig: Applying CVar settings from Section [FoliageQuality@3] File [D:/ouczbs/Survive/Saved/Config/Windows/Scalability.ini]
[2020.04.28-10.05.27:870][  0]LogConfig: Setting CVar [[foliage.DensityScale:1.0]]
[2020.04.28-10.05.27:871][  0]LogConfig: Setting CVar [[grass.DensityScale:1.0]]
[2020.04.28-10.05.27:871][  0]LogConfig: Applying CVar settings from Section [ShadingQuality@3] File [D:/ouczbs/Survive/Saved/Config/Windows/Scalability.ini]
[2020.04.28-10.05.27:871][  0]LogConfig: Setting CVar [[r.HairStrands.SkyLighting.SampleCount:16]]
[2020.04.28-10.05.27:871][  0]LogConfig: Setting CVar [[r.HairStrands.SkyLighting.JitterIntegration:0]]
[2020.04.28-10.05.27:871][  0]LogConfig: Setting CVar [[r.HairStrands.SkyAO.SampleCount:16]]
[2020.04.28-10.05.27:871][  0]LogConfig: Applying CVar settings from Section [Startup] File [../../../Engine/Config/ConsoleVariables.ini]
[2020.04.28-10.05.27:871][  0]LogConfig: Setting CVar [[net.UseAdaptiveNetUpdateFrequency:0]]
[2020.04.28-10.05.27:871][  0]LogConfig: Setting CVar [[p.chaos.AllowCreatePhysxBodies:1]]
[2020.04.28-10.05.27:871][  0]LogConfig: Applying CVar settings from Section [ConsoleVariables] File [D:/ouczbs/Survive/Saved/Config/Windows/Engine.ini]
[2020.04.28-10.05.27:871][  0]LogInit: Computer: IFDTMVH
[2020.04.28-10.05.27:871][  0]LogInit: User: 1
[2020.04.28-10.05.27:871][  0]LogInit: CPU Page size=4096, Cores=6
[2020.04.28-10.05.27:871][  0]LogInit: High frequency timer resolution =10.000000 MHz
[2020.04.28-10.05.27:871][  0]LogMemory: Memory total: Physical=19.8GB (20GB approx)
[2020.04.28-10.05.27:871][  0]LogMemory: Platform Memory Stats for Windows
[2020.04.28-10.05.27:872][  0]LogMemory: Process Physical Memory: 106.95 MB used, 106.96 MB peak
[2020.04.28-10.05.27:872][  0]LogMemory: Process Virtual Memory: 101.97 MB used, 101.97 MB peak
[2020.04.28-10.05.27:872][  0]LogMemory: Physical Memory: 11770.75 MB used,  8505.54 MB free, 20276.29 MB total
[2020.04.28-10.05.27:872][  0]LogMemory: Virtual Memory: 5162.19 MB used,  134212568.00 MB free, 134217728.00 MB total
[2020.04.28-10.05.27:876][  0]LogWindows: WindowsPlatformFeatures enabled
[2020.04.28-10.05.27:950][  0]LogInit: Using OS detected language (zh-CN).
[2020.04.28-10.05.27:950][  0]LogInit: Using OS detected locale (zh-CN).
[2020.04.28-10.05.27:950][  0]LogTextLocalizationManager: No specific localization for 'zh-CN' exists, so the 'zh-Hans' localization will be used.
[2020.04.28-10.05.28:012][  0]LogTextLocalizationResource: LocRes '../../../Engine/Content/Localization/Editor/zh/Editor.locres' could not be opened for reading!
[2020.04.28-10.05.28:012][  0]LogTextLocalizationResource: LocRes '../../../Engine/Content/Localization/EditorTutorials/zh/EditorTutorials.locres' could not be opened for reading!
[2020.04.28-10.05.28:012][  0]LogTextLocalizationResource: LocRes '../../../Engine/Content/Localization/Keywords/zh/Keywords.locres' could not be opened for reading!
[2020.04.28-10.05.28:012][  0]LogTextLocalizationResource: LocRes '../../../Engine/Content/Localization/Category/zh/Category.locres' could not be opened for reading!
[2020.04.28-10.05.28:012][  0]LogTextLocalizationResource: LocRes '../../../Engine/Content/Localization/ToolTips/zh/ToolTips.locres' could not be opened for reading!
[2020.04.28-10.05.28:012][  0]LogTextLocalizationResource: LocRes '../../../Engine/Content/Localization/PropertyNames/zh/PropertyNames.locres' could not be opened for reading!
[2020.04.28-10.05.28:013][  0]LogTextLocalizationResource: LocRes '../../../Engine/Content/Localization/Engine/zh/Engine.locres' could not be opened for reading!
[2020.04.28-10.05.28:013][  0]LogTextLocalizationResource: LocRes '../../../Engine/Plugins/Online/Android/OnlineSubsystemGooglePlay/Content/Localization/OnlineSubsystemGooglePlay/zh/OnlineSubsystemGooglePlay.locres' could not be opened for reading!
[2020.04.28-10.05.28:013][  0]LogTextLocalizationResource: LocRes '../../../Engine/Plugins/Online/IOS/OnlineSubsystemIOS/Content/Localization/OnlineSubsystemIOS/zh/OnlineSubsystemIOS.locres' could not be opened for reading!
[2020.04.28-10.05.28:013][  0]LogTextLocalizationResource: LocRes '../../../Engine/Plugins/Online/OnlineSubsystem/Content/Localization/OnlineSubsystem/zh/OnlineSubsystem.locres' could not be opened for reading!
[2020.04.28-10.05.28:013][  0]LogTextLocalizationResource: LocRes '../../../Engine/Plugins/Online/OnlineSubsystemUtils/Content/Localization/OnlineSubsystemUtils/zh/OnlineSubsystemUtils.locres' could not be opened for reading!
[2020.04.28-10.05.28:045][  0]LogInit: Setting process to per monitor DPI aware
[2020.04.28-10.05.28:085][  0]LogSlate: New Slate User Created.  User Index 0, Is Virtual User: 0
[2020.04.28-10.05.28:086][  0]LogSlate: Slate User Registered.  User Index 0, Is Virtual User: 0
[2020.04.28-10.05.28:197][  0]LogHMD: Failed to initialize OpenVR with code 110
[2020.04.28-10.05.28:197][  0]LogD3D11RHI: D3D11 min allowed feature level: 11_0
[2020.04.28-10.05.28:197][  0]LogD3D11RHI: D3D11 max allowed feature level: 11_0
[2020.04.28-10.05.28:197][  0]LogD3D11RHI: D3D11 adapters:
[2020.04.28-10.05.28:270][  0]LogD3D11RHI:    0. 'NVIDIA GeForce GTX 1050' (Feature Level 11_0)
[2020.04.28-10.05.28:270][  0]LogD3D11RHI:       1977/0/10138 MB DedicatedVideo/DedicatedSystem/SharedSystem, Outputs:2, VendorId:0x10de
[2020.04.28-10.05.28:305][  0]LogD3D11RHI:    1. 'Intel(R) UHD Graphics 630' (Feature Level 11_0)
[2020.04.28-10.05.28:305][  0]LogD3D11RHI:       128/0/10138 MB DedicatedVideo/DedicatedSystem/SharedSystem, Outputs:0, VendorId:0x8086
[2020.04.28-10.05.28:309][  0]LogD3D11RHI:    2. 'Microsoft Basic Render Driver' (Feature Level 11_0)
[2020.04.28-10.05.28:309][  0]LogD3D11RHI:       0/0/10138 MB DedicatedVideo/DedicatedSystem/SharedSystem, Outputs:0, VendorId:0x1414
[2020.04.28-10.05.28:309][  0]LogD3D11RHI: Chosen D3D11 Adapter: 0
[2020.04.28-10.05.28:317][  0]LogD3D11RHI: Creating new Direct3DDevice
[2020.04.28-10.05.28:317][  0]LogD3D11RHI:     GPU DeviceId: 0x1c81 (for the marketing name, search the web for "GPU Device Id")
[2020.04.28-10.05.28:317][  0]LogWindows: EnumDisplayDevices:
[2020.04.28-10.05.28:317][  0]LogWindows:    0. 'NVIDIA GeForce GTX 1050' (P:0 D:1)
[2020.04.28-10.05.28:317][  0]LogWindows:    1. 'NVIDIA GeForce GTX 1050' (P:1 D:1)
[2020.04.28-10.05.28:318][  0]LogWindows:    2. 'NVIDIA GeForce GTX 1050' (P:0 D:0)
[2020.04.28-10.05.28:318][  0]LogWindows:    3. 'NVIDIA GeForce GTX 1050' (P:0 D:0)
[2020.04.28-10.05.28:318][  0]LogWindows:    4. 'Intel(R) UHD Graphics 630' (P:0 D:0)
[2020.04.28-10.05.28:319][  0]LogWindows:    5. 'Intel(R) UHD Graphics 630' (P:0 D:0)
[2020.04.28-10.05.28:319][  0]LogWindows:    6. 'Intel(R) UHD Graphics 630' (P:0 D:0)
[2020.04.28-10.05.28:319][  0]LogWindows: DebugString: PrimaryIsNotTheChoosenAdapter PrimaryIsNotTheChoosenAdapter PrimaryIsNotTheChoosenAdapter FoundDriverCount:4 
[2020.04.28-10.05.28:319][  0]LogD3D11RHI:     Adapter Name: NVIDIA GeForce GTX 1050
[2020.04.28-10.05.28:319][  0]LogD3D11RHI:   Driver Version: 441.12 (internal:26.21.14.4112, unified:441.12)
[2020.04.28-10.05.28:320][  0]LogD3D11RHI:      Driver Date: 10-24-2019
[2020.04.28-10.05.28:320][  0]LogRHI: Texture pool is 1384 MB (70% of 1977 MB)
[2020.04.28-10.05.28:364][  0]LogD3D11RHI: RHI has support for 64 bit atomics
[2020.04.28-10.05.28:364][  0]LogD3D11RHI: Async texture creation enabled
[2020.04.28-10.05.28:378][  0]LogD3D11RHI: GPU Timing Frequency: 1000.000000 (Debug: 2 1)
[2020.04.28-10.05.28:621][  0]LogTargetPlatformManager: Display: Loaded TargetPlatform 'AllDesktop'
[2020.04.28-10.05.28:644][  0]LogTargetPlatformManager: Display: Loaded TargetPlatform 'Android'
[2020.04.28-10.05.28:645][  0]LogTargetPlatformManager: Display: Loaded TargetPlatform 'Android_ASTC'
[2020.04.28-10.05.28:645][  0]LogTargetPlatformManager: Display: Loaded TargetPlatform 'Android_ATC'
[2020.04.28-10.05.28:645][  0]LogTargetPlatformManager: Display: Loaded TargetPlatform 'Android_DXT'
[2020.04.28-10.05.28:645][  0]LogTargetPlatformManager: Display: Loaded TargetPlatform 'Android_ETC1'
[2020.04.28-10.05.28:645][  0]LogTargetPlatformManager: Display: Loaded TargetPlatform 'Android_ETC1a'
[2020.04.28-10.05.28:645][  0]LogTargetPlatformManager: Display: Loaded TargetPlatform 'Android_ETC2'
[2020.04.28-10.05.28:645][  0]LogTargetPlatformManager: Display: Loaded TargetPlatform 'Android_PVRTC'
[2020.04.28-10.05.28:645][  0]LogTargetPlatformManager: Display: Loaded TargetPlatform 'AndroidClient'
[2020.04.28-10.05.28:645][  0]LogTargetPlatformManager: Display: Loaded TargetPlatform 'Android_ASTCClient'
[2020.04.28-10.05.28:645][  0]LogTargetPlatformManager: Display: Loaded TargetPlatform 'Android_ATCClient'
[2020.04.28-10.05.28:645][  0]LogTargetPlatformManager: Display: Loaded TargetPlatform 'Android_DXTClient'
[2020.04.28-10.05.28:645][  0]LogTargetPlatformManager: Display: Loaded TargetPlatform 'Android_ETC1Client'
[2020.04.28-10.05.28:646][  0]LogTargetPlatformManager: Display: Loaded TargetPlatform 'Android_ETC1aClient'
[2020.04.28-10.05.28:646][  0]LogTargetPlatformManager: Display: Loaded TargetPlatform 'Android_ETC2Client'
[2020.04.28-10.05.28:646][  0]LogTargetPlatformManager: Display: Loaded TargetPlatform 'Android_PVRTCClient'
[2020.04.28-10.05.28:646][  0]LogTargetPlatformManager: Display: Loaded TargetPlatform 'Android_Multi'
[2020.04.28-10.05.28:646][  0]LogTargetPlatformManager: Display: Loaded TargetPlatform 'Android_MultiClient'
[2020.04.28-10.05.28:665][  0]LogTargetPlatformManager: Display: Loaded TargetPlatform 'IOSClient'
[2020.04.28-10.05.28:665][  0]LogTargetPlatformManager: Display: Loaded TargetPlatform 'IOS'
[2020.04.28-10.05.28:672][  0]LogTargetPlatformManager: Display: Loaded TargetPlatform 'LinuxNoEditor'
[2020.04.28-10.05.28:678][  0]LogTargetPlatformManager: Display: Loaded TargetPlatform 'LinuxClient'
[2020.04.28-10.05.28:684][  0]LogTargetPlatformManager: Display: Loaded TargetPlatform 'LinuxServer'
[2020.04.28-10.05.28:691][  0]LogTargetPlatformManager: Display: Loaded TargetPlatform 'LinuxAArch64NoEditor'
[2020.04.28-10.05.28:698][  0]LogTargetPlatformManager: Display: Loaded TargetPlatform 'LinuxAArch64Client'
[2020.04.28-10.05.28:704][  0]LogTargetPlatformManager: Display: Loaded TargetPlatform 'LinuxAArch64Server'
[2020.04.28-10.05.28:723][  0]LogTargetPlatformManager: Display: Loaded TargetPlatform 'Lumin'
[2020.04.28-10.05.28:723][  0]LogTargetPlatformManager: Display: Loaded TargetPlatform 'LuminClient'
[2020.04.28-10.05.28:735][  0]LogTargetPlatformManager: Display: Loaded TargetPlatform 'TVOSClient'
[2020.04.28-10.05.28:735][  0]LogTargetPlatformManager: Display: Loaded TargetPlatform 'TVOS'
[2020.04.28-10.05.28:742][  0]LogTargetPlatformManager: Display: Loaded TargetPlatform 'WindowsNoEditor'
[2020.04.28-10.05.28:749][  0]LogTargetPlatformManager: Display: Loaded TargetPlatform 'Windows'
[2020.04.28-10.05.28:756][  0]LogTargetPlatformManager: Display: Loaded TargetPlatform 'WindowsClient'
[2020.04.28-10.05.28:763][  0]LogTargetPlatformManager: Display: Loaded TargetPlatform 'WindowsServer'
[2020.04.28-10.05.28:763][  0]LogTargetPlatformManager: Display: Building Assets For Windows
[2020.04.28-10.05.28:771][  0]LogAudioDebug: Display: Lib vorbis DLL was dynamically loaded.
[2020.04.28-10.05.28:814][  0]LogShaderCompilers: Guid format shader working directory is 24 characters bigger than the processId version (D:/ouczbs/Survive/Intermediate/Shaders/WorkingDirectory/24272/).
[2020.04.28-10.05.28:815][  0]LogShaderCompilers: Cleaned the shader compiler working directory 'C:/Users/1/AppData/Local/Temp/UnrealShaderWorkingDir/A3501EBE47B182E69EF70586665CCA12/'.
[2020.04.28-10.05.28:815][  0]LogXGEController: Cleaning working directory: C:/Users/1/AppData/Local/Temp/UnrealXGEWorkingDir/
[2020.04.28-10.05.28:815][  0]LogXGEController: Cannot use XGE Controller as Incredibuild is not installed on this machine.
[2020.04.28-10.05.28:815][  0]LogShaderCompilers: Cannot use XGE Shader Compiler as Incredibuild is not installed on this machine.
[2020.04.28-10.05.28:815][  0]LogShaderCompilers: Display: Using Local Shader Compiler.
[2020.04.28-10.05.29:365][  0]LogDerivedDataCache: Display: Max Cache Size: 512 MB
[2020.04.28-10.05.29:414][  0]LogDerivedDataCache: Loaded boot cache 0.05s 78MB C:/Users/1/AppData/Local/UnrealEngine/4.24/DerivedDataCache/Boot.ddc.
[2020.04.28-10.05.29:414][  0]LogDerivedDataCache: Display: Loaded Boot cache: C:/Users/1/AppData/Local/UnrealEngine/4.24/DerivedDataCache/Boot.ddc
[2020.04.28-10.05.29:414][  0]LogDerivedDataCache: FDerivedDataBackendGraph:  Pak pak cache file D:/ouczbs/Survive/DerivedDataCache/DDC.ddp not found, will not use a pak cache.
[2020.04.28-10.05.29:414][  0]LogDerivedDataCache: Unable to find inner node Pak for hierarchical cache Hierarchy.
[2020.04.28-10.05.29:414][  0]LogDerivedDataCache: FDerivedDataBackendGraph:  CompressedPak pak cache file D:/ouczbs/Survive/DerivedDataCache/Compressed.ddp not found, will not use a pak cache.
[2020.04.28-10.05.29:414][  0]LogDerivedDataCache: Unable to find inner node CompressedPak for hierarchical cache Hierarchy.
[2020.04.28-10.05.29:423][  0]LogDerivedDataCache: Display: Pak cache opened for reading ../../../Engine/DerivedDataCache/Compressed.ddp.
[2020.04.28-10.05.29:423][  0]LogDerivedDataCache: FDerivedDataBackendGraph:  EnterprisePak pak cache file ../../../Enterprise/DerivedDataCache/Compressed.ddp not found, will not use a pak cache.
[2020.04.28-10.05.29:423][  0]LogDerivedDataCache: Unable to find inner node EnterprisePak for hierarchical cache Hierarchy.
[2020.04.28-10.05.29:425][  0]LogDerivedDataCache: Using Local data cache path C:/Users/1/AppData/Local/UnrealEngine/Common/DerivedDataCache: Writable
[2020.04.28-10.05.29:425][  0]LogDerivedDataCache: Shared data cache path not found in *engine.ini, will not use an Shared cache.
[2020.04.28-10.05.29:425][  0]LogDerivedDataCache: Unable to find inner node Shared for hierarchical cache Hierarchy.
[2020.04.28-10.05.29:445][  0]LogMaterial: Verifying Global Shaders for PCD3D_SM5
[2020.04.28-10.05.29:447][  0]LogSlate: Using FreeType 2.10.0
[2020.04.28-10.05.29:447][  0]LogSlate: SlateFontServices - WITH_FREETYPE: 1, WITH_HARFBUZZ: 1
[2020.04.28-10.05.29:490][  0]LogAssetRegistry: FAssetRegistry took 0.0037 seconds to start up
[2020.04.28-10.05.29:703][  0]LogInit: Selected Device Profile: [Windows]
[2020.04.28-10.05.29:838][  0]LogMeshReduction: Using QuadricMeshReduction for automatic static mesh reduction
[2020.04.28-10.05.29:838][  0]LogMeshReduction: Using SimplygonMeshReduction for automatic skeletal mesh reduction
[2020.04.28-10.05.29:839][  0]LogMeshReduction: Using ProxyLODMeshReduction for automatic mesh merging
[2020.04.28-10.05.29:839][  0]LogMeshReduction: No distributed automatic mesh merging module available
[2020.04.28-10.05.29:839][  0]LogMeshMerging: No distributed automatic mesh merging module available
[2020.04.28-10.05.29:850][  0]LogNetVersion: Survive 1.0.0, NetCL: 10570792, EngineNetVer: 13, GameNetVer: 0 (Checksum: 1720205484)
[2020.04.28-10.05.30:671][  0]LogPackageLocalizationCache: Processed 11 localized package path(s) for 2 prioritized culture(s) in 0.079240 seconds
[2020.04.28-10.05.30:677][  0]LogUObjectArray: 46831 objects as part of root set at end of initial load.
[2020.04.28-10.05.30:677][  0]LogUObjectAllocator: 8153432 out of 0 bytes used by permanent object pool.
[2020.04.28-10.05.30:677][  0]LogUObjectArray: CloseDisregardForGC: 0/0 objects in disregard for GC pool
[2020.04.28-10.05.31:071][  0]LogTcpMessaging: Initializing TcpMessaging bridge
[2020.04.28-10.05.31:076][  0]LogUdpMessaging: Initializing bridge on interface 0.0.0.0:0 to multicast group 230.0.0.1:6666.
[2020.04.28-10.05.31:159][  0]SourceControl: 源码管理已禁用
[2020.04.28-10.05.31:159][  0]SourceControl: 源码管理已禁用
[2020.04.28-10.05.31:161][  0]SourceControl: 源码管理已禁用
[2020.04.28-10.05.31:163][  0]SourceControl: 源码管理已禁用
[2020.04.28-10.05.31:165][  0]SourceControl: 源码管理已禁用
[2020.04.28-10.05.31:278][  0]LogAndroidPermission: UAndroidPermissionCallbackProxy::GetInstance
[2020.04.28-10.05.31:295][  0]LogAudioCaptureCore: Display: No Audio Capture implementations found. Audio input will be silent.
[2020.04.28-10.05.31:295][  0]LogAudioCaptureCore: Display: No Audio Capture implementations found. Audio input will be silent.
[2020.04.28-10.05.31:372][  0]LogOcInput: OculusInput pre-init called
[2020.04.28-10.05.31:381][  0]LogWindows: Failed to load 'OVRPlugin.dll' (GetLastError=126)
[2020.04.28-10.05.31:382][  0]LogWindows: File 'OVRPlugin.dll' does not exist
[2020.04.28-10.05.31:453][  0]LogEngine: Initializing Engine...
[2020.04.28-10.05.31:454][  0]LogHMD: Failed to initialize OpenVR with code 110
[2020.04.28-10.05.31:455][  0]LogStats: UGameplayTagsManager::InitializeManager -  0.000 s
[2020.04.28-10.05.31:714][  0]LogInit: Initializing FReadOnlyCVARCache
[2020.04.28-10.05.31:721][  0]LogAIModule: Creating AISystem for world Untitled
[2020.04.28-10.05.31:737][  0]LogAudioMixer: Display: Audio Mixer Platform Settings:
[2020.04.28-10.05.31:737][  0]LogAudioMixer: Display: 	Sample Rate:						  48000
[2020.04.28-10.05.31:737][  0]LogAudioMixer: Display: 	Callback Buffer Frame Size Requested: 1024
[2020.04.28-10.05.31:737][  0]LogAudioMixer: Display: 	Callback Buffer Frame Size To Use:	  1024
[2020.04.28-10.05.31:737][  0]LogAudioMixer: Display: 	Number of buffers to queue:			  2
[2020.04.28-10.05.31:737][  0]LogAudioMixer: Display: 	Max Channels (voices):				  32
[2020.04.28-10.05.31:737][  0]LogAudioMixer: Display: 	Number of Async Source Workers:		  0
[2020.04.28-10.05.31:737][  0]LogAudio: Display: AudioDevice MaxSources: 32
[2020.04.28-10.05.31:738][  0]LogAudio: Display: Using built-in audio occlusion.
[2020.04.28-10.05.31:738][  0]LogAudioMixer: Display: Initializing audio mixer.
[2020.04.28-10.05.31:770][  0]LogAudioMixer: Display: Audio Device Output Speaker Info:
[2020.04.28-10.05.31:771][  0]LogAudioMixer: Display: Name: Speakers/Headphones (Realtek(R) Audio)
[2020.04.28-10.05.31:771][  0]LogAudioMixer: Display: Is Default: Yes
[2020.04.28-10.05.31:771][  0]LogAudioMixer: Display: Sample Rate: 48000
[2020.04.28-10.05.31:771][  0]LogAudioMixer: Display: Channel Count Used: 2
[2020.04.28-10.05.31:771][  0]LogAudioMixer: Display: Device Channel Count: 2
[2020.04.28-10.05.31:771][  0]LogAudioMixer: Display: Channel Order:
[2020.04.28-10.05.31:771][  0]LogAudioMixer: Display: 0: FrontLeft
[2020.04.28-10.05.31:771][  0]LogAudioMixer: Display: 1: FrontRight
[2020.04.28-10.05.32:254][  0]LogAudioMixer: Display: Using Audio Device Speakers/Headphones (Realtek(R) Audio)
[2020.04.28-10.05.32:263][  0]LogInit: FAudioDevice initialized.
[2020.04.28-10.05.32:263][  0]LogNetVersion: Set ProjectVersion to 1.0.0.0. Version Checksum will be recalculated on next use.
[2020.04.28-10.05.32:348][  0]LogDerivedDataCache: Saved boot cache 0.08s 78MB C:/Users/1/AppData/Local/UnrealEngine/4.24/DerivedDataCache/Boot.ddc.
[2020.04.28-10.05.32:352][  0]LogInit: Texture streaming: Enabled
[2020.04.28-10.05.32:366][  0]LogEngineSessionManager: EngineSessionManager initialized
[2020.04.28-10.05.32:366][  0]LogEditorSessionSummary: Verbose: Initializing EditorSessionSummaryWriter for editor session tracking
[2020.04.28-10.05.32:371][  0]LogEditorSessionSummary: EditorSessionSummaryWriter initialized
[2020.04.28-10.05.32:405][  0]LogInit: Transaction tracking system initialized
[2020.04.28-10.05.32:421][  0]BlueprintLog: New page: 编辑器加载
[2020.04.28-10.05.32:467][  0]LocalizationService: 本地化服务已禁用
[2020.04.28-10.05.32:704][  0]LogFileCache: Scanning file cache for directory 'D:/ouczbs/Survive/Content/' took 0.01s
[2020.04.28-10.05.32:704][  0]LogCook: Display: Max memory allowance for cook 16384mb min free memory 0mb
[2020.04.28-10.05.32:704][  0]LogCook: Display: Mobile HDR setting 1
[2020.04.28-10.05.33:252][  0]SourceControl: 源码管理已禁用
[2020.04.28-10.05.33:252][  0]Cmd: MAP LOAD FILE="D:/ouczbs/Survive/Content/Maps/TestMap.umap" TEMPLATE=0 SHOWPROGRESS=1 FEATURELEVEL=3
[2020.04.28-10.05.33:253][  0]LightingResults: New page: 光照构建
[2020.04.28-10.05.33:253][  0]LogWorld: UWorld::CleanupWorld for Untitled, bSessionEnded=true, bCleanupResources=true
[2020.04.28-10.05.33:253][  0]LogSlate: InvalidateAllWidgets triggered.  All widgets were invalidated
[2020.04.28-10.05.33:253][  0]MapCheck: New page: 地图检测
[2020.04.28-10.05.33:254][  0]LightingResults: New page: 光照构建
[2020.04.28-10.05.33:277][  0]LogUObjectHash: Compacting FUObjectHashTables data took   1.33ms
[2020.04.28-10.05.33:278][  0]LogLinker: Warning: Asset 'D:/ouczbs/Survive/Content/Maps/TestMap.umap' has been saved with empty engine version. The asset will be loaded but may be incompatible.
[2020.04.28-10.05.33:319][  0]LogLinker: Warning: Asset 'D:/ouczbs/Survive/Content/Maps/TestMap_BuiltData.uasset' has been saved with empty engine version. The asset will be loaded but may be incompatible.
[2020.04.28-10.05.33:338][  0]LogAIModule: Creating AISystem for world TestMap
[2020.04.28-10.05.33:341][  0]LogEditorServer: Finished looking for orphan Actors (0.000 secs)
[2020.04.28-10.05.33:371][  0]LogUObjectHash: Compacting FUObjectHashTables data took   1.80ms
[2020.04.28-10.05.33:371][  0]Cmd: MAP CHECKDEP NOCLEARLOG
[2020.04.28-10.05.33:372][  0]MapCheck: 地图检测完成：0个错误、0个警告、完成用时0.092毫秒。
[2020.04.28-10.05.33:372][  0]LogFileHelpers: Loading map 'TestMap' took 0.120
[2020.04.28-10.05.33:539][  0]LogSlate: Updating window title bar state: overlay mode, drag disabled, window buttons hidden, title bar hidden
[2020.04.28-10.05.33:544][  0]LogSlate: Updating window title bar state: overlay mode, drag disabled, window buttons hidden, title bar hidden
[2020.04.28-10.05.33:550][  0]LogSlate: Updating window title bar state: overlay mode, drag disabled, window buttons hidden, title bar hidden
[2020.04.28-10.05.33:555][  0]LogSlate: Updating window title bar state: overlay mode, drag disabled, window buttons hidden, title bar hidden
[2020.04.28-10.05.33:562][  0]LogCollectionManager: Loaded 0 collections in 0.001485 seconds
[2020.04.28-10.05.33:576][  0]LogFileCache: Scanning file cache for directory 'D:/ouczbs/Survive/Saved/Collections/' took 0.00s
[2020.04.28-10.05.33:576][  0]LogFileCache: Scanning file cache for directory 'D:/ouczbs/Survive/Content/Developers/1/Collections/' took 0.00s
[2020.04.28-10.05.33:576][  0]LogFileCache: Scanning file cache for directory 'D:/ouczbs/Survive/Content/Collections/' took 0.00s
[2020.04.28-10.05.33:576][  0]LogContentBrowser: Native class hierarchy populated in 0.0066 seconds. Added 3023 classes and 728 folders.
[2020.04.28-10.05.33:579][  0]LogContentBrowser: Native class hierarchy updated for 'WidgetCarousel' in 0.0003 seconds. Added 0 classes and 0 folders.
[2020.04.28-10.05.33:615][  0]LogContentBrowser: Native class hierarchy updated for 'AddContentDialog' in 0.0002 seconds. Added 0 classes and 0 folders.
[2020.04.28-10.05.33:620][  0]LogContentBrowser: Native class hierarchy updated for 'SceneOutliner' in 0.0003 seconds. Added 2 classes and 3 folders.
[2020.04.28-10.05.33:775][  0]LogSlate: Took 0.000161 seconds to synchronously load lazily loaded font '../../../Engine/Content/Slate/Fonts/Roboto-Regular.ttf' (155K)
[2020.04.28-10.05.33:777][  0]LogSlate: Took 0.001770 seconds to synchronously load lazily loaded font '../../../Engine/Content/Slate/Fonts/DroidSansFallback.ttf' (3848K)
[2020.04.28-10.05.33:778][  0]LogSlate: Took 0.000145 seconds to synchronously load lazily loaded font '../../../Engine/Content/Slate/Fonts/Roboto-Bold.ttf' (160K)
[2020.04.28-10.05.33:780][  0]LogSlate: Took 0.000116 seconds to synchronously load lazily loaded font '../../../Engine/Content/Editor/Slate/Fonts/FontAwesome.ttf' (139K)
[2020.04.28-10.05.33:782][  0]LogSlate: Took 0.000100 seconds to synchronously load lazily loaded font '../../../Engine/Content/Slate/Fonts/DroidSansMono.ttf' (77K)
[2020.04.28-10.05.33:872][  0]LogRenderer: Reallocating scene render targets to support 1620x840 Format 10 NumSamples 1 (Frame:1).
[2020.04.28-10.05.33:984][  0]LogContentBrowser: Native class hierarchy updated for 'HierarchicalLODOutliner' in 0.0003 seconds. Added 0 classes and 0 folders.
[2020.04.28-10.05.33:984][  0]LogLoad: (Engine Initialization) Total time: 7.33 seconds
[2020.04.28-10.05.33:984][  0]LogLoad: (Engine Initialization) Total Blueprint compile time: 0.00 seconds
[2020.04.28-10.05.34:029][  0]LogAssetRegistry: Asset discovery search completed in 4.5405 seconds
[2020.04.28-10.05.34:032][  0]LogCollectionManager: Fixed up redirectors for 0 collections in 0.000006 seconds (updated 0 objects)
[2020.04.28-10.05.34:032][  0]LogContentStreaming: Texture pool size now 1000 MB
[2020.04.28-10.06.27:066][163]LogTemp: Repeating last play command: 选中的视口
[2020.04.28-10.06.27:097][163]LogBlueprintUserMessages: Early PlayInEditor Detection: Level '/Game/Maps/TestMap.TestMap:PersistentLevel' has LevelScriptBlueprint '/Game/Maps/TestMap.TestMap:PersistentLevel.TestMap' with GeneratedClass '/Game/Maps/TestMap.TestMap_C' with ClassGeneratedBy '/Game/Maps/TestMap.TestMap:PersistentLevel.TestMap'
[2020.04.28-10.06.27:097][163]LogPlayLevel: PlayLevel: No blueprints needed recompiling
[2020.04.28-10.06.27:098][163]PIE: New page: PIE会话：TestMap（2020年4月29日 上午2:06:27）
[2020.04.28-10.06.27:099][163]LogOnline: OSS: Creating online subsystem instance for: NULL
[2020.04.28-10.06.27:101][163]LogOnline: OSS: TryLoadSubsystemAndSetDefault: Loaded subsystem for module [NULL]
[2020.04.28-10.06.27:102][163]LogPlayLevel: Creating play world package: /Game/Maps/UEDPIE_0_TestMap
[2020.04.28-10.06.27:105][163]LogPlayLevel: PIE: StaticDuplicateObject took: (0.002783s)
[2020.04.28-10.06.27:106][163]LogAIModule: Creating AISystem for world TestMap
[2020.04.28-10.06.27:107][163]LogPlayLevel: PIE: World Init took: (0.001265s)
[2020.04.28-10.06.27:107][163]LogPlayLevel: PIE: Created PIE world by copying editor world from /Game/Maps/TestMap.TestMap to /Game/Maps/UEDPIE_0_TestMap.TestMap (0.004440s)
[2020.04.28-10.06.27:131][163]LogUObjectHash: Compacting FUObjectHashTables data took   1.21ms
[2020.04.28-10.06.27:134][163]LogAudioMixer: Display: Audio Mixer Platform Settings:
[2020.04.28-10.06.27:135][163]LogAudioMixer: Display: 	Sample Rate:						  48000
[2020.04.28-10.06.27:135][163]LogAudioMixer: Display: 	Callback Buffer Frame Size Requested: 1024
[2020.04.28-10.06.27:135][163]LogAudioMixer: Display: 	Callback Buffer Frame Size To Use:	  1024
[2020.04.28-10.06.27:135][163]LogAudioMixer: Display: 	Number of buffers to queue:			  2
[2020.04.28-10.06.27:135][163]LogAudioMixer: Display: 	Max Channels (voices):				  32
[2020.04.28-10.06.27:135][163]LogAudioMixer: Display: 	Number of Async Source Workers:		  0
[2020.04.28-10.06.27:136][163]LogAudio: Display: AudioDevice MaxSources: 32
[2020.04.28-10.06.27:136][163]LogAudio: Display: Using built-in audio occlusion.
[2020.04.28-10.06.27:136][163]LogAudioMixer: Display: Initializing audio mixer.
[2020.04.28-10.06.27:158][163]LogAudioMixer: Display: Audio Device Output Speaker Info:
[2020.04.28-10.06.27:158][163]LogAudioMixer: Display: Name: Speakers/Headphones (Realtek(R) Audio)
[2020.04.28-10.06.27:159][163]LogAudioMixer: Display: Is Default: Yes
[2020.04.28-10.06.27:159][163]LogAudioMixer: Display: Sample Rate: 48000
[2020.04.28-10.06.27:159][163]LogAudioMixer: Display: Channel Count Used: 2
[2020.04.28-10.06.27:159][163]LogAudioMixer: Display: Device Channel Count: 2
[2020.04.28-10.06.27:159][163]LogAudioMixer: Display: Channel Order:
[2020.04.28-10.06.27:159][163]LogAudioMixer: Display: 0: FrontLeft
[2020.04.28-10.06.27:159][163]LogAudioMixer: Display: 1: FrontRight
[2020.04.28-10.06.27:242][163]LogAudioMixer: Display: Using Audio Device Speakers/Headphones (Realtek(R) Audio)
[2020.04.28-10.06.27:244][163]LogInit: FAudioDevice initialized.
[2020.04.28-10.06.27:265][163]LogLoad: Game class is 'SurviveGameMode_C'
[2020.04.28-10.06.27:270][163]LogUnLua: == UNLUA_PRINT : WITH_UE4_NAMESPACE==false    
[2020.04.28-10.06.27:283][163]LogUnLua: == UNLUA_PRINT : lua class : SurviveGameMode    
[2020.04.28-10.06.27:290][163]LogWorld: Bringing World /Game/Maps/UEDPIE_0_TestMap.TestMap up for play (max tick rate 0) at 2020.04.28-18.06.27
[2020.04.28-10.06.27:290][163]LogTemp: C++ InitGame
[2020.04.28-10.06.27:290][163]LogUnLua: == UNLUA_PRINT : OverrideInitGame===    
[2020.04.28-10.06.27:292][163]LogWorld: Bringing up level for play took: 0.003005
[2020.04.28-10.06.27:292][163]LogOnline: OSS: Creating online subsystem instance for: :Context_1
[2020.04.28-10.06.27:309][163]LogContentBrowser: Native class hierarchy updated for 'MovieSceneCapture' in 0.0003 seconds. Added 20 classes and 0 folders.
[2020.04.28-10.06.27:315][163]LogTemp: C++ StartPlay
[2020.04.28-10.06.27:315][163]LogTemp: C++ BeginPlay
[2020.04.28-10.06.27:316][163]LogUnLua: == UNLUA_PRINT : ReceiveBeginPlay GameMode    
[2020.04.28-10.06.27:316][163]LogUnLua: == UNLUA_PRINT : nil    
[2020.04.28-10.06.27:316][163]LogUnLua: == UNLUA_PRINT : function: 000001EF4CF07850    
[2020.04.28-10.06.27:316][163]LogUnLua: == UNLUA_PRINT : 
[2020.04.28-10.06.27:317][163]PIE: /Game/Maps/UEDPIE_0_TestMap在编辑器中运行的起始时间-0.589
[2020.04.28-10.06.27:318][163]LogBlueprintUserMessages: Late PlayInEditor Detection: Level '/Game/Maps/TestMap.TestMap:PersistentLevel' has LevelScriptBlueprint '/Game/Maps/TestMap.TestMap:PersistentLevel.TestMap' with GeneratedClass '/Game/Maps/TestMap.TestMap_C' with ClassGeneratedBy '/Game/Maps/TestMap.TestMap:PersistentLevel.TestMap'
[2020.04.28-10.06.39:314][592]LogAudioMixer: Display: No commands were queued while flushing the source manager.
[2020.04.28-10.06.39:314][592]LogAudioMixer: Display: No commands were queued while flushing the source manager.
[2020.04.28-10.06.39:314][592]LogBlueprintUserMessages: Early EndPlayMap Detection: Level '/Game/Maps/TestMap.TestMap:PersistentLevel' has LevelScriptBlueprint '/Game/Maps/TestMap.TestMap:PersistentLevel.TestMap' with GeneratedClass '/Game/Maps/TestMap.TestMap_C' with ClassGeneratedBy '/Game/Maps/TestMap.TestMap:PersistentLevel.TestMap'
[2020.04.28-10.06.39:319][592]LogSlate: Updating window title bar state: overlay mode, drag disabled, window buttons hidden, title bar hidden
[2020.04.28-10.06.39:320][592]LogWorld: BeginTearingDown for /Game/Maps/UEDPIE_0_TestMap
[2020.04.28-10.06.39:320][592]LogAudioMixer: Display: No commands were queued while flushing the source manager.
[2020.04.28-10.06.39:320][592]LogTemp: C++ EndPlay
[2020.04.28-10.06.39:320][592]LogWorld: UWorld::CleanupWorld for TestMap, bSessionEnded=true, bCleanupResources=true
[2020.04.28-10.06.39:320][592]LogSlate: InvalidateAllWidgets triggered.  All widgets were invalidated
[2020.04.28-10.06.39:328][592]LogPlayLevel: Display: Shutting down PIE online subsystems
[2020.04.28-10.06.39:329][592]LogBlueprintUserMessages: Late EndPlayMap Detection: Level '/Game/Maps/TestMap.TestMap:PersistentLevel' has LevelScriptBlueprint '/Game/Maps/TestMap.TestMap:PersistentLevel.TestMap' with GeneratedClass '/Game/Maps/TestMap.TestMap_C' with ClassGeneratedBy '/Game/Maps/TestMap.TestMap:PersistentLevel.TestMap'
[2020.04.28-10.06.39:331][592]LogSlate: InvalidateAllWidgets triggered.  All widgets were invalidated
[2020.04.28-10.06.39:354][592]LogAudioMixer: Display: No commands were queued while flushing the source manager.
[2020.04.28-10.06.39:359][592]LogSlate: Updating window title bar state: overlay mode, drag disabled, window buttons hidden, title bar hidden
[2020.04.28-10.06.39:361][592]LogUObjectHash: Compacting FUObjectHashTables data took   1.26ms
[2020.04.28-10.06.39:414][598]LogPlayLevel: Display: Destroying online subsystem :Context_1
[2020.04.28-10.06.44:700][905]LogEditorViewport: Clicking on Actor (LMB): BP_Sky_Sphere_C (Sky Sphere)
[2020.04.28-10.15.37:278][110]LogSlate: Took 0.009827 seconds to synchronously load lazily loaded font '../../../Engine/Content/Slate/Fonts/Roboto-Light.ttf' (167K)
[2020.04.28-10.31.47:308][108]LogTemp: Repeating last play command: 选中的视口
[2020.04.28-10.31.47:318][108]LogBlueprintUserMessages: Early PlayInEditor Detection: Level '/Game/Maps/TestMap.TestMap:PersistentLevel' has LevelScriptBlueprint '/Game/Maps/TestMap.TestMap:PersistentLevel.TestMap' with GeneratedClass '/Game/Maps/TestMap.TestMap_C' with ClassGeneratedBy '/Game/Maps/TestMap.TestMap:PersistentLevel.TestMap'
[2020.04.28-10.31.47:318][108]LogPlayLevel: PlayLevel: No blueprints needed recompiling
[2020.04.28-10.31.47:318][108]PIE: New page: PIE会话：TestMap（2020年4月29日 上午2:31:47）
[2020.04.28-10.31.47:318][108]LogPlayLevel: Creating play world package: /Game/Maps/UEDPIE_0_TestMap
[2020.04.28-10.31.47:321][108]LogPlayLevel: PIE: StaticDuplicateObject took: (0.002280s)
[2020.04.28-10.31.47:322][108]LogAIModule: Creating AISystem for world TestMap
[2020.04.28-10.31.47:327][108]LogPlayLevel: PIE: World Init took: (0.005997s)
[2020.04.28-10.31.47:327][108]LogPlayLevel: PIE: Created PIE world by copying editor world from /Game/Maps/TestMap.TestMap to /Game/Maps/UEDPIE_0_TestMap.TestMap (0.008709s)
[2020.04.28-10.31.47:353][108]LogUObjectHash: Compacting FUObjectHashTables data took   1.21ms
[2020.04.28-10.31.47:354][108]LogAudioMixer: Display: Audio Mixer Platform Settings:
[2020.04.28-10.31.47:354][108]LogAudioMixer: Display: 	Sample Rate:						  48000
[2020.04.28-10.31.47:354][108]LogAudioMixer: Display: 	Callback Buffer Frame Size Requested: 1024
[2020.04.28-10.31.47:354][108]LogAudioMixer: Display: 	Callback Buffer Frame Size To Use:	  1024
[2020.04.28-10.31.47:354][108]LogAudioMixer: Display: 	Number of buffers to queue:			  2
[2020.04.28-10.31.47:354][108]LogAudioMixer: Display: 	Max Channels (voices):				  32
[2020.04.28-10.31.47:354][108]LogAudioMixer: Display: 	Number of Async Source Workers:		  0
[2020.04.28-10.31.47:354][108]LogAudio: Display: AudioDevice MaxSources: 32
[2020.04.28-10.31.47:355][108]LogAudio: Display: Using built-in audio occlusion.
[2020.04.28-10.31.47:355][108]LogAudioMixer: Display: Initializing audio mixer.
[2020.04.28-10.31.47:380][108]LogAudioMixer: Display: Audio Device Output Speaker Info:
[2020.04.28-10.31.47:380][108]LogAudioMixer: Display: Name: Speakers/Headphones (Realtek(R) Audio)
[2020.04.28-10.31.47:380][108]LogAudioMixer: Display: Is Default: Yes
[2020.04.28-10.31.47:380][108]LogAudioMixer: Display: Sample Rate: 48000
[2020.04.28-10.31.47:380][108]LogAudioMixer: Display: Channel Count Used: 2
[2020.04.28-10.31.47:380][108]LogAudioMixer: Display: Device Channel Count: 2
[2020.04.28-10.31.47:380][108]LogAudioMixer: Display: Channel Order:
[2020.04.28-10.31.47:380][108]LogAudioMixer: Display: 0: FrontLeft
[2020.04.28-10.31.47:381][108]LogAudioMixer: Display: 1: FrontRight
[2020.04.28-10.31.47:467][108]LogAudioMixer: Display: Using Audio Device Speakers/Headphones (Realtek(R) Audio)
[2020.04.28-10.31.47:469][108]LogInit: FAudioDevice initialized.
[2020.04.28-10.31.47:480][108]LogLoad: Game class is 'SurviveGameMode_C'
[2020.04.28-10.31.47:482][108]LogUnLua: == UNLUA_PRINT : WITH_UE4_NAMESPACE==false    
[2020.04.28-10.31.47:508][108]LogUnLua: Warning: Lua error message: D:/ouczbs/Survive/Content/Script/GamePlay\GP.lua:7: module 'GamePlay.World' not found:
	no field package.preload['GamePlay.World']
	no file 'C:\Program Files\Epic Games\UE_4.24\Engine\Binaries\Win64\lua\GamePlay\World.lua'
	no file 'C:\Program Files\Epic Games\UE_4.24\Engine\Binaries\Win64\lua\GamePlay\World\init.lua'
	no file 'C:\Program Files\Epic Games\UE_4.24\Engine\Binaries\Win64\GamePlay\World.lua'
	no file 'C:\Program Files\Epic Games\UE_4.24\Engine\Binaries\Win64\GamePlay\World\init.lua'
	no file 'C:\Program Files\Epic Games\UE_4.24\Engine\Binaries\Win64\..\share\lua\5.3\GamePlay\World.lua'
	no file 'C:\Program Files\Epic Games\UE_4.24\Engine\Binaries\Win64\..\share\lua\5.3\GamePlay\World\init.lua'
	no file '.\GamePlay\World.lua'
	no file '.\GamePlay\World\init.lua'
	no file 'D:/ouczbs/Survive/Content/Script/GamePlay\World.lua'
	no file 'C:\Program Files\Epic Games\UE_4.24\Engine\Binaries\Win64\GamePlay\World.dll'
	no file 'C:\Program Files\Epic Games\UE_4.24\Engine\Binaries\Win64\..\lib\lua\5.3\GamePlay\World.dll'
	no file 'C:\Program Files\Epic Games\UE_4.24\Engine\Binaries\Win64\loadall.dll'
	no file '.\GamePlay\World.dll'
	no file 'C:\Program Files\Epic Games\UE_4.24\Engine\Binaries\Win64\GamePlay.dll'
	no file 'C:\Program Files\Epic Games\UE_4.24\Engine\Binaries\Win64\..\lib\lua\5.3\GamePlay.dll'
	no file 'C:\Program Files\Epic Games\UE_4.24\Engine\Binaries\Win64\loadall.dll'
	no file '.\GamePlay.dll'
stack traceback:
	[C]: in function 'require'
	D:/ouczbs/Survive/Content/Script/GamePlay\GP.lua:7: in main chunk
	[C]: in function 'require'
	D:/ouczbs/Survive/Content/Script/World.lua:2: in main chunk
	[C]: in function 'require'
	D:/ouczbs/Survive/Content/Script/SurviveGameMode.lua:3: in main chunk
	[C]: in function 'require'
[2020.04.28-10.31.47:509][108]LogUnLua: Warning: Failed to attach SurviveGameMode module for object SurviveGameMode_C_0!
[2020.04.28-10.31.47:510][108]LogWorld: Bringing World /Game/Maps/UEDPIE_0_TestMap.TestMap up for play (max tick rate 0) at 2020.04.28-18.31.47
[2020.04.28-10.31.47:510][108]LogTemp: C++ InitGame
[2020.04.28-10.31.47:511][108]LogWorld: Bringing up level for play took: 0.000576
[2020.04.28-10.31.47:511][108]LogOnline: OSS: Creating online subsystem instance for: :Context_2
[2020.04.28-10.31.47:513][108]LogTemp: C++ StartPlay
[2020.04.28-10.31.47:514][108]LogTemp: C++ BeginPlay
[2020.04.28-10.31.47:514][108]LogBlueprintUserMessages: [SurviveGameMode_C_0] hello2222222222222222
[2020.04.28-10.31.47:514][108]PIE: /Game/Maps/UEDPIE_0_TestMap在编辑器中运行的起始时间-0.392
[2020.04.28-10.31.47:515][108]LogBlueprintUserMessages: Late PlayInEditor Detection: Level '/Game/Maps/TestMap.TestMap:PersistentLevel' has LevelScriptBlueprint '/Game/Maps/TestMap.TestMap:PersistentLevel.TestMap' with GeneratedClass '/Game/Maps/TestMap.TestMap_C' with ClassGeneratedBy '/Game/Maps/TestMap.TestMap:PersistentLevel.TestMap'
[2020.04.28-10.31.55:506][ 62]LogAudioMixer: Display: No commands were queued while flushing the source manager.
[2020.04.28-10.31.55:506][ 62]LogAudioMixer: Display: No commands were queued while flushing the source manager.
[2020.04.28-10.31.55:507][ 62]LogBlueprintUserMessages: Early EndPlayMap Detection: Level '/Game/Maps/TestMap.TestMap:PersistentLevel' has LevelScriptBlueprint '/Game/Maps/TestMap.TestMap:PersistentLevel.TestMap' with GeneratedClass '/Game/Maps/TestMap.TestMap_C' with ClassGeneratedBy '/Game/Maps/TestMap.TestMap:PersistentLevel.TestMap'
[2020.04.28-10.31.55:507][ 62]LogSlate: Updating window title bar state: overlay mode, drag disabled, window buttons hidden, title bar hidden
[2020.04.28-10.31.55:507][ 62]LogWorld: BeginTearingDown for /Game/Maps/UEDPIE_0_TestMap
[2020.04.28-10.31.55:507][ 62]LogAudioMixer: Display: No commands were queued while flushing the source manager.
[2020.04.28-10.31.55:507][ 62]LogTemp: C++ EndPlay
[2020.04.28-10.31.55:507][ 62]LogWorld: UWorld::CleanupWorld for TestMap, bSessionEnded=true, bCleanupResources=true
[2020.04.28-10.31.55:508][ 62]LogSlate: InvalidateAllWidgets triggered.  All widgets were invalidated
[2020.04.28-10.31.55:520][ 62]LogPlayLevel: Display: Shutting down PIE online subsystems
[2020.04.28-10.31.55:521][ 62]LogBlueprintUserMessages: Late EndPlayMap Detection: Level '/Game/Maps/TestMap.TestMap:PersistentLevel' has LevelScriptBlueprint '/Game/Maps/TestMap.TestMap:PersistentLevel.TestMap' with GeneratedClass '/Game/Maps/TestMap.TestMap_C' with ClassGeneratedBy '/Game/Maps/TestMap.TestMap:PersistentLevel.TestMap'
[2020.04.28-10.31.55:523][ 62]LogSlate: InvalidateAllWidgets triggered.  All widgets were invalidated
[2020.04.28-10.31.55:547][ 62]LogAudioMixer: Display: No commands were queued while flushing the source manager.
[2020.04.28-10.31.55:551][ 62]LogSlate: Updating window title bar state: overlay mode, drag disabled, window buttons hidden, title bar hidden
[2020.04.28-10.31.55:554][ 62]LogUObjectHash: Compacting FUObjectHashTables data took   1.19ms
[2020.04.28-10.31.55:646][ 64]LogPlayLevel: Display: Destroying online subsystem :Context_2
[2020.04.28-10.32.40:967][913]LogTemp: Repeating last play command: 选中的视口
[2020.04.28-10.32.40:976][913]LogBlueprintUserMessages: Early PlayInEditor Detection: Level '/Game/Maps/TestMap.TestMap:PersistentLevel' has LevelScriptBlueprint '/Game/Maps/TestMap.TestMap:PersistentLevel.TestMap' with GeneratedClass '/Game/Maps/TestMap.TestMap_C' with ClassGeneratedBy '/Game/Maps/TestMap.TestMap:PersistentLevel.TestMap'
[2020.04.28-10.32.40:977][913]LogPlayLevel: PlayLevel: No blueprints needed recompiling
[2020.04.28-10.32.40:977][913]PIE: New page: PIE会话：TestMap（2020年4月29日 上午2:32:40）
[2020.04.28-10.32.40:977][913]LogPlayLevel: Creating play world package: /Game/Maps/UEDPIE_0_TestMap
[2020.04.28-10.32.40:979][913]LogPlayLevel: PIE: StaticDuplicateObject took: (0.001625s)
[2020.04.28-10.32.40:979][913]LogAIModule: Creating AISystem for world TestMap
[2020.04.28-10.32.40:980][913]LogPlayLevel: PIE: World Init took: (0.000887s)
[2020.04.28-10.32.40:980][913]LogPlayLevel: PIE: Created PIE world by copying editor world from /Game/Maps/TestMap.TestMap to /Game/Maps/UEDPIE_0_TestMap.TestMap (0.002861s)
[2020.04.28-10.32.41:005][913]LogUObjectHash: Compacting FUObjectHashTables data took   1.18ms
[2020.04.28-10.32.41:006][913]LogAudioMixer: Display: Audio Mixer Platform Settings:
[2020.04.28-10.32.41:006][913]LogAudioMixer: Display: 	Sample Rate:						  48000
[2020.04.28-10.32.41:007][913]LogAudioMixer: Display: 	Callback Buffer Frame Size Requested: 1024
[2020.04.28-10.32.41:007][913]LogAudioMixer: Display: 	Callback Buffer Frame Size To Use:	  1024
[2020.04.28-10.32.41:007][913]LogAudioMixer: Display: 	Number of buffers to queue:			  2
[2020.04.28-10.32.41:007][913]LogAudioMixer: Display: 	Max Channels (voices):				  32
[2020.04.28-10.32.41:007][913]LogAudioMixer: Display: 	Number of Async Source Workers:		  0
[2020.04.28-10.32.41:007][913]LogAudio: Display: AudioDevice MaxSources: 32
[2020.04.28-10.32.41:008][913]LogAudio: Display: Using built-in audio occlusion.
[2020.04.28-10.32.41:008][913]LogAudioMixer: Display: Initializing audio mixer.
[2020.04.28-10.32.41:031][913]LogAudioMixer: Display: Audio Device Output Speaker Info:
[2020.04.28-10.32.41:031][913]LogAudioMixer: Display: Name: Speakers/Headphones (Realtek(R) Audio)
[2020.04.28-10.32.41:031][913]LogAudioMixer: Display: Is Default: Yes
[2020.04.28-10.32.41:031][913]LogAudioMixer: Display: Sample Rate: 48000
[2020.04.28-10.32.41:031][913]LogAudioMixer: Display: Channel Count Used: 2
[2020.04.28-10.32.41:031][913]LogAudioMixer: Display: Device Channel Count: 2
[2020.04.28-10.32.41:031][913]LogAudioMixer: Display: Channel Order:
[2020.04.28-10.32.41:031][913]LogAudioMixer: Display: 0: FrontLeft
[2020.04.28-10.32.41:032][913]LogAudioMixer: Display: 1: FrontRight
[2020.04.28-10.32.41:134][913]LogAudioMixer: Display: Using Audio Device Speakers/Headphones (Realtek(R) Audio)
[2020.04.28-10.32.41:137][913]LogInit: FAudioDevice initialized.
[2020.04.28-10.32.41:144][913]LogLoad: Game class is 'SurviveGameMode_C'
[2020.04.28-10.32.41:146][913]LogUnLua: == UNLUA_PRINT : WITH_UE4_NAMESPACE==false    
[2020.04.28-10.32.41:161][913]LogUnLua: Warning: Lua error message: D:/ouczbs/Survive/Content/Script/GamePlay\GP.lua:7: module 'GamePlay.World' not found:
	no field package.preload['GamePlay.World']
	no file 'C:\Program Files\Epic Games\UE_4.24\Engine\Binaries\Win64\lua\GamePlay\World.lua'
	no file 'C:\Program Files\Epic Games\UE_4.24\Engine\Binaries\Win64\lua\GamePlay\World\init.lua'
	no file 'C:\Program Files\Epic Games\UE_4.24\Engine\Binaries\Win64\GamePlay\World.lua'
	no file 'C:\Program Files\Epic Games\UE_4.24\Engine\Binaries\Win64\GamePlay\World\init.lua'
	no file 'C:\Program Files\Epic Games\UE_4.24\Engine\Binaries\Win64\..\share\lua\5.3\GamePlay\World.lua'
	no file 'C:\Program Files\Epic Games\UE_4.24\Engine\Binaries\Win64\..\share\lua\5.3\GamePlay\World\init.lua'
	no file '.\GamePlay\World.lua'
	no file '.\GamePlay\World\init.lua'
	no file 'D:/ouczbs/Survive/Content/Script/GamePlay\World.lua'
	no file 'C:\Program Files\Epic Games\UE_4.24\Engine\Binaries\Win64\GamePlay\World.dll'
	no file 'C:\Program Files\Epic Games\UE_4.24\Engine\Binaries\Win64\..\lib\lua\5.3\GamePlay\World.dll'
	no file 'C:\Program Files\Epic Games\UE_4.24\Engine\Binaries\Win64\loadall.dll'
	no file '.\GamePlay\World.dll'
	no file 'C:\Program Files\Epic Games\UE_4.24\Engine\Binaries\Win64\GamePlay.dll'
	no file 'C:\Program Files\Epic Games\UE_4.24\Engine\Binaries\Win64\..\lib\lua\5.3\GamePlay.dll'
	no file 'C:\Program Files\Epic Games\UE_4.24\Engine\Binaries\Win64\loadall.dll'
	no file '.\GamePlay.dll'
stack traceback:
	[C]: in function 'require'
	D:/ouczbs/Survive/Content/Script/GamePlay\GP.lua:7: in main chunk
	[C]: in function 'require'
	D:/ouczbs/Survive/Content/Script/World.lua:2: in main chunk
	[C]: in function 'require'
	D:/ouczbs/Survive/Content/Script/SurviveGameMode.lua:3: in main chunk
	[C]: in function 'require'
[2020.04.28-10.32.41:161][913]LogUnLua: Warning: Failed to attach SurviveGameMode module for object SurviveGameMode_C_0!
[2020.04.28-10.32.41:162][913]LogWorld: Bringing World /Game/Maps/UEDPIE_0_TestMap.TestMap up for play (max tick rate 0) at 2020.04.28-18.32.41
[2020.04.28-10.32.41:162][913]LogTemp: C++ InitGame
[2020.04.28-10.32.41:163][913]LogWorld: Bringing up level for play took: 0.000599
[2020.04.28-10.32.41:163][913]LogOnline: OSS: Creating online subsystem instance for: :Context_3
[2020.04.28-10.32.41:165][913]LogTemp: C++ StartPlay
[2020.04.28-10.32.41:166][913]LogTemp: C++ BeginPlay
[2020.04.28-10.32.41:166][913]LogBlueprintUserMessages: [SurviveGameMode_C_0] hello2222222222222222
[2020.04.28-10.32.41:166][913]PIE: /Game/Maps/UEDPIE_0_TestMap在编辑器中运行的起始时间-0.741
[2020.04.28-10.32.41:166][913]LogBlueprintUserMessages: Late PlayInEditor Detection: Level '/Game/Maps/TestMap.TestMap:PersistentLevel' has LevelScriptBlueprint '/Game/Maps/TestMap.TestMap:PersistentLevel.TestMap' with GeneratedClass '/Game/Maps/TestMap.TestMap_C' with ClassGeneratedBy '/Game/Maps/TestMap.TestMap:PersistentLevel.TestMap'
[2020.04.28-10.32.58:899][836]LogAudioMixer: Display: No commands were queued while flushing the source manager.
[2020.04.28-10.32.58:899][836]LogAudioMixer: Display: No commands were queued while flushing the source manager.
[2020.04.28-10.32.58:899][836]LogBlueprintUserMessages: Early EndPlayMap Detection: Level '/Game/Maps/TestMap.TestMap:PersistentLevel' has LevelScriptBlueprint '/Game/Maps/TestMap.TestMap:PersistentLevel.TestMap' with GeneratedClass '/Game/Maps/TestMap.TestMap_C' with ClassGeneratedBy '/Game/Maps/TestMap.TestMap:PersistentLevel.TestMap'
[2020.04.28-10.32.58:899][836]LogSlate: Updating window title bar state: overlay mode, drag disabled, window buttons hidden, title bar hidden
[2020.04.28-10.32.58:900][836]LogWorld: BeginTearingDown for /Game/Maps/UEDPIE_0_TestMap
[2020.04.28-10.32.58:900][836]LogAudioMixer: Display: No commands were queued while flushing the source manager.
[2020.04.28-10.32.58:900][836]LogTemp: C++ EndPlay
[2020.04.28-10.32.58:900][836]LogWorld: UWorld::CleanupWorld for TestMap, bSessionEnded=true, bCleanupResources=true
[2020.04.28-10.32.58:900][836]LogSlate: InvalidateAllWidgets triggered.  All widgets were invalidated
[2020.04.28-10.32.58:910][836]LogPlayLevel: Display: Shutting down PIE online subsystems
[2020.04.28-10.32.58:910][836]LogBlueprintUserMessages: Late EndPlayMap Detection: Level '/Game/Maps/TestMap.TestMap:PersistentLevel' has LevelScriptBlueprint '/Game/Maps/TestMap.TestMap:PersistentLevel.TestMap' with GeneratedClass '/Game/Maps/TestMap.TestMap_C' with ClassGeneratedBy '/Game/Maps/TestMap.TestMap:PersistentLevel.TestMap'
[2020.04.28-10.32.58:913][836]LogSlate: InvalidateAllWidgets triggered.  All widgets were invalidated
[2020.04.28-10.32.58:936][836]LogAudioMixer: Display: No commands were queued while flushing the source manager.
[2020.04.28-10.32.58:942][836]LogSlate: Updating window title bar state: overlay mode, drag disabled, window buttons hidden, title bar hidden
[2020.04.28-10.32.58:944][836]LogUObjectHash: Compacting FUObjectHashTables data took   1.14ms
[2020.04.28-10.32.59:005][843]LogPlayLevel: Display: Destroying online subsystem :Context_3
